Testing collection LEN=54 RATE=18 ALPHA=0.140 COLSIZE=61
Collection:
  0 *01000110110101100*00000000001000100*10010111011101001
  1 *01111100000010011*10010101110100101*01111110101000111
  2 *00111011010010000*11111101001100010*01101110101110110
  3 *00111100100111011*00000101110000111*10101111010100000
  4 *11101000010000001*11111101000011110*10000100001001000
  5 *11111110101101001*00001100011001001*00011001010000110
  6 *10000000001001000*10000001000111110*10011010100010100
  7 *10000001001001110*10111101111101000*11100000100101101
  8 *10111111101110101*00101010101110001*10001011000101110
  9 *01110100001100110*11010011110010100*00110010011110000
 10 *10101110111100011*11011101011111111*01000110100100001
 11 *11100011011110101*00001101000110011*01111011100001101
 12 *11111101111001101*00001101000011111*11011111111100111
 13 *11000100011000100*11110111111001110*00000000011001001
 14 *11001000001011110*01110000011101111*00011010000000001
 15 *00110101111110011*10100111111110110*11000001111100101
 16 *10101111100010011*01110110110110000*01110010000010011
 17 *10001000000010101*01000011111101110*10011010011011111
 18 *00010000100011101*00000000100100000*10111011011110100
 19 *01100111100011111*00100010100000000*01000110110011000
 20 *10110100001000111*10000111011110000*10001111001111011
 21 *10000101001011011*10110011111000110*10111011000010001
 22 *01011111110101111*11111000001111010*10111111000111110
 23 *00101101110000001*01010111011110000*11010101001110001
 24 *11111100101100010*10101010011101000*01000000011101101
 25 *11010000101100001*01111110000000001*11111110000001110
 26 *00111011111010000*00100111101101110*11000111111101100
 27 *11110010010000010*01100111100111111*10000001111001100
 28 *01010110011001111*11011110010111101*01000000000010111
 29 *00111011111111101*10111101100110010*01111000000000000
 30 *11111111001001011*00000110000111101*11111111001100000
 31 *00101011001111110*01010100001010010*01101011111111110
 32 *10011111000011100*00110111110000000*00101010010010010
 33 *10101010000111101*01010000000000010*00000001000000010
 34 *01101101101110000*11001011001010000*01000001011111111
 35 *01010010001001101*00000101011111110*01000010000111111
 36 *01100100001011100*01111000100100011*00010000100111001
 37 *01011000000111100*00011010001110100*10011111001000001
 38 *01010000111110111*00010001111100001*11100110011010010
 39 *00000111100011100*10101011010001100*10101111000110111
 40 *11111011111000000*01000011100000001*11111101100100010
 41 *01010101110100001*11011111111010110*01100001000110000
 42 *00010101010001110*00111010001111111*00001111101001111
 43 *11000101100000100*00001101011111110*01111011111101000
 44 *10010110000010000*00000011011101000*10010010111010011
 45 *10011011100111001*01100010000010000*00000011111010001
 46 *00111100011110010*11100000010100011*00111100000101100
 47 *11101110011011011*00100011111111001*11011001101111101
 48 *00011110100110001*01011100111101110*00000111011110111
 49 *10001011001010010*11111111100000011*11100111100110100
 50 *00000110101110001*00000110111010000*11111111111110101
 51 *01010111110100101*11111000101101000*01001000000100011
 52 *10110100101111011*11001111100010111*00011100011111000
 53 *01010010110000000*01110111001111111*11110100111001011
 54 *01100010011111111*10000111110101101*00010111111010110
 55 *10011101111111110*00000000101010100*11111010001111001
 56 *10011100001011100*11111001000010010*00001111110110011
 57 *01100011101000111*00010001100011111*01110010110110001
 58 *00111000010011111*11010111110000001*01111100110011110
 59 *10101010101111101*10010000000110000*11110001010001001
 60 *00010000011101110*01110000001010001*10010100110001111
Testing properties:
Prop 2: cycles done 0 61 61
Prop 2: cycles done 1 61 61
Prop 2: cycles done 2 61 61
Prop 2: cycles done 3 61 61
Prop 2: cycles done 4 61 61
Prop 2: cycles done 5 61 61
Prop 2: cycles done 6 61 61
Prop 2: cycles done 7 61 61
Prop 2: cycles done 8 61 61
Prop 2: cycles done 9 61 61
Prop 2: cycles done 10 61 61
Prop 2: cycles done 11 61 61
Prop 2: cycles done 12 61 61
Prop 2: cycles done 13 61 61
Prop 2: cycles done 14 61 61
Prop 2: cycles done 15 61 61
Prop 2: cycles done 16 61 61
Prop 2: cycles done 17 61 61
Prop 2: cycles done 18 61 61
Prop 2: cycles done 19 61 61
Prop 2: cycles done 20 61 61
Prop 2: cycles done 21 61 61
Prop 2: cycles done 22 61 61
Prop 2: cycles done 23 61 61
Prop 2: cycles done 24 61 61
Prop 2: cycles done 25 61 61
Prop 2: cycles done 26 61 61
Prop 2: cycles done 27 61 61
Prop 2: cycles done 28 61 61
Prop 2: cycles done 29 61 61
Prop 2: cycles done 30 61 61
Prop 2: cycles done 31 61 61
Prop 2: cycles done 32 61 61
Prop 2: cycles done 33 61 61
Prop 2: cycles done 34 61 61
Prop 2: cycles done 35 61 61
Prop 2: cycles done 36 61 61
Prop 2: cycles done 37 61 61
Prop 2: cycles done 38 61 61
Prop 2: cycles done 39 61 61
Prop 2: cycles done 40 61 61
Prop 2: cycles done 41 61 61
Prop 2: cycles done 42 61 61
Prop 2: cycles done 43 61 61
Prop 2: cycles done 44 61 61
Prop 2: cycles done 45 61 61
Prop 2: cycles done 46 61 61
Prop 2: cycles done 47 61 61
Prop 2: cycles done 48 61 61
Prop 2: cycles done 49 61 61
Prop 2: cycles done 50 61 61
Prop 2: cycles done 51 61 61
Prop 2: cycles done 52 61 61
Prop 2: cycles done 53 61 61
Prop 2: cycles done 54 61 61
Prop 2: cycles done 55 61 61
Prop 2: cycles done 56 61 61
Prop 2: cycles done 57 61 61
Prop 2: cycles done 58 61 61
Prop 2: cycles done 59 61 61
Prop 2: cycles done 60 61 61
Testing prop 2 done
Prop 4: cycles done 0 61 61
Prop 4: cycles done 1 61 61
Prop 4: cycles done 2 61 61
Prop 4: cycles done 3 61 61
Prop 4: cycles done 4 61 61
Prop 4: cycles done 5 61 61
Prop 4: cycles done 6 61 61
Prop 4: cycles done 7 61 61
Prop 4: cycles done 8 61 61
Prop 4: cycles done 9 61 61
Prop 4: cycles done 10 61 61
Prop 4: cycles done 11 61 61
Prop 4: cycles done 12 61 61
Prop 4: cycles done 13 61 61
Prop 4: cycles done 14 61 61
Prop 4: cycles done 15 61 61
Prop 4: cycles done 16 61 61
Prop 4: cycles done 17 61 61
Prop 4: cycles done 18 61 61
Prop 4: cycles done 19 61 61
Prop 4: cycles done 20 61 61
Prop 4: cycles done 21 61 61
Prop 4: cycles done 22 61 61
Prop 4: cycles done 23 61 61
Prop 4: cycles done 24 61 61
Prop 4: cycles done 25 61 61
Prop 4: cycles done 26 61 61
Prop 4: cycles done 27 61 61
Prop 4: cycles done 28 61 61
Prop 4: cycles done 29 61 61
Prop 4: cycles done 30 61 61
Prop 4: cycles done 31 61 61
Prop 4: cycles done 32 61 61
Prop 4: cycles done 33 61 61
Prop 4: cycles done 34 61 61
Prop 4: cycles done 35 61 61
Prop 4: cycles done 36 61 61
Prop 4: cycles done 37 61 61
Prop 4: cycles done 38 61 61
Prop 4: cycles done 39 61 61
Prop 4: cycles done 40 61 61
Prop 4: cycles done 41 61 61
Prop 4: cycles done 42 61 61
Prop 4: cycles done 43 61 61
Prop 4: cycles done 44 61 61
Prop 4: cycles done 45 61 61
Prop 4: cycles done 46 61 61
Prop 4: cycles done 47 61 61
Prop 4: cycles done 48 61 61
Prop 4: cycles done 49 61 61
Prop 4: cycles done 50 61 61
Prop 4: cycles done 51 61 61
Prop 4: cycles done 52 61 61
Prop 4: cycles done 53 61 61
Prop 4: cycles done 54 61 61
Prop 4: cycles done 55 61 61
Prop 4: cycles done 56 61 61
Prop 4: cycles done 57 61 61
Prop 4: cycles done 58 61 61
Prop 4: cycles done 59 61 61
Prop 4: cycles done 60 61 61
Testing prop 4 done
Prop 3b: cycles done 0 61 61
Prop 3b: cycles done 1 61 61
Prop 3b: cycles done 2 61 61
Prop 3b: cycles done 3 61 61
Prop 3b: cycles done 4 61 61
Prop 3b: cycles done 5 61 61
Prop 3b: cycles done 6 61 61
Prop 3b: cycles done 7 61 61
Prop 3b: cycles done 8 61 61
Prop 3b: cycles done 9 61 61
Prop 3b: cycles done 10 61 61
Prop 3b: cycles done 11 61 61
Prop 3b: cycles done 12 61 61
Prop 3b: cycles done 13 61 61
Prop 3b: cycles done 14 61 61
Prop 3b: cycles done 15 61 61
Prop 3b: cycles done 16 61 61
Prop 3b: cycles done 17 61 61
Prop 3b: cycles done 18 61 61
Prop 3b: cycles done 19 61 61
Prop 3b: cycles done 20 61 61
Prop 3b: cycles done 21 61 61
Prop 3b: cycles done 22 61 61
Prop 3b: cycles done 23 61 61
Prop 3b: cycles done 24 61 61
Prop 3b: cycles done 25 61 61
Prop 3b: cycles done 26 61 61
Prop 3b: cycles done 27 61 61
Prop 3b: cycles done 28 61 61
Prop 3b: cycles done 29 61 61
Prop 3b: cycles done 30 61 61
Prop 3b: cycles done 31 61 61
Prop 3b: cycles done 32 61 61
Prop 3b: cycles done 33 61 61
Prop 3b: cycles done 34 61 61
Prop 3b: cycles done 35 61 61
Prop 3b: cycles done 36 61 61
Prop 3b: cycles done 37 61 61
Prop 3b: cycles done 38 61 61
Prop 3b: cycles done 39 61 61
Prop 3b: cycles done 40 61 61
Prop 3b: cycles done 41 61 61
Prop 3b: cycles done 42 61 61
Prop 3b: cycles done 43 61 61
Prop 3b: cycles done 44 61 61
Prop 3b: cycles done 45 61 61
Prop 3b: cycles done 46 61 61
Prop 3b: cycles done 47 61 61
Prop 3b: cycles done 48 61 61
Prop 3b: cycles done 49 61 61
Prop 3b: cycles done 50 61 61
Prop 3b: cycles done 51 61 61
Prop 3b: cycles done 52 61 61
Prop 3b: cycles done 53 61 61
Prop 3b: cycles done 54 61 61
Prop 3b: cycles done 55 61 61
Prop 3b: cycles done 56 61 61
Problem Prop 3b1: [24,85] vs [1,54] ED*NS=7  thr=7.560000
      001100011111*01110010110110001*11101110011011011*001000111111
  vs  *01100011101000111*00010001100011111*01110010110110001
|   57 *01100011101000111*00010001100011111*01110010110110001
|   47 *11101110011011011*00100011111111001*11011001101111101
+-   0 *01000110110101100*00000000001000100*10010111011101001
Problem Prop 3b1: [24,85] vs [1,54] ED*NS=7  thr=7.560000
      001100011111*01110010110110001*11101110011011011*001000111111
  vs  *01100011101000111*00010001100011111*01110010110110001
|   57 *01100011101000111*00010001100011111*01110010110110001
|   47 *11101110011011011*00100011111111001*11011001101111101
+-   1 *01111100000010011*10010101110100101*01111110101000111
Problem Prop 3b1: [24,85] vs [1,54] ED*NS=7  thr=7.560000
      001100011111*01110010110110001*11101110011011011*001000111111
  vs  *01100011101000111*00010001100011111*01110010110110001
|   57 *01100011101000111*00010001100011111*01110010110110001
|   47 *11101110011011011*00100011111111001*11011001101111101
+-   2 *00111011010010000*11111101001100010*01101110101110110
Problem Prop 3b1: [24,85] vs [1,54] ED*NS=7  thr=7.560000
      001100011111*01110010110110001*11101110011011011*001000111111
  vs  *01100011101000111*00010001100011111*01110010110110001
|   57 *01100011101000111*00010001100011111*01110010110110001
|   47 *11101110011011011*00100011111111001*11011001101111101
+-   3 *00111100100111011*00000101110000111*10101111010100000
Problem Prop 3b1: [24,85] vs [1,54] ED*NS=7  thr=7.560000
      001100011111*01110010110110001*11101110011011011*001000111111
  vs  *01100011101000111*00010001100011111*01110010110110001
|   57 *01100011101000111*00010001100011111*01110010110110001
|   47 *11101110011011011*00100011111111001*11011001101111101
+-   4 *11101000010000001*11111101000011110*10000100001001000
Problem Prop 3b1: [24,85] vs [1,54] ED*NS=7  thr=7.560000
      001100011111*01110010110110001*11101110011011011*001000111111
  vs  *01100011101000111*00010001100011111*01110010110110001
|   57 *01100011101000111*00010001100011111*01110010110110001
|   47 *11101110011011011*00100011111111001*11011001101111101
+-   5 *11111110101101001*00001100011001001*00011001010000110
Problem Prop 3b1: [24,85] vs [1,54] ED*NS=7  thr=7.560000
      001100011111*01110010110110001*11101110011011011*001000111111
  vs  *01100011101000111*00010001100011111*01110010110110001
|   57 *01100011101000111*00010001100011111*01110010110110001
|   47 *11101110011011011*00100011111111001*11011001101111101
+-   6 *10000000001001000*10000001000111110*10011010100010100
Problem Prop 3b1: [24,85] vs [1,54] ED*NS=7  thr=7.560000
      001100011111*01110010110110001*11101110011011011*001000111111
  vs  *01100011101000111*00010001100011111*01110010110110001
|   57 *01100011101000111*00010001100011111*01110010110110001
|   47 *11101110011011011*00100011111111001*11011001101111101
+-   7 *10000001001001110*10111101111101000*11100000100101101
Problem Prop 3b1: [24,85] vs [1,54] ED*NS=7  thr=7.560000
      001100011111*01110010110110001*11101110011011011*001000111111
  vs  *01100011101000111*00010001100011111*01110010110110001
|   57 *01100011101000111*00010001100011111*01110010110110001
|   47 *11101110011011011*00100011111111001*11011001101111101
+-   8 *10111111101110101*00101010101110001*10001011000101110
Problem Prop 3b1: [24,85] vs [1,54] ED*NS=7  thr=7.560000
      001100011111*01110010110110001*11101110011011011*001000111111
  vs  *01100011101000111*00010001100011111*01110010110110001
|   57 *01100011101000111*00010001100011111*01110010110110001
|   47 *11101110011011011*00100011111111001*11011001101111101
+-   9 *01110100001100110*11010011110010100*00110010011110000
Problem Prop 3b1: [24,85] vs [1,54] ED*NS=7  thr=7.560000
      001100011111*01110010110110001*11101110011011011*001000111111
  vs  *01100011101000111*00010001100011111*01110010110110001
|   57 *01100011101000111*00010001100011111*01110010110110001
|   47 *11101110011011011*00100011111111001*11011001101111101
+-  10 *10101110111100011*11011101011111111*01000110100100001
Problem Prop 3b1: [24,85] vs [1,54] ED*NS=7  thr=7.560000
      001100011111*01110010110110001*11101110011011011*001000111111
  vs  *01100011101000111*00010001100011111*01110010110110001
|   57 *01100011101000111*00010001100011111*01110010110110001
|   47 *11101110011011011*00100011111111001*11011001101111101
+-  11 *11100011011110101*00001101000110011*01111011100001101
Problem Prop 3b1: [24,85] vs [1,54] ED*NS=7  thr=7.560000
      001100011111*01110010110110001*11101110011011011*001000111111
  vs  *01100011101000111*00010001100011111*01110010110110001
|   57 *01100011101000111*00010001100011111*01110010110110001
|   47 *11101110011011011*00100011111111001*11011001101111101
+-  12 *11111101111001101*00001101000011111*11011111111100111
Problem Prop 3b1: [24,85] vs [1,54] ED*NS=7  thr=7.560000
      001100011111*01110010110110001*11101110011011011*001000111111
  vs  *01100011101000111*00010001100011111*01110010110110001
|   57 *01100011101000111*00010001100011111*01110010110110001
|   47 *11101110011011011*00100011111111001*11011001101111101
+-  13 *11000100011000100*11110111111001110*00000000011001001
Problem Prop 3b1: [24,85] vs [1,54] ED*NS=7  thr=7.560000
      001100011111*01110010110110001*11101110011011011*001000111111
  vs  *01100011101000111*00010001100011111*01110010110110001
|   57 *01100011101000111*00010001100011111*01110010110110001
|   47 *11101110011011011*00100011111111001*11011001101111101
+-  14 *11001000001011110*01110000011101111*00011010000000001
Problem Prop 3b1: [24,85] vs [1,54] ED*NS=7  thr=7.560000
      001100011111*01110010110110001*11101110011011011*001000111111
  vs  *01100011101000111*00010001100011111*01110010110110001
|   57 *01100011101000111*00010001100011111*01110010110110001
|   47 *11101110011011011*00100011111111001*11011001101111101
+-  15 *00110101111110011*10100111111110110*11000001111100101
Problem Prop 3b1: [24,85] vs [1,54] ED*NS=7  thr=7.560000
      001100011111*01110010110110001*11101110011011011*001000111111
  vs  *01100011101000111*00010001100011111*01110010110110001
|   57 *01100011101000111*00010001100011111*01110010110110001
|   47 *11101110011011011*00100011111111001*11011001101111101
+-  16 *10101111100010011*01110110110110000*01110010000010011
Problem Prop 3b1: [24,85] vs [1,54] ED*NS=7  thr=7.560000
      001100011111*01110010110110001*11101110011011011*001000111111
  vs  *01100011101000111*00010001100011111*01110010110110001
|   57 *01100011101000111*00010001100011111*01110010110110001
|   47 *11101110011011011*00100011111111001*11011001101111101
+-  17 *10001000000010101*01000011111101110*10011010011011111
Problem Prop 3b1: [24,85] vs [1,54] ED*NS=7  thr=7.560000
      001100011111*01110010110110001*11101110011011011*001000111111
  vs  *01100011101000111*00010001100011111*01110010110110001
|   57 *01100011101000111*00010001100011111*01110010110110001
|   47 *11101110011011011*00100011111111001*11011001101111101
+-  18 *00010000100011101*00000000100100000*10111011011110100
Problem Prop 3b1: [24,85] vs [1,54] ED*NS=7  thr=7.560000
      001100011111*01110010110110001*11101110011011011*001000111111
  vs  *01100011101000111*00010001100011111*01110010110110001
|   57 *01100011101000111*00010001100011111*01110010110110001
|   47 *11101110011011011*00100011111111001*11011001101111101
+-  19 *01100111100011111*00100010100000000*01000110110011000
Problem Prop 3b1: [24,85] vs [1,54] ED*NS=7  thr=7.560000
      001100011111*01110010110110001*11101110011011011*001000111111
  vs  *01100011101000111*00010001100011111*01110010110110001
|   57 *01100011101000111*00010001100011111*01110010110110001
|   47 *11101110011011011*00100011111111001*11011001101111101
+-  20 *10110100001000111*10000111011110000*10001111001111011
Problem Prop 3b1: [24,85] vs [1,54] ED*NS=7  thr=7.560000
      001100011111*01110010110110001*11101110011011011*001000111111
  vs  *01100011101000111*00010001100011111*01110010110110001
|   57 *01100011101000111*00010001100011111*01110010110110001
|   47 *11101110011011011*00100011111111001*11011001101111101
+-  21 *10000101001011011*10110011111000110*10111011000010001
Problem Prop 3b1: [24,85] vs [1,54] ED*NS=7  thr=7.560000
      001100011111*01110010110110001*11101110011011011*001000111111
  vs  *01100011101000111*00010001100011111*01110010110110001
|   57 *01100011101000111*00010001100011111*01110010110110001
|   47 *11101110011011011*00100011111111001*11011001101111101
+-  22 *01011111110101111*11111000001111010*10111111000111110
Problem Prop 3b1: [24,85] vs [1,54] ED*NS=7  thr=7.560000
      001100011111*01110010110110001*11101110011011011*001000111111
  vs  *01100011101000111*00010001100011111*01110010110110001
|   57 *01100011101000111*00010001100011111*01110010110110001
|   47 *11101110011011011*00100011111111001*11011001101111101
+-  23 *00101101110000001*01010111011110000*11010101001110001
Problem Prop 3b1: [24,85] vs [1,54] ED*NS=7  thr=7.560000
      001100011111*01110010110110001*11101110011011011*001000111111
  vs  *01100011101000111*00010001100011111*01110010110110001
|   57 *01100011101000111*00010001100011111*01110010110110001
|   47 *11101110011011011*00100011111111001*11011001101111101
+-  24 *11111100101100010*10101010011101000*01000000011101101
Problem Prop 3b1: [24,85] vs [1,54] ED*NS=7  thr=7.560000
      001100011111*01110010110110001*11101110011011011*001000111111
  vs  *01100011101000111*00010001100011111*01110010110110001
|   57 *01100011101000111*00010001100011111*01110010110110001
|   47 *11101110011011011*00100011111111001*11011001101111101
+-  25 *11010000101100001*01111110000000001*11111110000001110
Problem Prop 3b1: [24,85] vs [1,54] ED*NS=7  thr=7.560000
      001100011111*01110010110110001*11101110011011011*001000111111
  vs  *01100011101000111*00010001100011111*01110010110110001
|   57 *01100011101000111*00010001100011111*01110010110110001
|   47 *11101110011011011*00100011111111001*11011001101111101
+-  26 *00111011111010000*00100111101101110*11000111111101100
Problem Prop 3b1: [24,85] vs [1,54] ED*NS=7  thr=7.560000
      001100011111*01110010110110001*11101110011011011*001000111111
  vs  *01100011101000111*00010001100011111*01110010110110001
|   57 *01100011101000111*00010001100011111*01110010110110001
|   47 *11101110011011011*00100011111111001*11011001101111101
+-  27 *11110010010000010*01100111100111111*10000001111001100
Problem Prop 3b1: [24,85] vs [1,54] ED*NS=7  thr=7.560000
      001100011111*01110010110110001*11101110011011011*001000111111
  vs  *01100011101000111*00010001100011111*01110010110110001
|   57 *01100011101000111*00010001100011111*01110010110110001
|   47 *11101110011011011*00100011111111001*11011001101111101
+-  28 *01010110011001111*11011110010111101*01000000000010111
Problem Prop 3b1: [24,85] vs [1,54] ED*NS=7  thr=7.560000
      001100011111*01110010110110001*11101110011011011*001000111111
  vs  *01100011101000111*00010001100011111*01110010110110001
|   57 *01100011101000111*00010001100011111*01110010110110001
|   47 *11101110011011011*00100011111111001*11011001101111101
+-  29 *00111011111111101*10111101100110010*01111000000000000
Problem Prop 3b1: [24,85] vs [1,54] ED*NS=7  thr=7.560000
      001100011111*01110010110110001*11101110011011011*001000111111
  vs  *01100011101000111*00010001100011111*01110010110110001
|   57 *01100011101000111*00010001100011111*01110010110110001
|   47 *11101110011011011*00100011111111001*11011001101111101
+-  30 *11111111001001011*00000110000111101*11111111001100000
Problem Prop 3b1: [24,85] vs [1,54] ED*NS=7  thr=7.560000
      001100011111*01110010110110001*11101110011011011*001000111111
  vs  *01100011101000111*00010001100011111*01110010110110001
|   57 *01100011101000111*00010001100011111*01110010110110001
|   47 *11101110011011011*00100011111111001*11011001101111101
+-  31 *00101011001111110*01010100001010010*01101011111111110
Problem Prop 3b1: [24,85] vs [1,54] ED*NS=7  thr=7.560000
      001100011111*01110010110110001*11101110011011011*001000111111
  vs  *01100011101000111*00010001100011111*01110010110110001
|   57 *01100011101000111*00010001100011111*01110010110110001
|   47 *11101110011011011*00100011111111001*11011001101111101
+-  32 *10011111000011100*00110111110000000*00101010010010010
Problem Prop 3b1: [24,85] vs [1,54] ED*NS=7  thr=7.560000
      001100011111*01110010110110001*11101110011011011*001000111111
  vs  *01100011101000111*00010001100011111*01110010110110001
|   57 *01100011101000111*00010001100011111*01110010110110001
|   47 *11101110011011011*00100011111111001*11011001101111101
+-  33 *10101010000111101*01010000000000010*00000001000000010
Problem Prop 3b1: [24,85] vs [1,54] ED*NS=7  thr=7.560000
      001100011111*01110010110110001*11101110011011011*001000111111
  vs  *01100011101000111*00010001100011111*01110010110110001
|   57 *01100011101000111*00010001100011111*01110010110110001
|   47 *11101110011011011*00100011111111001*11011001101111101
+-  34 *01101101101110000*11001011001010000*01000001011111111
Problem Prop 3b1: [24,85] vs [1,54] ED*NS=7  thr=7.560000
      001100011111*01110010110110001*11101110011011011*001000111111
  vs  *01100011101000111*00010001100011111*01110010110110001
|   57 *01100011101000111*00010001100011111*01110010110110001
|   47 *11101110011011011*00100011111111001*11011001101111101
+-  35 *01010010001001101*00000101011111110*01000010000111111
Problem Prop 3b1: [24,85] vs [1,54] ED*NS=7  thr=7.560000
      001100011111*01110010110110001*11101110011011011*001000111111
  vs  *01100011101000111*00010001100011111*01110010110110001
|   57 *01100011101000111*00010001100011111*01110010110110001
|   47 *11101110011011011*00100011111111001*11011001101111101
+-  36 *01100100001011100*01111000100100011*00010000100111001
Problem Prop 3b1: [24,85] vs [1,54] ED*NS=7  thr=7.560000
      001100011111*01110010110110001*11101110011011011*001000111111
  vs  *01100011101000111*00010001100011111*01110010110110001
|   57 *01100011101000111*00010001100011111*01110010110110001
|   47 *11101110011011011*00100011111111001*11011001101111101
+-  37 *01011000000111100*00011010001110100*10011111001000001
Problem Prop 3b1: [24,85] vs [1,54] ED*NS=7  thr=7.560000
      001100011111*01110010110110001*11101110011011011*001000111111
  vs  *01100011101000111*00010001100011111*01110010110110001
|   57 *01100011101000111*00010001100011111*01110010110110001
|   47 *11101110011011011*00100011111111001*11011001101111101
+-  38 *01010000111110111*00010001111100001*11100110011010010
Problem Prop 3b1: [24,85] vs [1,54] ED*NS=7  thr=7.560000
      001100011111*01110010110110001*11101110011011011*001000111111
  vs  *01100011101000111*00010001100011111*01110010110110001
|   57 *01100011101000111*00010001100011111*01110010110110001
|   47 *11101110011011011*00100011111111001*11011001101111101
+-  39 *00000111100011100*10101011010001100*10101111000110111
Problem Prop 3b1: [24,85] vs [1,54] ED*NS=7  thr=7.560000
      001100011111*01110010110110001*11101110011011011*001000111111
  vs  *01100011101000111*00010001100011111*01110010110110001
|   57 *01100011101000111*00010001100011111*01110010110110001
|   47 *11101110011011011*00100011111111001*11011001101111101
+-  40 *11111011111000000*01000011100000001*11111101100100010
Problem Prop 3b1: [24,85] vs [1,54] ED*NS=7  thr=7.560000
      001100011111*01110010110110001*11101110011011011*001000111111
  vs  *01100011101000111*00010001100011111*01110010110110001
|   57 *01100011101000111*00010001100011111*01110010110110001
|   47 *11101110011011011*00100011111111001*11011001101111101
+-  41 *01010101110100001*11011111111010110*01100001000110000
Problem Prop 3b1: [24,85] vs [1,54] ED*NS=7  thr=7.560000
      001100011111*01110010110110001*11101110011011011*001000111111
  vs  *01100011101000111*00010001100011111*01110010110110001
|   57 *01100011101000111*00010001100011111*01110010110110001
|   47 *11101110011011011*00100011111111001*11011001101111101
+-  42 *00010101010001110*00111010001111111*00001111101001111
Problem Prop 3b1: [24,85] vs [1,54] ED*NS=7  thr=7.560000
      001100011111*01110010110110001*11101110011011011*001000111111
  vs  *01100011101000111*00010001100011111*01110010110110001
|   57 *01100011101000111*00010001100011111*01110010110110001
|   47 *11101110011011011*00100011111111001*11011001101111101
+-  43 *11000101100000100*00001101011111110*01111011111101000
Problem Prop 3b1: [24,85] vs [1,54] ED*NS=7  thr=7.560000
      001100011111*01110010110110001*11101110011011011*001000111111
  vs  *01100011101000111*00010001100011111*01110010110110001
|   57 *01100011101000111*00010001100011111*01110010110110001
|   47 *11101110011011011*00100011111111001*11011001101111101
+-  44 *10010110000010000*00000011011101000*10010010111010011
Problem Prop 3b1: [24,85] vs [1,54] ED*NS=7  thr=7.560000
      001100011111*01110010110110001*11101110011011011*001000111111
  vs  *01100011101000111*00010001100011111*01110010110110001
|   57 *01100011101000111*00010001100011111*01110010110110001
|   47 *11101110011011011*00100011111111001*11011001101111101
+-  45 *10011011100111001*01100010000010000*00000011111010001
Problem Prop 3b1: [24,85] vs [1,54] ED*NS=7  thr=7.560000
      001100011111*01110010110110001*11101110011011011*001000111111
  vs  *01100011101000111*00010001100011111*01110010110110001
|   57 *01100011101000111*00010001100011111*01110010110110001
|   47 *11101110011011011*00100011111111001*11011001101111101
+-  46 *00111100011110010*11100000010100011*00111100000101100
Problem Prop 3b1: [24,85] vs [1,54] ED*NS=7  thr=7.560000
      001100011111*01110010110110001*11101110011011011*001000111111
  vs  *01100011101000111*00010001100011111*01110010110110001
|   57 *01100011101000111*00010001100011111*01110010110110001
|   47 *11101110011011011*00100011111111001*11011001101111101
+-  48 *00011110100110001*01011100111101110*00000111011110111
Problem Prop 3b1: [24,85] vs [1,54] ED*NS=7  thr=7.560000
      001100011111*01110010110110001*11101110011011011*001000111111
  vs  *01100011101000111*00010001100011111*01110010110110001
|   57 *01100011101000111*00010001100011111*01110010110110001
|   47 *11101110011011011*00100011111111001*11011001101111101
+-  49 *10001011001010010*11111111100000011*11100111100110100
Problem Prop 3b1: [24,85] vs [1,54] ED*NS=7  thr=7.560000
      001100011111*01110010110110001*11101110011011011*001000111111
  vs  *01100011101000111*00010001100011111*01110010110110001
|   57 *01100011101000111*00010001100011111*01110010110110001
|   47 *11101110011011011*00100011111111001*11011001101111101
+-  50 *00000110101110001*00000110111010000*11111111111110101
Problem Prop 3b1: [24,85] vs [1,54] ED*NS=7  thr=7.560000
      001100011111*01110010110110001*11101110011011011*001000111111
  vs  *01100011101000111*00010001100011111*01110010110110001
|   57 *01100011101000111*00010001100011111*01110010110110001
|   47 *11101110011011011*00100011111111001*11011001101111101
+-  51 *01010111110100101*11111000101101000*01001000000100011
Problem Prop 3b1: [24,85] vs [1,54] ED*NS=7  thr=7.560000
      001100011111*01110010110110001*11101110011011011*001000111111
  vs  *01100011101000111*00010001100011111*01110010110110001
|   57 *01100011101000111*00010001100011111*01110010110110001
|   47 *11101110011011011*00100011111111001*11011001101111101
+-  52 *10110100101111011*11001111100010111*00011100011111000
Problem Prop 3b1: [24,85] vs [1,54] ED*NS=7  thr=7.560000
      001100011111*01110010110110001*11101110011011011*001000111111
  vs  *01100011101000111*00010001100011111*01110010110110001
|   57 *01100011101000111*00010001100011111*01110010110110001
|   47 *11101110011011011*00100011111111001*11011001101111101
+-  53 *01010010110000000*01110111001111111*11110100111001011
Problem Prop 3b1: [24,85] vs [1,54] ED*NS=7  thr=7.560000
      001100011111*01110010110110001*11101110011011011*001000111111
  vs  *01100011101000111*00010001100011111*01110010110110001
|   57 *01100011101000111*00010001100011111*01110010110110001
|   47 *11101110011011011*00100011111111001*11011001101111101
+-  54 *01100010011111111*10000111110101101*00010111111010110
Problem Prop 3b1: [24,85] vs [1,54] ED*NS=7  thr=7.560000
      001100011111*01110010110110001*11101110011011011*001000111111
  vs  *01100011101000111*00010001100011111*01110010110110001
|   57 *01100011101000111*00010001100011111*01110010110110001
|   47 *11101110011011011*00100011111111001*11011001101111101
+-  55 *10011101111111110*00000000101010100*11111010001111001
Problem Prop 3b1: [24,85] vs [1,54] ED*NS=7  thr=7.560000
      001100011111*01110010110110001*11101110011011011*001000111111
  vs  *01100011101000111*00010001100011111*01110010110110001
|   57 *01100011101000111*00010001100011111*01110010110110001
|   47 *11101110011011011*00100011111111001*11011001101111101
+-  56 *10011100001011100*11111001000010010*00001111110110011
Problem Prop 3b1: [24,85] vs [1,54] ED*NS=7  thr=7.560000
      001100011111*01110010110110001*11101110011011011*001000111111
  vs  *01100011101000111*00010001100011111*01110010110110001
|   57 *01100011101000111*00010001100011111*01110010110110001
|   47 *11101110011011011*00100011111111001*11011001101111101
+-  58 *00111000010011111*11010111110000001*01111100110011110
Problem Prop 3b1: [24,85] vs [1,54] ED*NS=7  thr=7.560000
      001100011111*01110010110110001*11101110011011011*001000111111
  vs  *01100011101000111*00010001100011111*01110010110110001
|   57 *01100011101000111*00010001100011111*01110010110110001
|   47 *11101110011011011*00100011111111001*11011001101111101
+-  59 *10101010101111101*10010000000110000*11110001010001001
Problem Prop 3b1: [24,85] vs [1,54] ED*NS=7  thr=7.560000
      001100011111*01110010110110001*11101110011011011*001000111111
  vs  *01100011101000111*00010001100011111*01110010110110001
|   57 *01100011101000111*00010001100011111*01110010110110001
|   47 *11101110011011011*00100011111111001*11011001101111101
+-  60 *00010000011101110*01110000001010001*10010100110001111
Prop 3b: cycles done 57 61 61
Prop 3b: cycles done 58 61 61
Prop 3b: cycles done 59 61 61
Prop 3b: cycles done 60 61 61
Testing prop 3b done
