LEN=320 RATE=8 RANKFRAC=0.000100 ALPHA=0.162500
param 2522

min = 52
Re-read 378
+Re-read 378

 378 *1010100*1100001*1101000*0110100*0010110*0010011*1111011*0110011*0100110*0101111*0100111*1100111*1101100*1010100*1111100*0001110*1111101*1011100*0100110*1011011*0101110*1000001*0000111*0010111*0100001*1111010*0101000*0100110*0011000*0110010*0111101*1111101*0101011*1011111*1010001*1110000*0110100*0011011*0101000*1101110
Re-read 382
+Re-read 383
+Re-read 386
+Re-read 390
+Re-read 392
+Re-read 396

 396 *1000101*1110000*0101001*0011100*1101010*1111111*0111001*1000101*0110111*1000101*0110011*0010100*0110001*1100010*0001001*0101001*0110011*0111000*0101111*0110011*1100110*0000111*0000010*0111001*1100111*1010110*0100100*0100001*1110110*1100110*1100011*0111101*1011001*0011111*1110010*0000100*1110010*1001110*1110010*1011110
Re-read 406
+Re-read 411
+Re-read 413
+Re-read 414
+Re-read 418
+Re-read 420
+Re-read 425
+Re-read 426
+Re-read 433
+Re-read 433
+Re-read 441
+Re-read 446
+Re-read 447
+Re-read 454
+Re-read 458
+Re-read 464
+Re-read 468

 468 *1110101*0101001*1100001*0100010*1101000*0101001*1100011*1010100*0001011*0111101*1000010*0101110*0110000*1111010*1000110*0011000*0101000*0111000*1101100*0011111*0000110*0011100*1011100*0011111*0111111*1010010*1011110*0010110*1010011*0101001*0111100*0000101*0001000*0101111*0010111*1001110*1001011*1010110*1101101*1111111
Re-read 470
+Re-read 470
+Re-read 471
+Re-read 472

 472 *1111101*0011010*1001100*1100111*0100001*1011111*1101011*0000010*1101010*1010001*1110110*1010100*1101000*1001001*1101110*1100001*1110110*0001111*0101000*1110100*1000000*0100000*1010101*0101000*0001101*1111111*1011010*0110101*1011101*1110001*0001101*0011001*0011000*1000100*1100100*0000011*0111011*1100110*0110000*0010000
Re-read 477
+Re-read 480
+Re-read 482
+Re-read 483
+Re-read 485
+Re-read 487

 487 *0011011*0110011*1101100*0010101*1000110*1001101*1100000*1001100*1000101*1111001*0000001*1001000*0000111*1110010*1001000*1110001*0001100*0100101*0010001*1111110*1110010*0001101*1000011*1101011*1101011*1111111*0000010*1001010*1001111*0111101*1111100*1001010*1010001*0111110*1001100*0011000*0101000*0011111*0100110*1101100
Re-read 489
+Re-read 492
+Re-read 494
+Re-read 497
+Re-read 497
+Re-read 499
+Re-read 500
+Re-read 500
+Re-read 501
+Re-read 503
+Re-read 505
+Re-read 508
+Re-read 511
+Re-read 513
+Re-read 515
+Re-read 518
+Re-read 518

 518 *1100110*0010001*0001100*1001111*0100000*1011111*0101100*1101010*1111111*0000111*1111000*0100000*0011001*1010010*0111011*1001001*1001100*0111001*1101000*1101001*1001111*1110110*1011011*1101100*0000111*1100001*1111101*0111101*1111100*0010110*0110110*1111000*0101010*0001100*0100011*0101000*1100111*1111111*1000000*1111001
Re-read 522
+Re-read 523
+Re-read 524
+Re-read 524
+Re-read 524
+Re-read 527
+Re-read 528
+Re-read 529
+Re-read 531
+Re-read 531
+Re-read 535
+Re-read 537

 537 *1001011*0110001*0100110*1011011*0100110*1111101*0111010*0101111*0110001*1011111*0010110*1010010*1000111*0000001*0001001*1001000*0111111*0000001*1001100*1011101*0010001*0110010*1100011*0111000*0001011*0000000*1001110*1111111*1000100*1010111*0100000*0100010*1000001*1000000*1011001*1001000*0010110*0110110*1001100*1000010
Re-read 538
+Re-read 539
+Re-read 539
+Re-read 542
+Re-read 542
+Re-read 542
+Re-read 542
+Re-read 547
+Re-read 550
+Re-read 551
+Re-read 552
+Re-read 553
+Re-read 555
+Re-read 555
+Re-read 556
+Re-read 556
+Re-read 558
+Re-read 559
+Re-read 563
+Re-read 565
+Re-read 566
+Re-read 567
+Re-read 568
+Re-read 569
+Re-read 572
+Re-read 575
+Re-read 576
+Re-read 577
+Re-read 578
+Re-read 580
+Re-read 583
+Re-read 584
+Re-read 585
+Re-read 585
+Re-read 586
+Re-read 587
+Re-read 589
+Re-read 590
+Re-read 590
+Re-read 590
+Re-read 590
+Re-read 590
+Re-read 591
+Re-read 591
+Re-read 591
+Re-read 592
+Re-read 592
+Re-read 592
+Re-read 594
+Re-read 595
+Re-read 598
+Re-read 598
+Re-read 598
+Re-read 599
+Re-read 599
+Re-read 601
+Re-read 602
+Re-read 603
+Re-read 604
+Re-read 604
+Re-read 606
+Re-read 606
+Re-read 606
+Re-read 606
+Re-read 607
+Re-read 607
+Re-read 608

 608 *0011011*1000010*1110100*0110011*1011011*1110100*1000111*1111110*1011001*0111011*1110001*0101111*0100000*0111111*0111011*1110100*0000011*1100101*0000101*0010101*0111010*1010110*0010110*0000001*0101111*0011100*1001100*1000111*0001001*0110010*0110100*1100000*0000000*0101001*0011110*0000010*1111110*0101000*1111101*1111000
Re-read 610
+Re-read 612
+Re-read 612
+Re-read 612
+Re-read 612
+Re-read 614
+Re-read 616
+Re-read 616
+Re-read 616
+Re-read 617
+Re-read 617
+Re-read 618
+Re-read 618
+Re-read 619
+Re-read 621
+Re-read 621
+Re-read 621
+Re-read 622
+Re-read 623
+Re-read 623

 623 *0100001*1000001*1101011*0110110*0101101*0100010*1101100*1001110*1010101*1011100*0110000*1111110*0011100*1000011*1011111*0011000*0101111*1000100*1101101*1100111*1111011*1110011*0000111*0010111*1111001*0111011*0001101*0100000*0101111*1110100*0001001*1000101*0011010*1011101*0100000*1100011*0111010*1101000*0010001*0010000
Re-read 624
+Re-read 624
+Re-read 624
+Re-read 626
+Re-read 626
+Re-read 627
+Re-read 627
+Re-read 627
+Re-read 628
+Re-read 628
+Re-read 629
+Re-read 629
+Re-read 630
+Re-read 631
+Re-read 631
+Re-read 631
+Re-read 631
+Re-read 631
+Re-read 632
+Re-read 632
+Re-read 633
+Re-read 633
+Re-read 634
+Re-read 635
+Re-read 636
+Re-read 636
+Re-read 636
+Re-read 637
+Re-read 639
+Re-read 639
+Re-read 640
+Re-read 643
+Re-read 643
+Re-read 643
+Re-read 645
+Re-read 645
+Re-read 645
+Re-read 645
+Re-read 645
+Re-read 645
+Re-read 645
+Re-read 647
+Re-read 650
+Re-read 651
+Re-read 651
+Re-read 652
+Re-read 654
+Re-read 655
+Re-read 655
+Re-read 656
+Re-read 656
+Re-read 656
+Re-read 657
+Re-read 657
+Re-read 657
+Re-read 657
+Re-read 657

 657 *0011100*1110101*0111011*0101000*1101001*1001101*0101100*0100011*0101000*1111100*0010110*0100111*0000000*0001010*0000010*1010100*1000000*0111100*1001111*1111000*1011001*0110000*1111110*0010011*0011111*0101000*0011110*0010100*1111110*0101100*0100101*1001100*0000011*0111110*1000000*0100000*0010100*1001011*1001100*1101000
Re-read 658
+Re-read 658
+Re-read 658
+Re-read 659
+Re-read 660
+Re-read 660
+Re-read 663
+Re-read 663
+Re-read 663
+Re-read 663
+Re-read 663
+Re-read 664
+Re-read 664
+Re-read 664
+Re-read 665
+Re-read 666
+Re-read 666
+Re-read 666
+Re-read 666
+Re-read 666
+Re-read 666
+Re-read 667
+Re-read 667
+Re-read 669
+Re-read 669
+Re-read 669
+Re-read 670
+Re-read 671
+Re-read 671
+Re-read 673
+Re-read 673
+Re-read 673
+Re-read 673

 673 *0100011*0111110*1100111*0111010*0010110*1101110*0100000*0100111*1010100*1110001*1111001*0000000*1100101*1010001*0101010*1100011*0000100*1111000*0100001*1010000*0101110*0000010*1011011*1011100*0100011*0000101*0001110*0000000*1111011*1101001*1111111*0101110*1001100*1001101*0011100*1111000*0100111*1101100*1010000*0101001
Re-read 674
+Re-read 674
+Re-read 675
+Re-read 675
+Re-read 675
+Re-read 675
+Re-read 675
+Re-read 675
+Re-read 676
+Re-read 676
+Re-read 676
+Re-read 678
+Re-read 678
+Re-read 678
+Re-read 679
+Re-read 681
+Re-read 682
+Re-read 683
+Re-read 683
+Re-read 683
+Re-read 684
+Re-read 684

 684 *0001011*0100000*0101100*1111001*0100100*0110011*1010110*0110011*1000110*0000110*1011000*1010010*1000000*0001110*1011110*1111010*1110000*0111000*0111111*1111101*0111010*0001111*1001000*0000001*0000101*0101101*0001001*1011011*1100011*1100011*1100011*0011110*1010011*0011110*0000101*1001101*0000000*0110110*0101101*0111111
Re-read 685
+Re-read 685
+Re-read 686
+Re-read 687
+Re-read 687
+Re-read 687
+Re-read 688
+Re-read 688
+Re-read 689
+Re-read 689
+Re-read 690
+Re-read 690
+Re-read 691
+Re-read 691
+Re-read 692
+Re-read 692
+Re-read 692
+Re-read 692
+Re-read 692
+Re-read 692
+Re-read 693
+Re-read 693
+Re-read 693
+Re-read 693
+Re-read 693
+Re-read 694
+Re-read 694
+Re-read 694
+Re-read 694
+Re-read 695
+Re-read 695
+Re-read 695
+Re-read 695
+Re-read 695
+Re-read 697
+Re-read 697
+Re-read 697
+Re-read 697
+Re-read 697
+Re-read 697
+Re-read 697
+Re-read 698
+Re-read 698
+Re-read 698
+Re-read 698
+Re-read 699
+Re-read 699
+Re-read 699
+Re-read 699
+Re-read 699
+Re-read 699
+Re-read 699
+Re-read 700
+Re-read 700
+Re-read 700
+Re-read 700
+Re-read 701
+Re-read 701
+Re-read 701
+Re-read 701
+Re-read 701
+Re-read 701
+Re-read 701
+Re-read 701
+Re-read 701
+Re-read 701
+Re-read 703
+Re-read 703
+Re-read 703
+Re-read 703
+Re-read 703
+Re-read 705
+Re-read 705
+Re-read 705
+Re-read 705
+Re-read 706
+Re-read 706
+Re-read 706
+Re-read 706
+Re-read 706
+Re-read 706
+Re-read 706
+Re-read 708
+Re-read 708
+Re-read 708
+Re-read 708
+Re-read 708
+Re-read 708
+Re-read 708
+Re-read 708
+Re-read 708
+Re-read 708
+Re-read 708
+Re-read 708
+Re-read 709
+Re-read 709
+Re-read 710
+Re-read 711
+Re-read 712
+Re-read 713
