LEN=320 RATE=8 RANKFRAC=0.000100 ALPHA=0.162500
param 2521

min = 52
Re-read 378
+Re-read 378

 378 *0101101*0100100*0001001*1100101*1110010*1010100*1011010*0000101*0001000*0010010*1110110*0111000*0000101*1010000*1011100*0111011*0100111*0100001*0101010*0010100*1011011*1001101*0000111*1001100*0111000*0000000*0011000*1011111*0010111*0100100*1101000*0001100*1110011*0101100*0000010*0001111*1001111*0101101*1000001*0010000
Re-read 381
+Re-read 383
+Re-read 386

 386 *0000000*1011101*1111010*0101011*1000000*1110000*1011011*0110011*0010111*1000001*0110001*0111011*1010101*1000100*1100010*0001000*1100100*1100001*0011110*0000101*1011110*1101011*0011100*0000000*1011100*0101110*0111111*0001111*0010111*0110001*1001010*0011111*0100000*1011011*0111100*1011110*1100000*1001000*0111110*1000010
Re-read 389
+Re-read 390
+Re-read 391
+Re-read 396
+Re-read 410
+Re-read 414
+Re-read 418
+Re-read 420
+Re-read 424
+Re-read 426

 426 *0101001*1001011*1101011*0010100*1100111*1101000*1111111*1100001*0000110*1000111*1101100*0011100*1010100*0000010*1100001*0011000*0100101*0001100*1011111*1101010*0000011*0011000*0001011*0010011*1010111*1110001*0111000*0001001*1101110*1110011*1000000*1101000*1110000*0001100*1000011*0101001*1000001*0000101*0110101*1111001
Re-read 428
+Re-read 433

 433 *1101000*1000000*0101111*0000001*1111110*1101110*0110010*1010110*1101111*0010110*1101101*0001011*1010010*0011000*0111011*0000101*1001111*1111110*1110001*0100011*0010011*1010101*1000110*0110001*1011101*1010000*0111001*1010011*0010011*1100111*1010011*1010101*0100001*1001110*1101010*1111110*0100010*1010000*1101001*1111100
Re-read 436

 436 *1011111*0110101*1010111*0110111*1111111*0000111*0000111*1110001*0010100*0111110*1111101*1011111*0101011*1101001*0100111*1011100*0110011*0100011*1000111*1110011*0100000*1111111*0010111*0111110*1110011*1010010*0011001*0110101*1011011*0101100*1000000*0010000*1001000*0011010*1111101*1110101*1111110*1001010*0010000*1111110
Re-read 443
+Re-read 443
+Re-read 448
+Re-read 450
+Re-read 460
+Re-read 465
+Re-read 470
+Re-read 471

 471 *1011110*0000000*1011100*0110111*0100111*0001101*1011100*0011100*1101011*1101111*1101000*1100100*1111111*1011010*0011000*1101000*0101010*0001101*0000000*0011100*0000010*1101110*0000011*1100111*1101010*0001010*0011101*0111100*0110101*0010111*0000111*1010000*1110011*1000101*1100100*0001010*1000101*0000100*0011111*0011011
Re-read 474
+Re-read 476
+Re-read 481
+Re-read 482
+Re-read 483
+Re-read 485
+Re-read 487
+Re-read 493
+Re-read 494
+Re-read 495
+Re-read 497
+Re-read 497
+Re-read 499
+Re-read 500
+Re-read 500
+Re-read 501
+Re-read 502
+Re-read 505
+Re-read 508
+Re-read 511
+Re-read 512
+Re-read 513
+Re-read 513
+Re-read 516
+Re-read 518
+Re-read 519

 519 *0010100*0110101*0001001*0100010*1001001*1001111*0011111*1001110*0111101*1001010*1000101*0111001*0000101*1010000*0110011*1011011*1101100*0011110*0010111*1111001*0001000*1110110*1000010*0111011*1010100*1101100*0100101*0000101*0101100*0101101*0110000*1100101*1110011*1011000*1110011*0000011*0001011*1100000*0011111*1001100
Re-read 523
+Re-read 523
+Re-read 523
+Re-read 524
+Re-read 524
+Re-read 524
+Re-read 526
+Re-read 527
+Re-read 528
+Re-read 530
+Re-read 531
+Re-read 535
+Re-read 536

 536 *1110000*1001011*1111101*1010011*1111000*1010011*0010001*0110111*1111010*1000100*1001101*1000000*1100111*1111011*0110011*1000001*0000000*1100110*1010011*0000101*0110110*0000001*1011010*0011111*1111110*0011001*0010100*1101011*0000001*1011000*0100011*1100011*1001101*0010001*1101010*1001010*0011010*0100111*0111011*0010101
Re-read 539
+Re-read 539
+Re-read 539
+Re-read 539
+Re-read 542
+Re-read 542
+Re-read 545
+Re-read 548
+Re-read 551
+Re-read 553
+Re-read 554
+Re-read 555

 555 *1111000*0111101*0111011*0101110*0010101*0101000*0011100*1100101*1110000*0100000*0011100*1000011*0011010*0110110*0000111*0000011*1010110*0110101*0010110*0011000*0001000*0010111*1010001*0100001*0101101*1100011*0001001*1100111*0000101*0100000*1101111*1110001*1111101*0111010*0011100*1110110*1111101*1110100*0100101*0111111
Re-read 556
+Re-read 556

 556 *0001010*0001111*1010100*1001111*0010001*0111101*0110011*0011001*0111100*0100100*0010111*1101101*0000001*1010111*0101100*0111001*1000101*1001010*0111001*1110010*0001111*1100011*1110111*0100000*1000010*1000011*0001011*1001100*0101101*1100001*1001000*0000101*1111110*1001000*0000001*1010001*1110010*0111111*1110100*0000000
Re-read 557
+Re-read 557
+Re-read 558
+Re-read 559
+Re-read 562
+Re-read 563

 563 *1100010*0101000*0101001*0101111*1111010*0101001*1110001*1011111*0000111*0011001*0111001*1111000*1101111*1010110*0011001*0011101*1110101*1111101*1100011*0100100*1011110*1010100*1110101*0100101*1100111*1010110*1011001*1100100*0001011*0110011*1011111*1111000*0110010*0110100*1100100*0000101*0110111*1011111*1001110*0100110
Re-read 565

 565 *0001001*1110010*0101001*0000001*1010000*1001001*0011100*1001111*1010001*0000010*0011001*1100001*0011110*0101011*0000101*0010111*0110100*1011100*1111110*1000011*0010011*0111010*0001000*1010100*1110000*1101111*1110100*1011000*1111010*1110101*1000001*0011011*0100011*1000000*0010100*1110100*1100101*0110011*0100011*1011111
Re-read 567
+Re-read 567
+Re-read 568
+Re-read 570
+Re-read 572
+Re-read 572
+Re-read 576
+Re-read 577
+Re-read 579
+Re-read 584
+Re-read 585
+Re-read 585
+Re-read 585
+Re-read 587
+Re-read 589
+Re-read 589
+Re-read 590
+Re-read 590
+Re-read 590
+Re-read 590
+Re-read 590
+Re-read 591
+Re-read 591
+Re-read 591
+Re-read 591
+Re-read 592
+Re-read 592
+Re-read 595
+Re-read 598
+Re-read 598
+Re-read 599
+Re-read 599
+Re-read 599
+Re-read 602
+Re-read 602
+Re-read 603
+Re-read 603
+Re-read 604
+Re-read 605
+Re-read 606
+Re-read 606
+Re-read 606
+Re-read 607
+Re-read 607
+Re-read 607

 607 *1000010*1110010*1011011*1101100*1000100*0001110*0111110*1110010*1000100*1011000*0011011*1110011*0010011*1101111*0101011*1110100*1101110*0011110*0000010*0001110*1000111*1000111*1101011*1101110*0110111*1011000*1001000*0011110*0011000*1000010*0011011*1100110*1101111*1101001*1101001*0111000*0001111*0110000*0100000*0010100
Re-read 611
+Re-read 611
+Re-read 612
+Re-read 612
+Re-read 613
+Re-read 616
+Re-read 616
+Re-read 616
+Re-read 617
+Re-read 617
+Re-read 618
+Re-read 619
+Re-read 619
+Re-read 621
+Re-read 621
+Re-read 621
+Re-read 622
+Re-read 623
+Re-read 623
+Re-read 624
+Re-read 624
+Re-read 626
+Re-read 627
+Re-read 627
+Re-read 627
+Re-read 627
+Re-read 628

 628 *1000010*1100101*1100000*0101001*1101011*1011101*0111011*0100110*1010011*0000010*0100110*0110111*0010000*1011101*1101111*1000011*1011011*1101111*0110010*0100000*1011110*0001010*1101101*0010111*1111100*1100000*1111001*1111010*0001000*0101111*1000001*1001111*0111101*1100001*1100010*1010100*1110110*1100011*0110111*1110000
Re-read 629
+Re-read 629
+Re-read 630
+Re-read 631
+Re-read 631
+Re-read 631
+Re-read 632
+Re-read 632
+Re-read 633
+Re-read 633
+Re-read 635

 635 *0110111*1010110*0000001*0001101*0011011*0101100*0110101*1011101*0000001*1001101*1011110*0111010*1110110*1001100*0110010*1001010*0011010*0100000*0000111*1101010*0011000*1001111*1000000*0000101*0011011*0010010*0100100*1111100*0111110*0001010*0100110*1000000*1111111*0000001*1111101*1100111*1111110*1110111*1011000*0000000
Re-read 636
+Re-read 636
+Re-read 636
+Re-read 637
+Re-read 638
+Re-read 639
+Re-read 641
+Re-read 643
+Re-read 643
+Re-read 643
+Re-read 644
+Re-read 645
+Re-read 645
+Re-read 645
+Re-read 645
+Re-read 645
+Re-read 647
+Re-read 647
+Re-read 651
+Re-read 651
+Re-read 652
+Re-read 653
+Re-read 654
+Re-read 655
+Re-read 655
+Re-read 655
+Re-read 656
+Re-read 657
+Re-read 657
+Re-read 657
+Re-read 657
+Re-read 657
+Re-read 657
+Re-read 658
+Re-read 658
+Re-read 658
+Re-read 658
+Re-read 659
+Re-read 660
+Re-read 662
+Re-read 663
+Re-read 663
+Re-read 663
+Re-read 663
+Re-read 664
+Re-read 664
+Re-read 664
+Re-read 666
+Re-read 666
+Re-read 666
+Re-read 666
+Re-read 667
+Re-read 667
+Re-read 668
+Re-read 669
+Re-read 669
+Re-read 669
+Re-read 671
+Re-read 671
+Re-read 673
+Re-read 673
+Re-read 673
+Re-read 673
+Re-read 673
+Re-read 673
+Re-read 675
+Re-read 675
+Re-read 675
+Re-read 675
+Re-read 675
+Re-read 676
+Re-read 676
+Re-read 678
+Re-read 679
+Re-read 680

 680 *0101010*0011111*1100001*0110111*1010110*0110001*1111011*0100010*1111101*1011111*1110010*1100110*0010010*0110001*1100110*1011000*1011000*0101100*0101000*1111011*0100110*0111010*1100001*0000010*0101001*0101011*0111101*0000111*1000000*1110011*1110011*0100111*1000000*1101100*0111000*0011010*1000010*0100001*0110110*1000001
Re-read 682
+Re-read 682
+Re-read 683
+Re-read 683
+Re-read 683
+Re-read 684
+Re-read 684
+Re-read 684
+Re-read 686
+Re-read 687
+Re-read 687
+Re-read 688
+Re-read 689
+Re-read 689
+Re-read 690
+Re-read 690
+Re-read 690
+Re-read 691
+Re-read 692
+Re-read 692
+Re-read 692
+Re-read 692
+Re-read 692
+Re-read 692
+Re-read 692
+Re-read 693
+Re-read 693
+Re-read 693
+Re-read 693
+Re-read 693
+Re-read 693
+Re-read 694
+Re-read 694
+Re-read 694
+Re-read 694
+Re-read 695
+Re-read 695
+Re-read 695
+Re-read 695
+Re-read 697
+Re-read 697
+Re-read 697
+Re-read 697
+Re-read 697
+Re-read 697
+Re-read 697
+Re-read 697
+Re-read 698
+Re-read 698
+Re-read 698
+Re-read 698
+Re-read 698
+Re-read 699
+Re-read 699
+Re-read 699
+Re-read 699
+Re-read 699
+Re-read 699
+Re-read 700
+Re-read 700
+Re-read 700
+Re-read 701
+Re-read 701
+Re-read 701
+Re-read 701
+Re-read 701
+Re-read 701
+Re-read 701
+Re-read 701
+Re-read 701
+Re-read 702
+Re-read 703
+Re-read 703
+Re-read 703
+Re-read 703
+Re-read 703
+Re-read 703
+Re-read 703
+Re-read 705
+Re-read 705
+Re-read 705
+Re-read 706
+Re-read 706
+Re-read 706
+Re-read 706
+Re-read 706
+Re-read 707
+Re-read 708
+Re-read 708
+Re-read 708
+Re-read 708
+Re-read 708
+Re-read 708
+Re-read 708
+Re-read 708
+Re-read 708
+Re-read 708
+Re-read 708
+Re-read 708
+Re-read 708
+Re-read 709
+Re-read 709
+Re-read 709
+Re-read 710
+Re-read 711
+Re-read 712
+Re-read 712
