LEN=320 RATE=8 RANKFRAC=0.000100 ALPHA=0.162500
param 254

min = 52
Re-read 378
+Re-read 378
+Re-read 383
+Re-read 386
+Re-read 390
+Re-read 394
+Re-read 396
+Re-read 410
+Re-read 413
+Re-read 414
+Re-read 417
+Re-read 420
+Re-read 425
+Re-read 426
+Re-read 432
+Re-read 438
+Re-read 444
+Re-read 446
+Re-read 449

 449 *0101110*0011111*0110101*0010111*1100111*0011111*1001010*0001000*1100010*1000001*1100000*0001111*1111111*1011011*0101100*1111101*1011011*1110100*0000111*0001000*0000100*0010001*1001010*1011001*1111011*0010101*0110000*1000001*1000110*1101111*0011110*0110110*1101111*0001000*0101101*1111100*1110011*1110110*0001110*1111110
Re-read 452
+Re-read 457
+Re-read 460
+Re-read 466
+Re-read 469
+Re-read 470
+Re-read 471
+Re-read 471
+Re-read 478
+Re-read 482

 482 *1101011*0000010*1111111*0010001*1010111*0001111*0100110*0111010*1000000*0001101*1001011*1001110*0101011*0101001*1110111*0010011*0010011*1111000*1111110*1011111*0001111*1101110*0000001*1101101*0110110*0011100*0011000*1111001*1001111*1101010*0000010*0011001*1110000*1110101*1111111*1010001*1101111*0101001*0100000*1100001
Re-read 483
+Re-read 483
+Re-read 484
+Re-read 485
+Re-read 487

 487 *1001000*0001000*1100010*0101011*0110110*1010110*1001000*1011110*1010100*0111000*1011000*1011111*0000100*1101101*1110001*0101110*1001101*1110100*1011110*1111101*0011010*1110000*1100001*1110001*1101110*1010000*1100101*1100111*1100111*1001111*1110101*1111000*1001110*0111111*0000111*0001110*1101111*1111000*0000100*0011111
Re-read 492
+Re-read 493
+Re-read 493
+Re-read 495
+Re-read 497

 497 *1100011*1010001*1100001*1100000*1011011*1101010*1001110*1100101*1101101*1010111*0010010*1001100*0000101*0011010*0111000*0110011*1110001*1110001*0001010*0011001*0000100*1101000*1010110*1000010*0001111*0001000*0000101*1110110*0100011*1101011*0010100*1001111*1111001*1100000*0111100*1101111*1000001*0110010*1101011*0111111
Re-read 500
+Re-read 500
+Re-read 500

 500 *1110000*1111010*1101111*0010011*1111011*0110100*0101011*1111010*1101101*0111100*0000110*0011011*1011110*1111101*0011001*0000010*0000011*0010100*0001111*1111011*1110101*1010000*0101000*0101100*0100101*0100001*1011001*0111111*0001010*1100001*0001010*1011001*1011100*0000110*0111110*1000000*0000000*1011111*0001000*0101001
Re-read 501
+Re-read 501
+Re-read 502
+Re-read 504
+Re-read 505
+Re-read 506

 506 *0000000*1001011*1101000*1101001*0001011*0110100*1100110*0110110*1011001*0000000*0101010*1100101*1000001*0011111*0011001*0001010*0111000*0100011*0010111*0001010*1000010*0110100*0111101*1111000*0110100*0111111*1111101*0010011*0001100*0000100*0000000*0110000*1011111*0011101*1101110*0101110*1001110*1001111*0000000*0001111
Re-read 509
+Re-read 511
+Re-read 512
+Re-read 513
+Re-read 513

 513 *1111000*0010010*1111011*0101010*1111000*1001100*0000000*0001000*0101011*1100100*0011110*1111011*0001111*1111010*1100111*1100001*0001110*0110011*1001110*1101000*1000111*1000110*0000010*1001100*0001001*1101100*0100001*0010010*0010101*0000000*0001111*1011101*0111000*1000001*0010111*0111110*1001110*0000000*1010001*0010110
Re-read 516
+Re-read 518
+Re-read 520
+Re-read 523
+Re-read 523
+Re-read 524
+Re-read 524
+Re-read 527
+Re-read 529
+Re-read 531

 531 *0000001*1100110*0000011*0100111*1011010*1010111*1011000*0011110*0000101*1000011*0101101*1011010*1101010*0100010*1100001*1110100*0000000*1101110*0100101*0100010*1001000*1000111*1100110*1101111*0110110*1101111*1011010*0100010*1100110*1110010*1100111*1100110*0001011*0010011*1010011*1011000*0101000*1111111*1110001*0111010
Re-read 533
+Re-read 535
+Re-read 536
+Re-read 539
+Re-read 539
+Re-read 542
+Re-read 542
+Re-read 542
+Re-read 546
+Re-read 548
+Re-read 550
+Re-read 550
+Re-read 552
+Re-read 554
+Re-read 555
+Re-read 556
+Re-read 556
+Re-read 557
+Re-read 558
+Re-read 559
+Re-read 563
+Re-read 564
+Re-read 566
+Re-read 567
+Re-read 569
+Re-read 572
+Re-read 573
+Re-read 576
+Re-read 577
+Re-read 577

 577 *1011110*0011101*1000110*1000110*0000001*0111011*1100101*0100100*0000100*0100010*1001000*1011110*0011100*1100001*1000011*1111110*1111110*0011010*0101110*0110111*0010011*0100011*1011101*1100101*0111000*1110100*1000110*0011100*0111001*1100101*1110110*0001000*1100011*1010010*1111011*0010000*0010101*0010011*0110100*0110001
Re-read 580
+Re-read 582
+Re-read 584
+Re-read 585
+Re-read 585
+Re-read 586
+Re-read 588
+Re-read 589
+Re-read 589
+Re-read 590
+Re-read 590
+Re-read 590
+Re-read 590
+Re-read 590
+Re-read 591
+Re-read 591
+Re-read 591
+Re-read 591
+Re-read 592

 592 *1111000*1001110*0000001*0110110*1001001*0100000*1101101*1100100*1010010*1100000*1011111*0100101*0010001*1100111*1100101*1011100*1011111*0111111*1011101*1100110*1111000*1000000*1110111*1011101*1000111*1110110*0100011*1001110*1110101*1000001*1111001*1010111*0001000*0110000*0011101*1100011*0100010*0011110*1100011*1000111
Re-read 593
+Re-read 594
+Re-read 594
+Re-read 598
+Re-read 598
+Re-read 598
+Re-read 599
+Re-read 599
+Re-read 601
+Re-read 602
+Re-read 603
+Re-read 605
+Re-read 606
+Re-read 606
+Re-read 607
+Re-read 607

 607 *0000010*1100000*1011100*1101011*1010000*1011001*0100001*1101111*1101111*1001111*0111101*0110000*1101110*0001000*0011000*0000100*0101011*0100100*1001010*0000010*0011111*1111001*0101000*1110101*0011011*0101011*0010000*1101100*0110101*1000000*1011110*1100101*1000010*0011111*1001011*1101000*1010110*1001110*0011100*1010100
Re-read 608
+Re-read 608
+Re-read 612
+Re-read 612
+Re-read 612
+Re-read 612
+Re-read 613
+Re-read 616
+Re-read 616
+Re-read 616
+Re-read 616
+Re-read 617
+Re-read 618
+Re-read 618
+Re-read 618
+Re-read 619
+Re-read 621
+Re-read 621
+Re-read 622
+Re-read 622
+Re-read 623
+Re-read 624
+Re-read 624
+Re-read 626
+Re-read 626
+Re-read 627
+Re-read 627
+Re-read 627
+Re-read 628
+Re-read 628
+Re-read 629
+Re-read 630
+Re-read 631
+Re-read 631
+Re-read 631
+Re-read 631
+Re-read 631
+Re-read 631
+Re-read 632
+Re-read 633
+Re-read 633
+Re-read 634
+Re-read 635
+Re-read 636
+Re-read 636
+Re-read 637
+Re-read 638
+Re-read 639
+Re-read 639
+Re-read 642
+Re-read 643
+Re-read 644
+Re-read 645
+Re-read 645
+Re-read 645
+Re-read 645
+Re-read 645
+Re-read 647
+Re-read 647
+Re-read 650
+Re-read 651
+Re-read 651
+Re-read 654
+Re-read 655
+Re-read 655
+Re-read 656
+Re-read 656
+Re-read 657
+Re-read 657
+Re-read 657
+Re-read 657
+Re-read 657
+Re-read 658
+Re-read 658
+Re-read 659
+Re-read 660
+Re-read 662
+Re-read 663
+Re-read 663
+Re-read 663
+Re-read 663
+Re-read 664
+Re-read 664
+Re-read 664
+Re-read 664
+Re-read 666
+Re-read 666
+Re-read 666
+Re-read 666
+Re-read 666
+Re-read 666
+Re-read 667
+Re-read 667
+Re-read 667
+Re-read 669
+Re-read 669
+Re-read 669
+Re-read 669
+Re-read 671
+Re-read 671
+Re-read 673
+Re-read 673
+Re-read 673
+Re-read 673
+Re-read 673
+Re-read 675
+Re-read 675
+Re-read 675
+Re-read 675
+Re-read 675
+Re-read 675
+Re-read 675
+Re-read 676
+Re-read 676
+Re-read 676
+Re-read 676
+Re-read 678
+Re-read 678
+Re-read 679
+Re-read 680
+Re-read 682
+Re-read 683
+Re-read 683
+Re-read 684
+Re-read 684
+Re-read 686
+Re-read 686
+Re-read 687
+Re-read 688
+Re-read 688
+Re-read 689
+Re-read 689
+Re-read 690
+Re-read 690
+Re-read 691
+Re-read 691
+Re-read 692
+Re-read 692
+Re-read 692
+Re-read 692
+Re-read 692
+Re-read 693
+Re-read 693
+Re-read 693
+Re-read 693
+Re-read 693
+Re-read 693
+Re-read 694
+Re-read 694
+Re-read 694
+Re-read 694
+Re-read 695
+Re-read 695
+Re-read 695
+Re-read 695
+Re-read 696
+Re-read 697
+Re-read 697
+Re-read 697
+Re-read 697
+Re-read 697
+Re-read 697
+Re-read 697
+Re-read 698
+Re-read 698
+Re-read 698
+Re-read 698
+Re-read 698
+Re-read 698
+Re-read 699
+Re-read 699
+Re-read 699
+Re-read 699
+Re-read 699
+Re-read 699
+Re-read 699
+Re-read 699
+Re-read 700
+Re-read 700
+Re-read 700
+Re-read 701
+Re-read 701
+Re-read 701
+Re-read 701
+Re-read 701
+Re-read 701
+Re-read 701
+Re-read 701
+Re-read 701
+Re-read 702
+Re-read 703
+Re-read 703
+Re-read 703
+Re-read 703
+Re-read 703
+Re-read 704
+Re-read 705
+Re-read 705
+Re-read 705
+Re-read 705
+Re-read 706
+Re-read 706
+Re-read 706
+Re-read 706
+Re-read 706
+Re-read 706
+Re-read 707
+Re-read 708
+Re-read 708
+Re-read 708
+Re-read 708
+Re-read 708
+Re-read 708
+Re-read 708
+Re-read 708
+Re-read 708
+Re-read 708
+Re-read 708
+Re-read 709
+Re-read 710
+Re-read 710
+Re-read 712
+Re-read 712
