LEN=320 RATE=8 RANKFRAC=0.000100 ALPHA=0.162500
param 255

min = 52
Re-read 378
+Re-read 378
+Re-read 382
+Re-read 386
+Re-read 391
+Re-read 393
+Re-read 401
+Re-read 407
+Re-read 413

 413 *0010010*0111111*1011110*0011110*0001011*1101110*1110010*0110010*1100110*0000110*0011011*0000110*0110101*1000000*0100011*1101111*0000001*0001110*1010100*1101010*1101011*0100101*1001111*0100000*0001111*0001011*0000000*1010101*1101010*1000000*0000100*1111101*1001111*1111110*0000111*1100011*1101101*1000011*0010110*0011111
Re-read 416
+Re-read 418
+Re-read 424
+Re-read 426
+Re-read 432
+Re-read 433

 433 *1101011*1000000*0010001*0010100*0010001*1101111*0101100*1011011*1100100*0110111*1100010*0111111*1011001*1011110*1100001*1100110*0011011*0011101*1001101*1010110*1111100*0100111*1010100*0011011*1101100*1011100*1001011*0001101*0010011*0000111*0010001*0110001*0011101*0000100*0010101*0000011*0000110*0101101*0011111*1101111
Re-read 440
+Re-read 441
+Re-read 446
+Re-read 449
+Re-read 451
+Re-read 456
+Re-read 460

 460 *1110010*0110100*0111101*0000011*1001111*1101000*0101000*0000001*1110110*1000000*1101001*0101111*1010100*1011010*1100100*0100110*0101010*0011011*0011111*1101011*1101011*0100011*1001100*0010100*0000111*1110110*0101000*0011110*1000000*1000000*1100110*1100010*1010000*1100010*0000100*0001100*1101100*1110100*0000001*0100100
Re-read 466
+Re-read 468
+Re-read 470
+Re-read 471
+Re-read 471

 471 *0111100*1101101*1000100*1110010*1111011*0000110*0001100*0011111*0011011*1100100*0111100*1101001*1101100*0100010*1011011*0011101*1000000*0011001*1111001*1111100*1100110*0011100*0111111*0011010*1010101*0111010*1111110*0000110*1100000*1000010*1011011*0011001*1001111*0101111*0011101*0110111*1011000*1110001*1101111*1000001
Re-read 479
+Re-read 480
+Re-read 482
+Re-read 482
+Re-read 484
+Re-read 485
+Re-read 488
+Re-read 493
+Re-read 494
+Re-read 496
+Re-read 497
+Re-read 497
+Re-read 498
+Re-read 500
+Re-read 500
+Re-read 500
+Re-read 502
+Re-read 505

 505 *0010110*1100001*1001100*1111011*0100100*0010101*0101010*0001000*1010101*1111000*1011011*1111110*0000011*1100101*1111001*0110000*0001111*0111100*0101101*0011100*0001000*1011001*0110111*1000011*1110100*1011110*0000111*1000110*1000000*0101000*0101110*1110101*1101000*0011101*0100101*0100000*0010000*1111110*0101100*1110011
Re-read 508
+Re-read 511

 511 *1010100*0111000*0000000*0110001*1000010*0001010*1010111*1110011*0100000*1011101*1100111*1011001*0001111*0100101*1010000*1001011*0001000*1000111*1111111*0111100*0001001*0010101*1010010*1011001*1101001*1101001*0111010*1111010*1110001*1010110*1001000*1001110*0001011*0000111*1000010*1001010*1001100*0110110*0100010*1010011
Re-read 512
+Re-read 512
+Re-read 513

 513 *1011101*0100101*1111110*0010111*0011110*1101010*0100001*1100010*0110111*0111110*1111110*1000001*0110100*0010101*0100110*0000000*0111000*0010111*1101101*1001111*0001000*0010101*1101101*0101110*0100010*0010100*0000000*1001110*1011101*1111110*0110010*0101000*0000000*0001001*1010110*0111000*0010000*1010111*1001011*1111111
Re-read 515
+Re-read 515
+Re-read 516
+Re-read 518
+Re-read 522
+Re-read 523
+Re-read 524
+Re-read 524
+Re-read 524
+Re-read 528

 528 *1001010*0001011*0011011*1101110*0111100*0011110*0011101*1111100*0110011*1011000*0000011*0001001*1100100*1100101*1111011*0011010*1101101*0000010*0000001*1111100*1110001*1000101*0000111*0001100*0110000*1011001*1000100*1111100*1101111*0110100*1001101*1111110*0101110*1100101*1011001*1000000*1001000*0000100*0111011*1111011
Re-read 531
+Re-read 531
+Re-read 535
+Re-read 537
+Re-read 538
+Re-read 539
+Re-read 542
+Re-read 542
+Re-read 542
+Re-read 547
+Re-read 548
+Re-read 549
+Re-read 551
+Re-read 553
+Re-read 554
+Re-read 555
+Re-read 555
+Re-read 556
+Re-read 558
+Re-read 562
+Re-read 563
+Re-read 565
+Re-read 567
+Re-read 567

 567 *1000000*1011111*0010100*0101111*1101001*0101001*1011010*0001000*0001110*0110110*1110111*1100110*0100011*1000011*1010010*0011011*1011100*0010101*1111111*1111011*1010100*1100111*1001111*1111101*0111111*1101101*0010000*1111010*1001100*0011101*1000000*0110100*0110110*0111101*1100110*0011111*0001010*0100010*0010001*1111111
Re-read 569
+Re-read 572
+Re-read 572
+Re-read 575
+Re-read 576
+Re-read 577

 577 *1111001*1000110*0111100*1100000*0101110*1111111*1101010*0000001*1100010*1001010*0110111*0000110*1101001*1110101*0100110*1100101*1110100*0111001*0010111*0010010*1100000*1010010*1011110*0101010*1110001*1100001*0010010*0110010*1111000*1111100*0101100*1111001*0010011*0011001*1000010*0001111*0001000*0001001*0011011*1111111
Re-read 582
+Re-read 583
+Re-read 584
+Re-read 585
+Re-read 585
+Re-read 585
+Re-read 586
+Re-read 588
+Re-read 589
+Re-read 589
+Re-read 590
+Re-read 590
+Re-read 591
+Re-read 591
+Re-read 591
+Re-read 591
+Re-read 591
+Re-read 592
+Re-read 592
+Re-read 594
+Re-read 596
+Re-read 598
+Re-read 598
+Re-read 598
+Re-read 599
+Re-read 599
+Re-read 600
+Re-read 602
+Re-read 602
+Re-read 602
+Re-read 603
+Re-read 605
+Re-read 606
+Re-read 606
+Re-read 607
+Re-read 607
+Re-read 607
+Re-read 609
+Re-read 612
+Re-read 612
+Re-read 612
+Re-read 612
+Re-read 613

 613 *0010110*0110011*0010101*1011001*0001010*1010110*1001100*1101011*0111000*1000000*1100110*0100101*0111100*0101001*1111011*0011010*0011111*1010100*0111100*1001100*1110101*0001011*1101000*1111111*0111111*1100001*1110001*1111100*1100001*0000101*0000010*0111110*1111000*0011011*0110001*0010110*1111110*1010101*1100111*1000010
Re-read 615
+Re-read 616
+Re-read 616
+Re-read 616
+Re-read 616
+Re-read 617
+Re-read 617
+Re-read 618
+Re-read 618
+Re-read 619
+Re-read 620
+Re-read 621
+Re-read 621
+Re-read 621
+Re-read 622
+Re-read 623
+Re-read 623
+Re-read 624
+Re-read 624
+Re-read 625
+Re-read 626
+Re-read 627
+Re-read 627
+Re-read 627
+Re-read 628
+Re-read 629
+Re-read 629

 629 *0100001*0000000*1111110*1010010*0101100*1001011*0010001*1100011*0111110*1101101*1001100*1110000*0101101*1111010*1010000*0101000*0100100*1101110*0010111*1101100*1010110*0111011*1100111*0111101*0011001*1101001*0010011*0101000*0100010*1110100*0110111*0110101*1111010*0000000*0110000*1110101*0100010*1110110*0010110*0011011
Re-read 630
+Re-read 630
+Re-read 631
+Re-read 631
+Re-read 631
+Re-read 631
+Re-read 632
+Re-read 632
+Re-read 633
+Re-read 633
+Re-read 634

 634 *0000001*1011111*1011001*0110011*1011000*1100001*0001101*1111000*1011010*1100111*1001110*1110101*0100010*0100100*1010111*1111100*0111010*1111010*0010100*1010001*0001111*1101100*1101000*0111001*0111100*1111110*1010100*1000010*0001011*1001111*1011011*1111101*0000101*0100001*1001110*1101010*1011110*1100000*1111111*1101001
Re-read 635
+Re-read 636
+Re-read 636
+Re-read 637
+Re-read 639

 639 *1100101*0101010*0111110*1010100*1110111*0011010*0010000*1010011*0010011*0100011*0001011*0000000*0000101*0010011*0110011*1001000*0101001*0111010*1100001*0111111*0100111*0111001*0000001*1000011*1001111*0101010*1011000*1111001*0110111*1110000*1101111*0101001*1000000*1101001*0000010*1100011*1001110*0011111*1100011*1010000
Re-read 642
+Re-read 642
+Re-read 643
+Re-read 643
+Re-read 643
+Re-read 643
+Re-read 644
+Re-read 645
+Re-read 645
+Re-read 645
+Re-read 645
+Re-read 645
+Re-read 645
+Re-read 647
+Re-read 647

 647 *0101000*0010000*1001110*0110110*1101011*1010001*1000011*0010000*1101001*1000001*1110011*0101100*1100100*1010100*0110011*1111101*1110000*1111100*1011100*0000001*0000011*1100111*1010111*0110010*0001100*0001011*1111111*1110111*1100010*0100110*0110000*0011011*1101110*1011011*1000100*1101110*0000111*0101000*1010101*0001110
Re-read 650
+Re-read 650
+Re-read 651
+Re-read 652
+Re-read 654
+Re-read 655
+Re-read 655
+Re-read 656
+Re-read 656
+Re-read 657
+Re-read 657
+Re-read 657
+Re-read 657
+Re-read 657
+Re-read 658
+Re-read 658
+Re-read 659
+Re-read 659
+Re-read 660
+Re-read 663
+Re-read 663
+Re-read 663
+Re-read 663
+Re-read 663
+Re-read 663
+Re-read 664
+Re-read 664
+Re-read 664
+Re-read 664
+Re-read 665
+Re-read 666
+Re-read 666
+Re-read 666
+Re-read 666
+Re-read 666
+Re-read 667
+Re-read 667
+Re-read 668
+Re-read 669
+Re-read 669
+Re-read 669

 669 *0100001*1101000*0011100*0101101*1111110*0001010*0000110*0111101*0000101*1100001*1100100*1011110*1000000*1100111*1000001*1101101*0101110*0000011*0101000*1101001*0111001*1011100*0101111*0000111*1111111*1101010*1111000*1010110*0100000*1110011*1010000*0110010*0000000*0100001*0011100*0010000*0100000*1010010*0011001*0011110
Re-read 671
+Re-read 671

 671 *1100001*1110010*0111110*0000000*1001110*0001000*0111111*1100001*1100111*1011011*1100000*1000000*0000010*0000101*1101100*0110011*1110000*0101100*0101010*1100101*1000001*0001001*1010110*0100000*1110011*0111101*1011110*1100111*0000101*1011010*0010111*1011000*0101110*0000000*0011100*0100010*1011111*0100100*1111000*1000000
Re-read 672
+Re-read 672
+Re-read 673
+Re-read 673
+Re-read 673
+Re-read 673
+Re-read 674
+Re-read 675
+Re-read 675
+Re-read 675
+Re-read 675
+Re-read 675
+Re-read 675
+Re-read 676
+Re-read 676
+Re-read 678
+Re-read 678
+Re-read 678
+Re-read 679
+Re-read 681
+Re-read 683
+Re-read 683
+Re-read 683
+Re-read 684
+Re-read 684
+Re-read 684
+Re-read 685
+Re-read 687

 687 *0010000*1001000*0111001*1110010*0100010*1011000*1001110*1010101*0111100*0011111*0110111*1011101*1110011*1000011*0101100*0011011*0110011*1100010*0001100*1000000*0111110*1110011*0001110*0000111*0111000*0101001*1010011*1101001*0100100*0110011*0101110*1011000*0010100*0000001*1110000*1000001*1100110*1101110*0111010*1100011
Re-read 688
+Re-read 688
+Re-read 688
+Re-read 689
+Re-read 690
+Re-read 690
+Re-read 690
+Re-read 691

 691 *0111010*1001001*1000100*0001110*1111000*1010110*1001111*1000110*0101010*1110111*0000100*0110011*1111111*0110110*1111010*1100000*0100011*0001110*1111111*0010101*1001100*0110001*1100010*0100011*1110111*0000011*1000100*0101010*0111111*1010001*1001101*0011001*1001001*1110010*1000000*1111010*0111001*0001011*0010011*1100011
Re-read 692
+Re-read 692
+Re-read 692
+Re-read 692
+Re-read 692
+Re-read 692
+Re-read 693
+Re-read 693
+Re-read 693
+Re-read 693
+Re-read 693
+Re-read 693
+Re-read 693
+Re-read 694
+Re-read 694
+Re-read 694
+Re-read 694

 694 *1001100*1010110*1010101*1000111*1010100*0001010*0010000*1011111*0100100*0001001*1110100*1101101*0000000*1110001*0110101*0101010*1001101*1110110*1111110*0100001*1001001*0111111*1010000*1101000*0010010*1001011*0000000*1010101*1100110*1101100*0111111*1011001*1100000*1110100*1110000*0100000*1100000*1010010*1001010*0111001
Re-read 695
+Re-read 695
+Re-read 695
+Re-read 695
+Re-read 695
+Re-read 695
+Re-read 697
+Re-read 697
+Re-read 697
+Re-read 697
+Re-read 697
+Re-read 697
+Re-read 697
+Re-read 698
+Re-read 698
+Re-read 698
+Re-read 698

 698 *1100101*1010011*0010000*0101001*0010000*1000011*0011100*1111010*0000110*1000000*1011100*0001101*0100100*1000001*0011001*1110111*1111111*0011111*1010001*1101000*0001111*1111110*0111000*1101111*0110110*1100010*1111101*0111001*1001100*0010011*0010111*1011111*1011110*1010101*1100110*1100011*0000110*0100001*0101110*1010010
Re-read 699
+Re-read 699
+Re-read 699
+Re-read 699
+Re-read 699
+Re-read 699
+Re-read 699
+Re-read 699
+Re-read 700
+Re-read 700
+Re-read 700
+Re-read 701
+Re-read 701
+Re-read 701
+Re-read 701
+Re-read 701
+Re-read 701
+Re-read 701
+Re-read 701
+Re-read 701
+Re-read 702
+Re-read 703
+Re-read 703
+Re-read 703
+Re-read 703
+Re-read 704
+Re-read 705
+Re-read 705
+Re-read 705
+Re-read 705
+Re-read 705
+Re-read 706
+Re-read 706
+Re-read 706
+Re-read 706
+Re-read 707
+Re-read 708
+Re-read 708
+Re-read 708
+Re-read 708
+Re-read 708
+Re-read 708
+Re-read 708
+Re-read 708
+Re-read 708
+Re-read 708
+Re-read 708
+Re-read 708
+Re-read 708
+Re-read 709
+Re-read 709
+Re-read 710
+Re-read 711
+Re-read 712
