LEN=320 RATE=8 RANKFRAC=0.000100 ALPHA=0.162500
param 2528

min = 52
Re-read 378
+Re-read 378
+Re-read 381
+Re-read 386
+Re-read 386
+Re-read 390

 390 *0011001*0000101*0111001*0010110*1110001*1000000*0100111*1011101*1000101*1001000*1110011*1110100*0011110*0110101*1110011*1000101*0100110*0110101*0100110*1011001*0101001*1010100*0110001*1010101*0100010*0000010*1010111*1001000*1000001*0010010*0000111*1011100*0111111*0101010*0110111*0111011*1100011*0100001*0001101*1100111
Re-read 393
+Re-read 393

 393 *1111001*1110110*1100000*0000100*1000000*0100100*0011000*1101111*0011111*1100010*1001100*0000110*0001110*0100000*0111001*0111011*1001010*1101110*0001001*0100101*0001100*1000111*1011000*0110101*1000101*1110010*0011000*1101000*1110000*1011011*1111100*0000010*0110000*0111111*0000000*1001100*0110010*0011100*1101000*0011101
Re-read 399
+Re-read 404
+Re-read 413
+Re-read 416
+Re-read 420
+Re-read 424
+Re-read 426
+Re-read 433
+Re-read 443
+Re-read 444

 444 *1011001*0110100*1000111*0100111*0011000*1101101*0110000*0100011*0101110*1110100*0111111*1011000*0110000*1001111*0000111*1111101*1011011*0110111*1000110*1011000*0111001*0111000*0011010*1110000*0101111*1001110*0010111*0000100*0010111*0001011*0010100*1010001*1000000*1000100*0100001*1010010*0011011*0010010*0100011*0011000
Re-read 448
+Re-read 450
+Re-read 459
+Re-read 466
+Re-read 469
+Re-read 471
+Re-read 471
+Re-read 478
+Re-read 480
+Re-read 482
+Re-read 482
+Re-read 484
+Re-read 485

 485 *1000101*0100001*0011101*0011100*1001100*0110010*1111001*0111110*0001010*0011000*0110000*0110000*0101100*0011100*1111111*1100010*0100011*0111010*0111000*1110110*1101011*1010000*1100111*0000110*0001010*0110000*0101100*1011011*1010001*0100011*1010101*1110010*0000000*0100100*1101010*0000111*0101000*1011101*0001111*0010101
Re-read 487
+Re-read 488
+Re-read 491
+Re-read 493
+Re-read 494
+Re-read 495
+Re-read 497
+Re-read 497
+Re-read 499
+Re-read 500
+Re-read 500
+Re-read 501
+Re-read 502
+Re-read 505
+Re-read 508
+Re-read 511
+Re-read 512
+Re-read 513
+Re-read 513
+Re-read 516
+Re-read 518
+Re-read 522
+Re-read 523
+Re-read 524
+Re-read 524
+Re-read 526
+Re-read 527
+Re-read 529
+Re-read 530
+Re-read 531
+Re-read 535
+Re-read 537
+Re-read 539
+Re-read 541
+Re-read 542
+Re-read 542
+Re-read 542
+Re-read 547
+Re-read 548
+Re-read 551
+Re-read 554
+Re-read 555
+Re-read 555
+Re-read 556
+Re-read 557
+Re-read 559

 559 *0110010*0001000*1011010*0011011*0000010*1110101*1000110*1101101*0100101*0110110*0100001*0111111*0011111*0110011*0010000*0100010*1100100*0001000*0000111*0011111*1101000*1101111*0010101*0110001*0110100*1111010*0101011*1010111*1110010*0100111*0101111*1100001*0001001*1001001*1010001*1110110*0110100*0001100*1100000*1011011
Re-read 563
+Re-read 563
+Re-read 565
+Re-read 567
+Re-read 569

 569 *0101001*1000100*0100101*1111110*0011011*1101011*0011000*1111111*0001111*1111001*1010010*0100100*1001011*1000010*1101010*0110001*0000100*0001110*0101010*1111001*1001100*1011111*1101011*1110011*0110100*0100010*1001010*0011011*1101100*0110010*0110111*1001001*0100011*1011100*0001000*0011111*1110000*0111110*0110100*0000111
Re-read 572
+Re-read 572
+Re-read 572
+Re-read 576
+Re-read 577
+Re-read 580
+Re-read 584
+Re-read 585
+Re-read 585
+Re-read 585
+Re-read 586
+Re-read 588
+Re-read 588
+Re-read 589
+Re-read 590
+Re-read 590
+Re-read 590
+Re-read 590
+Re-read 590
+Re-read 591
+Re-read 591
+Re-read 591
+Re-read 592
+Re-read 592
+Re-read 594
+Re-read 594
+Re-read 595
+Re-read 598
+Re-read 598
+Re-read 599
+Re-read 599
+Re-read 599

 599 *1010110*1110111*0101010*1010110*0111101*0000001*1000001*1011011*1101011*1101001*1110111*0110100*0101010*0010111*1110010*0101010*1111111*1101011*0000101*0010011*1010100*1011000*1101101*1001011*0001110*0010001*0000110*0110100*1110101*1010000*0111000*1001111*1110010*0000101*1011000*1100100*0100011*1110010*1101111*1111100
Re-read 602
+Re-read 602
+Re-read 603
+Re-read 605
+Re-read 606
+Re-read 606
+Re-read 607
+Re-read 607
+Re-read 609
+Re-read 612
+Re-read 612
+Re-read 612
+Re-read 612
+Re-read 613
+Re-read 616
+Re-read 616
+Re-read 616
+Re-read 617
+Re-read 618
+Re-read 618
+Re-read 618
+Re-read 619
+Re-read 619
+Re-read 621
+Re-read 621
+Re-read 621
+Re-read 621
+Re-read 622
+Re-read 622
+Re-read 623
+Re-read 623
+Re-read 623
+Re-read 624
+Re-read 624
+Re-read 626
+Re-read 626
+Re-read 627
+Re-read 627
+Re-read 627
+Re-read 628
+Re-read 628
+Re-read 629
+Re-read 629
+Re-read 630
+Re-read 631
+Re-read 631
+Re-read 631
+Re-read 631
+Re-read 632
+Re-read 633
+Re-read 633
+Re-read 634
+Re-read 635
+Re-read 636
+Re-read 636
+Re-read 637

 637 *1101000*0011100*0001011*1111000*0100000*0101111*0000101*1010010*1100001*1111000*0110101*1010011*1011101*0111000*1010101*1010101*0100011*1010111*0001111*1101111*1000100*0010111*1000011*0110001*0011100*1011010*1111101*0110001*0000110*0010100*1101010*0001011*0001101*0001101*0100110*0011111*1111010*1110101*0000111*1110000
Re-read 639
+Re-read 639
+Re-read 640
+Re-read 642
+Re-read 643
+Re-read 643
+Re-read 645
+Re-read 645
+Re-read 645
+Re-read 645
+Re-read 645
+Re-read 646
+Re-read 648

 648 *1011000*0011011*1000101*1001011*1111101*1101110*1100111*1110000*1111100*1100000*1101010*0010000*1110100*0011010*0111111*1101010*1101000*0001101*1111001*1111101*1000000*0111100*1110010*0111001*0101101*0011101*0101011*1101001*1010000*1000001*1100000*1111110*0010101*0110110*1100101*1110100*1100011*1111001*1010010*1101010
Re-read 651
+Re-read 651
+Re-read 651
+Re-read 652
+Re-read 654
+Re-read 655
+Re-read 655
+Re-read 656
+Re-read 656
+Re-read 656
+Re-read 657
+Re-read 657
+Re-read 657
+Re-read 657
+Re-read 657
+Re-read 657
+Re-read 658
+Re-read 658
+Re-read 659
+Re-read 660
+Re-read 662
+Re-read 663
+Re-read 663
+Re-read 663
+Re-read 663
+Re-read 663
+Re-read 664
+Re-read 664
+Re-read 664
+Re-read 666
+Re-read 666
+Re-read 666
+Re-read 666
+Re-read 666
+Re-read 667
+Re-read 668
+Re-read 669
+Re-read 669
+Re-read 671
+Re-read 671
+Re-read 673
+Re-read 673
+Re-read 673
+Re-read 673
+Re-read 673
+Re-read 675
+Re-read 675
+Re-read 675
+Re-read 675
+Re-read 675
+Re-read 675
+Re-read 675
+Re-read 676
+Re-read 676
+Re-read 676
+Re-read 678
+Re-read 678
+Re-read 681
+Re-read 682
+Re-read 683
+Re-read 683
+Re-read 684
+Re-read 684
+Re-read 684
+Re-read 684
+Re-read 686
+Re-read 687
+Re-read 688
+Re-read 688
+Re-read 689
+Re-read 689
+Re-read 690
+Re-read 690
+Re-read 691
+Re-read 691
+Re-read 692
+Re-read 692
+Re-read 692
+Re-read 692
+Re-read 692
+Re-read 693
+Re-read 693
+Re-read 693
+Re-read 693
+Re-read 693
+Re-read 694
+Re-read 694
+Re-read 694
+Re-read 695
+Re-read 695
+Re-read 695
+Re-read 695
+Re-read 695
+Re-read 696
+Re-read 697
+Re-read 697
+Re-read 697
+Re-read 697
+Re-read 697
+Re-read 697
+Re-read 697
+Re-read 698
+Re-read 698
+Re-read 698
+Re-read 698
+Re-read 698
+Re-read 698
+Re-read 699
+Re-read 699
+Re-read 699
+Re-read 699
+Re-read 699
+Re-read 699
+Re-read 699
+Re-read 700
+Re-read 700
+Re-read 700
+Re-read 701
+Re-read 701
+Re-read 701
+Re-read 701
+Re-read 701
+Re-read 701
+Re-read 701
+Re-read 701
+Re-read 701
+Re-read 701
+Re-read 701
+Re-read 703
+Re-read 703
+Re-read 703
+Re-read 703
+Re-read 703
+Re-read 705
+Re-read 705
+Re-read 705
+Re-read 706
+Re-read 706
+Re-read 706
+Re-read 706
+Re-read 706
+Re-read 706
+Re-read 707
+Re-read 708
+Re-read 708
+Re-read 708
+Re-read 708
+Re-read 708
+Re-read 708
+Re-read 708
+Re-read 708
+Re-read 708
+Re-read 708
+Re-read 708
+Re-read 708
+Re-read 709
+Re-read 709
+Re-read 710
+Re-read 710
+Re-read 712
+Re-read 713
