LEN=320 RATE=8 RANKFRAC=0.000100 ALPHA=0.162500
param 2513

min = 52
Re-read 378
+Re-read 378
+Re-read 380
+Re-read 386
+Re-read 390
+Re-read 391
+Re-read 393
+Re-read 401
+Re-read 413

 413 *1101110*0110001*1100000*1110001*1001101*0010101*1000100*0100011*0111101*1011101*0011010*1110001*0000100*1101111*0100111*1100010*0000001*0111101*0100110*0001000*0000110*1100010*0101100*1011110*1101110*0000111*0111101*1100101*1011010*0100011*0111111*1100001*1000111*0010110*1100000*1101001*0100110*0000101*1011101*1001100
Re-read 417
+Re-read 418
+Re-read 420
+Re-read 426
+Re-read 426

 426 *1001110*1111001*1001001*0110011*0101001*0011001*1101000*0010011*0001000*0010001*0000111*0011111*1000010*1100101*0101110*1111101*0110011*0010011*0110010*0011111*1110110*0101010*0110101*1100100*0000000*1001101*1010000*1110001*1000111*0111011*1000110*1111110*1111000*0101100*1011001*1110110*1111001*1010110*1110100*1010001
Re-read 433
+Re-read 433

 433 *0110001*1101010*0011010*1010001*0101101*1111110*0101100*0001000*1100000*1110100*1110111*0001011*1111111*0111010*0010010*0000010*0100100*0110110*1111011*0110011*1110101*1110011*0111110*0000011*1011000*1110011*1110000*1011110*1001011*1000011*1001100*1111101*1111111*0110111*1100001*0010100*1101001*1000011*1101001*0100001
Re-read 434
+Re-read 443
+Re-read 446
+Re-read 448

 448 *1111111*1010011*1100001*1010111*0101100*0000100*1100111*0111111*1101111*0110100*1111100*0111011*0110111*1001000*0010110*1000101*1011011*1000011*0111101*0101000*0001000*1111101*1111011*1000010*1011010*0001110*0000110*1111000*0110000*1110000*1010010*1000000*0100100*0000001*0010001*1101111*0101001*0100100*1010100*0010100
Re-read 456
+Re-read 457
+Re-read 462
+Re-read 466
+Re-read 469
+Re-read 470
+Re-read 472
+Re-read 478
+Re-read 481
+Re-read 482
+Re-read 483
+Re-read 484
+Re-read 485
+Re-read 488
+Re-read 492
+Re-read 494
+Re-read 495

 495 *1111100*1010011*1100000*0000001*0000000*0001110*0111111*0101101*1000100*1111111*1111010*0110100*1000000*1111101*0010010*1101000*0100000*0110011*1010000*1101000*1100001*1101111*0000111*0101010*0000001*1001010*1111000*0100010*0001101*0011101*0011100*1010111*1111100*0001101*0110111*0001011*1100000*1010011*1001000*0001111
Re-read 497
+Re-read 497
+Re-read 498
+Re-read 500
+Re-read 500
+Re-read 500
+Re-read 501
+Re-read 505

 505 *0110101*0100110*1101001*1111001*1010101*0000100*1100000*0000001*1110000*1111110*0011011*1110100*1011111*1110100*1001101*1111010*1100011*0000010*0001010*1111010*0011000*0001110*0011111*0110011*0000010*0011011*0100000*0001111*1111000*1000010*1001001*1111001*1111001*1000000*0111011*1101011*0101111*0111100*1010110*0001111
Re-read 507
+Re-read 509
+Re-read 511
+Re-read 512
+Re-read 513
+Re-read 516
+Re-read 518
+Re-read 520
+Re-read 523
+Re-read 524
+Re-read 524

 524 *0100001*0101101*0010010*0000001*0111010*1110110*1000110*0110101*1000001*1101101*1010110*1110111*1110000*1000101*0011000*0011100*1000001*1000010*1001000*0001101*1111011*1010010*1011111*0101001*1100111*1011100*0100100*1100110*0011101*1111010*1000101*1111001*0111100*1001100*0111001*1010010*0011111*0001011*0101001*0010011
Re-read 525
+Re-read 527
+Re-read 529
+Re-read 531
+Re-read 532
+Re-read 535
+Re-read 535
+Re-read 538
+Re-read 539
+Re-read 539

 539 *0100110*0100111*0110001*0010110*1001000*0000000*0100000*0100111*1111001*0000110*1011000*1100110*0110010*1001000*0101101*0101010*0001101*1110011*1000101*0100000*0100100*0101010*1000101*1000011*0000111*1100001*0000110*0110111*0010100*0000101*1000111*1110110*1101010*0011010*1001000*1001111*0101111*1110111*1001010*1000001
Re-read 541
+Re-read 542
+Re-read 542
+Re-read 545
+Re-read 547
+Re-read 548
+Re-read 551

 551 *0111101*0001010*1100001*0011000*1010000*0101000*0101010*0010011*0100101*1011101*0111000*0010100*0101001*0101101*1011011*1000110*1101000*0000110*1100000*0111101*1111001*1001111*1110010*0010111*0111110*1101101*1001000*0101000*0000110*0001000*0111110*1000010*1101010*0100011*1001111*0110110*1000000*0001110*1001001*0111111
Re-read 552
+Re-read 553
+Re-read 554
+Re-read 555
+Re-read 556
+Re-read 556
+Re-read 558

 558 *0110100*0000110*1111010*0010111*0100001*1111110*0101110*0101011*1111111*1111011*1111100*0100101*0101101*1100101*1011011*0110011*0000101*0001011*0011000*0111111*0100101*0111110*0000101*1001110*0011010*1010000*0011101*1001110*0011011*0101100*1111001*1011100*0100100*1011001*0101101*1100101*1111000*1100011*0010101*1101010
Re-read 560
+Re-read 562
+Re-read 563
+Re-read 564
+Re-read 565
+Re-read 567
+Re-read 569
+Re-read 572
+Re-read 572
+Re-read 576
+Re-read 576
+Re-read 577
+Re-read 578
+Re-read 582

 582 *0010100*0010100*0101110*0100000*0011100*0010001*0100001*1001010*0000001*1010110*0100011*0110011*1100010*1001000*1010001*0000101*0111111*1010010*1010110*1111100*1000010*1111000*1010000*1010111*1110110*0110100*1000010*0010101*0001101*1110010*1111111*0011101*1110011*1110000*1110000*1010010*0101000*0000010*0110001*0100000
Re-read 585
+Re-read 585
+Re-read 585

 585 *0111000*0101110*0001110*1001001*0001111*1111000*1111000*1011010*1011010*1000001*1001011*0111001*0001011*0000001*1110100*0011000*1000110*0101101*1000101*1001001*0101111*0111110*1100010*0110000*0110110*0100011*0111010*0000011*1100100*0010101*1000000*1000100*0011110*0100100*1011111*0101111*1000010*1011111*1000100*0011011
Re-read 586
+Re-read 586
+Re-read 587
+Re-read 589
+Re-read 589
+Re-read 590
+Re-read 590
+Re-read 590
+Re-read 590
+Re-read 590
+Re-read 591
+Re-read 591
+Re-read 591
+Re-read 591
+Re-read 592
+Re-read 592
+Re-read 592
+Re-read 594
+Re-read 596
+Re-read 598
+Re-read 598
+Re-read 598
+Re-read 599
+Re-read 599
+Re-read 601
+Re-read 602
+Re-read 603
+Re-read 605
+Re-read 606
+Re-read 606
+Re-read 607
+Re-read 607
+Re-read 608
+Re-read 611
+Re-read 612
+Re-read 612
+Re-read 612
+Re-read 613
+Re-read 616
+Re-read 616
+Re-read 617
+Re-read 618
+Re-read 618
+Re-read 619
+Re-read 619
+Re-read 621
+Re-read 621
+Re-read 622
+Re-read 622
+Re-read 623
+Re-read 623
+Re-read 623
+Re-read 624
+Re-read 626
+Re-read 626
+Re-read 627
+Re-read 627
+Re-read 627
+Re-read 627
+Re-read 628
+Re-read 629
+Re-read 629
+Re-read 629
+Re-read 630
+Re-read 631
+Re-read 631
+Re-read 631
+Re-read 631
+Re-read 631
+Re-read 632
+Re-read 633
+Re-read 633
+Re-read 634
+Re-read 634
+Re-read 634
+Re-read 636
+Re-read 636
+Re-read 637
+Re-read 638

 638 *1010011*1101011*0101000*1000000*0110000*1101110*1010010*1000101*1000110*1010101*1100000*0011000*1101010*1100110*1110100*1010111*0110101*1000011*0010000*0111001*1011001*0000101*0001000*1001011*0001011*1011011*1100001*1111010*1000010*0110001*1000111*1000110*1001111*1101101*0110000*1111001*0010111*1110100*1000001*1011101
Re-read 640
+Re-read 640
+Re-read 642
+Re-read 643
+Re-read 644

 644 *1101110*1111001*1011101*0100010*1010000*1001000*1010000*0001011*1010010*1010110*1101001*1001110*0100110*0000101*0011101*0001100*1001000*0000101*0100000*0100001*1111010*1100110*0001100*0101001*0100101*0000001*1011111*0111011*1111111*1100010*0011110*1111110*1011000*1001000*1101111*1110110*1001010*0110000*1101100*0101011
Re-read 645
+Re-read 645
+Re-read 645
+Re-read 645
+Re-read 645
+Re-read 647
+Re-read 650
+Re-read 650
+Re-read 651
+Re-read 652
+Re-read 652
+Re-read 654
+Re-read 655
+Re-read 655
+Re-read 656
+Re-read 656
+Re-read 657
+Re-read 657
+Re-read 657
+Re-read 657
+Re-read 657
+Re-read 658
+Re-read 658
+Re-read 658
+Re-read 659
+Re-read 659

 659 *1011110*0111110*0010100*0010001*1001110*1001111*0100000*1110001*1010001*0000100*1101000*0111000*0110001*1111001*1010011*1100001*1000110*0110001*1010110*1110111*0010101*0110000*1111001*1100101*1101100*1111010*0000010*1110110*0011100*0001100*1010000*0100010*0100000*0011110*0111101*0101111*0000010*0100100*0100000*1000110
Re-read 663
+Re-read 663
+Re-read 663
+Re-read 663
+Re-read 663
+Re-read 663
+Re-read 664
+Re-read 664
+Re-read 664
+Re-read 666
+Re-read 666
+Re-read 666
+Re-read 666
+Re-read 666
+Re-read 666
+Re-read 667
+Re-read 667
+Re-read 668
+Re-read 669
+Re-read 669
+Re-read 669
+Re-read 671
+Re-read 671
+Re-read 673
+Re-read 673
+Re-read 673
+Re-read 673
+Re-read 675
+Re-read 675
+Re-read 675
+Re-read 675
+Re-read 675
+Re-read 675
+Re-read 675
+Re-read 676
+Re-read 676
+Re-read 678
+Re-read 678
+Re-read 679
+Re-read 682
+Re-read 683
+Re-read 683
+Re-read 684
+Re-read 684
+Re-read 684

 684 *1101001*0010000*1111111*1110111*0000001*1010110*0011111*0101010*0110101*1000011*1000000*0001010*1010101*1010001*0011001*0100001*0111100*1101100*1010001*1000010*1000000*0010110*0011111*0011100*0111010*1110110*1011001*1110100*1111011*0000010*0010010*1000111*0000111*0010111*0010010*0011010*0001010*0101111*1110000*0101101
Re-read 686
+Re-read 686
+Re-read 687
+Re-read 688
+Re-read 688
+Re-read 689
+Re-read 689
+Re-read 689
+Re-read 690
+Re-read 690
+Re-read 691
+Re-read 691
+Re-read 692
+Re-read 692
+Re-read 692
+Re-read 692
+Re-read 692
+Re-read 693
+Re-read 693
+Re-read 693
+Re-read 693
+Re-read 693
+Re-read 693
+Re-read 693
+Re-read 694
+Re-read 694
+Re-read 694
+Re-read 694
+Re-read 695
+Re-read 695
+Re-read 695
+Re-read 695
+Re-read 695
+Re-read 695
+Re-read 697
+Re-read 697
+Re-read 697
+Re-read 697
+Re-read 697
+Re-read 697
+Re-read 698
+Re-read 698
+Re-read 698
+Re-read 698
+Re-read 698
+Re-read 699
+Re-read 699
+Re-read 699
+Re-read 699
+Re-read 699
+Re-read 699
+Re-read 699
+Re-read 700
+Re-read 700
+Re-read 700
+Re-read 700
+Re-read 701
+Re-read 701
+Re-read 701
+Re-read 701
+Re-read 701
+Re-read 701
+Re-read 701
+Re-read 701
+Re-read 701
+Re-read 701
+Re-read 702
+Re-read 702
+Re-read 703
+Re-read 703
+Re-read 703
+Re-read 703
+Re-read 704
+Re-read 705
+Re-read 705
+Re-read 705
+Re-read 705
+Re-read 705
+Re-read 706
+Re-read 706
+Re-read 706
+Re-read 706
+Re-read 706
+Re-read 706
+Re-read 706
+Re-read 707
+Re-read 708
+Re-read 708
+Re-read 708
+Re-read 708
+Re-read 708
+Re-read 708
+Re-read 708
+Re-read 708
+Re-read 708
+Re-read 708
+Re-read 708
+Re-read 708
+Re-read 708
+Re-read 708
+Re-read 709
+Re-read 710
+Re-read 710
+Re-read 712
+Re-read 712
