LEN=320 RATE=8 RANKFRAC=0.000100 ALPHA=0.162500
param 2518

min = 52
Re-read 378
+Re-read 378
+Re-read 380
+Re-read 383
+Re-read 386
+Re-read 388
+Re-read 392
+Re-read 396
+Re-read 410
+Re-read 414
+Re-read 418
+Re-read 420
+Re-read 425
+Re-read 426
+Re-read 428
+Re-read 433

 433 *0111000*0001001*1000111*1000011*1100001*0100110*0011111*1011001*1010011*0110111*0101000*1001101*1000001*1000010*0111111*1001111*1100100*1010001*1000110*1100010*1101000*1101011*1001001*0100000*1011010*1010001*0100101*1110001*1111110*0001110*1001001*0111100*1000011*0100111*0100010*1110001*0110000*0001110*1010110*0000000
Re-read 438
+Re-read 441
+Re-read 444
+Re-read 448

 448 *0001010*0111101*1000011*0001100*0100010*0000001*1110000*0100011*1011010*0100101*0001010*1001010*0001111*1001001*1010110*0101110*1001111*1100001*0001000*1000000*0011011*1111000*0000011*1111100*1011010*1110001*0001000*0110000*0110010*1100001*0110110*1010001*0111100*0011111*1111111*1110110*1110111*0011011*1000000*1011110
Re-read 451
+Re-read 455
+Re-read 459
+Re-read 466
+Re-read 469
+Re-read 470
+Re-read 471

 471 *1101111*0001000*1110100*1101110*0000001*1101011*1010010*1111100*1110101*0011100*0000000*0110001*1110111*0001100*0110011*1111110*0100100*1010110*0010010*0011100*0110010*0111110*0100100*0110100*0010111*0111111*0101010*1011111*0010110*0100010*1010100*0100010*0000110*1110010*0011101*0001000*0001110*0100100*0001011*1100100
Re-read 478
+Re-read 478
+Re-read 482
+Re-read 482
+Re-read 483
+Re-read 484
+Re-read 485

 485 *0001000*0010000*0100101*1001101*1110110*0011000*1000101*0111000*1111110*0110100*0000000*0011001*0000101*1110000*0010100*0110011*1111011*0010010*1110011*1111011*0100001*1100111*1101101*1101001*1111011*0001111*1011110*1100010*1110111*1111011*0001110*1111111*1101000*0101011*0000100*1000101*0000111*1111100*1000111*1000010
Re-read 486
+Re-read 487
+Re-read 491
+Re-read 493
+Re-read 494
+Re-read 496
+Re-read 497
+Re-read 497
+Re-read 500
+Re-read 500
+Re-read 501
+Re-read 503
+Re-read 505
+Re-read 508
+Re-read 511
+Re-read 512
+Re-read 513
+Re-read 513
+Re-read 516

 516 *1111111*1001111*0011000*1100100*1101100*1100111*1110011*1011111*0101011*1100000*1000010*1000011*0111101*0010101*1001010*0100100*1111110*0001100*0100010*0111011*1110001*1100100*0011111*1001011*0000011*0011111*1101110*0001111*0110100*0101001*0001110*1001100*0110100*0101001*0000111*0100101*1010010*1011111*1111100*1111000
Re-read 519
+Re-read 521
+Re-read 523
+Re-read 524
+Re-read 524
+Re-read 525
+Re-read 527

 527 *0011101*0000001*1101110*1010110*0101111*0010010*1010110*0100001*1011101*1011100*1011011*0001111*0000000*1001000*1000000*0110011*1110111*0010110*0110000*1111110*1000010*1011001*0010111*1101100*0000011*1001100*1101101*1110101*0111010*1001011*0000011*1110001*1101111*1110000*0111110*1111111*1101000*0001111*1011010*0100111
Re-read 530
+Re-read 530
+Re-read 533
+Re-read 535
+Re-read 537
+Re-read 539
+Re-read 539
+Re-read 542
+Re-read 542
+Re-read 542
+Re-read 547
+Re-read 549
+Re-read 551
+Re-read 553
+Re-read 555
+Re-read 555
+Re-read 556
+Re-read 556

 556 *0110100*1001010*0100000*0110001*0011110*1111110*1001001*1000101*0010000*0111110*0100111*0100100*0001001*0111110*1101000*1010001*0110100*1110101*1100111*1011110*1000001*0011111*1101100*1100001*1100111*1001001*0100110*1110011*1111110*1000010*1111100*0011010*1110000*0100100*0101111*1110100*1111100*1000110*1011000*0111111
Re-read 558
+Re-read 558

 558 *1010101*1010110*0000101*0000001*0101100*0011011*0100001*0111111*1100000*0111101*0110100*0000011*0110111*0011000*0010011*0011110*0010000*1011011*1001001*1010011*0011010*1110100*1001111*1001000*1111110*0001110*1000111*1001001*0011111*1100101*0100110*0011100*1110001*1000011*1111000*0101111*1100011*1101001*1110101*1010111
Re-read 562
+Re-read 563
+Re-read 563
+Re-read 564
+Re-read 565
+Re-read 567
+Re-read 568
+Re-read 569
+Re-read 572
+Re-read 573
+Re-read 576
+Re-read 576

 576 *0101011*0011000*0100101*0000111*1000010*0010011*0000011*1111100*1111101*0001110*1010100*1001001*1111100*0100111*0111001*1111001*1100100*1100110*1001110*1011010*0011101*0101100*1000100*1110000*1000011*1010000*1101011*0010100*0001100*0011011*0101010*0110011*0011101*1111001*0110101*0100000*0000100*0100110*1110000*0111111
Re-read 578
+Re-read 578
+Re-read 582
+Re-read 584
+Re-read 585
+Re-read 585
+Re-read 586
+Re-read 587
+Re-read 589
+Re-read 589
+Re-read 590
+Re-read 590
+Re-read 590
+Re-read 590
+Re-read 590
+Re-read 591
+Re-read 591
+Re-read 591
+Re-read 591
+Re-read 592
+Re-read 592
+Re-read 593
+Re-read 594
+Re-read 595
+Re-read 598
+Re-read 598
+Re-read 598
+Re-read 599
+Re-read 599
+Re-read 601
+Re-read 602
+Re-read 603
+Re-read 603
+Re-read 604
+Re-read 606
+Re-read 606
+Re-read 606
+Re-read 607
+Re-read 607
+Re-read 609

 609 *0010110*1001101*0000011*0010000*1001010*1001001*1110010*0011001*0100101*1100001*1000111*0001010*1111000*0001111*1010000*1000010*0001011*0001110*0100001*1000111*1010110*1111111*0100000*1100000*1111111*0111100*1101000*0100011*0010001*1011011*1101111*1110101*0111101*0001011*1101110*1000110*1011101*1000110*0111110*1001110
Re-read 612
+Re-read 612
+Re-read 612
+Re-read 612
+Re-read 612
+Re-read 613
+Re-read 614
+Re-read 615
+Re-read 616
+Re-read 616
+Re-read 617
+Re-read 618
+Re-read 618
+Re-read 618
+Re-read 619
+Re-read 621
+Re-read 621
+Re-read 622

 622 *0000000*1001011*0110110*0000101*0110110*1001010*1010011*1000110*1001001*0101011*0010011*1011000*1111001*1001011*0100000*1000101*0001110*1110011*0110000*1101011*0100011*0110011*1100000*0110010*0111000*1110100*0010100*1011010*1011110*1110101*0001111*0111101*1001011*0111001*0100000*1010001*1111100*0110011*0111111*1100100
Re-read 623
+Re-read 623
+Re-read 623
+Re-read 624
+Re-read 625
+Re-read 626

 626 *0100001*1000100*0010010*1010000*1011000*0010011*0111101*1000000*0011010*0111000*0001011*0101101*0101111*1111010*1001010*1100011*1100000*1011110*1110010*0000110*1000001*0111101*1111101*0001011*0101101*1100100*0111100*1111010*0111100*0111001*1001101*1010111*1111101*0100100*0010010*1010000*0011110*1001111*0110101*1101011
Re-read 627
+Re-read 627
+Re-read 627
+Re-read 627
+Re-read 627
+Re-read 627
+Re-read 628
+Re-read 629
+Re-read 629
+Re-read 631
+Re-read 631
+Re-read 631
+Re-read 632
+Re-read 633
+Re-read 633
+Re-read 634
+Re-read 635
+Re-read 636
+Re-read 636
+Re-read 637
+Re-read 639
+Re-read 639
+Re-read 642
+Re-read 643
+Re-read 643
+Re-read 643
+Re-read 645
+Re-read 645
+Re-read 645
+Re-read 645
+Re-read 645
+Re-read 645
+Re-read 647
+Re-read 648
+Re-read 650
+Re-read 651
+Re-read 653
+Re-read 654
+Re-read 655
+Re-read 655
+Re-read 656
+Re-read 656
+Re-read 656
+Re-read 657
+Re-read 657
+Re-read 657
+Re-read 657
+Re-read 657
+Re-read 658
+Re-read 658
+Re-read 659
+Re-read 660
+Re-read 662
+Re-read 663
+Re-read 663
+Re-read 663
+Re-read 663
+Re-read 663
+Re-read 664
+Re-read 664
+Re-read 664
+Re-read 664
+Re-read 666
+Re-read 666
+Re-read 666
+Re-read 666
+Re-read 667
+Re-read 667
+Re-read 669
+Re-read 669
+Re-read 669
+Re-read 671
+Re-read 671
+Re-read 673
+Re-read 673
+Re-read 673
+Re-read 673
+Re-read 675
+Re-read 675
+Re-read 675
+Re-read 675
+Re-read 675
+Re-read 675
+Re-read 676
+Re-read 676
+Re-read 676
+Re-read 678
+Re-read 678
+Re-read 679
+Re-read 680
+Re-read 681
+Re-read 681
+Re-read 683
+Re-read 683
+Re-read 684
+Re-read 684
+Re-read 684
+Re-read 685
+Re-read 687
+Re-read 688
+Re-read 688
+Re-read 689
+Re-read 689
+Re-read 690
+Re-read 690
+Re-read 690
+Re-read 691
+Re-read 692
+Re-read 692
+Re-read 692
+Re-read 692
+Re-read 692
+Re-read 692
+Re-read 693
+Re-read 693
+Re-read 693
+Re-read 693
+Re-read 693
+Re-read 693
+Re-read 693
+Re-read 694
+Re-read 694
+Re-read 694
+Re-read 695
+Re-read 695
+Re-read 695
+Re-read 695
+Re-read 696
+Re-read 697
+Re-read 697
+Re-read 697
+Re-read 697
+Re-read 697
+Re-read 697
+Re-read 697
+Re-read 697
+Re-read 698
+Re-read 698
+Re-read 698
+Re-read 698
+Re-read 698
+Re-read 699
+Re-read 699
+Re-read 699
+Re-read 699
+Re-read 699
+Re-read 699
+Re-read 699
+Re-read 699
+Re-read 700
+Re-read 700
+Re-read 701
+Re-read 701
+Re-read 701
+Re-read 701
+Re-read 701
+Re-read 701
+Re-read 701
+Re-read 701
+Re-read 701
+Re-read 702
+Re-read 703
+Re-read 703
+Re-read 703
+Re-read 703
+Re-read 703
+Re-read 705
+Re-read 705
+Re-read 705
+Re-read 706
+Re-read 706
+Re-read 706
+Re-read 706
+Re-read 706
+Re-read 706
+Re-read 706
+Re-read 707
+Re-read 708
+Re-read 708
+Re-read 708
+Re-read 708
+Re-read 708
+Re-read 708
+Re-read 708
+Re-read 708
+Re-read 708
+Re-read 708
+Re-read 708
+Re-read 708
+Re-read 709
+Re-read 709
+Re-read 709
+Re-read 710
+Re-read 711
+Re-read 713
