LEN=320 RATE=8 RANKFRAC=0.000100 ALPHA=0.162500
param 2519

min = 52
Re-read 378
+Re-read 378

 378 *1110001*0011011*1101110*0011101*1110111*0101101*0101100*1011010*0001000*1101010*0100011*0000110*0000100*1111010*1011000*0011000*0100111*0010011*1001010*1000001*1101011*1110010*1101101*1100011*0101100*0111100*0110101*0001110*1110101*1001100*1001110*1110100*0000001*0001010*0000000*0101001*0101111*0101011*1110010*1100001
Re-read 379
+Re-read 381
+Re-read 386
+Re-read 390

 390 *1101010*1110110*0000101*1001111*1011100*0010110*0111111*0000010*0111111*0100001*0001101*0011010*1110010*0110111*0001011*1010101*1000100*1110011*1001000*1001000*1000100*0010001*0010001*1100011*0001000*1001011*1011100*1011011*0100001*0111001*1010011*0011000*1110001*0001010*1101100*0000111*0111100*0001100*0110010*1110110
Re-read 392
+Re-read 393

 393 *1001011*1110011*1100111*1110110*0001000*0111000*1000100*1100111*1111101*1111001*0111001*1101100*0011011*0011000*1110011*0111000*0010100*1111001*0011010*0100011*1111111*1011010*0101010*0101101*0110000*0100000*1101100*0111110*1011101*1111111*1101100*0100001*0000111*1110011*1000101*0101101*1001111*1000001*0101001*1101101
Re-read 407
+Re-read 413
+Re-read 414
+Re-read 418

 418 *0000111*0111110*0000010*1000000*1010001*1111101*1100100*1110110*1101101*1010010*0101100*1111100*0100011*0111110*0000000*1011010*0110000*1011100*0000110*0110000*0100000*1111101*1110000*0110111*1111010*1011011*0101011*0101100*1100000*0101001*0010100*1000101*0010111*1111001*1010100*0101010*1000111*0101010*0000101*1110010
Re-read 423
+Re-read 424
+Re-read 426
+Re-read 433
+Re-read 441
+Re-read 444
+Re-read 448
+Re-read 450

 450 *1011111*0101111*0000111*0001110*0011001*1010010*1111101*1110101*0100101*0101000*1110110*1001001*0101100*0010000*0000100*0010110*1011000*1010110*1111111*1101000*1110111*1111000*1100001*0011010*1011100*0000000*1010000*0100000*0100011*1010101*1000010*0011010*0000111*1000010*1110001*0100001*0111111*0101011*0100010*0000111
Re-read 457

 457 *0010100*1000011*0000000*1011001*0001111*1111011*0010001*1011010*1001101*1010010*0011001*0101100*1101111*0110010*0111100*1011110*0010111*0110110*1110101*0110001*0000011*0010001*0010110*1011110*1000110*0000011*1010000*1000100*0000000*1001001*0110001*1000111*0000100*0000001*1011100*1000101*0010011*0010010*0011000*0111011
Re-read 463
+Re-read 464
+Re-read 468
+Re-read 469
+Re-read 470
+Re-read 471

 471 *1010011*0001000*1011010*1010110*1101000*1011110*1011001*1010110*1110110*1110101*1010110*1001011*1101011*0011110*0100111*1010100*1000011*1101000*1010101*0011001*0100001*0010100*1000000*1001000*0101100*1011001*1110010*0010001*0100011*1110110*1010001*0101000*0110100*1011000*0001001*0111010*1001010*0100101*1010010*1010100
Re-read 475
+Re-read 476
+Re-read 479
+Re-read 482
+Re-read 483
+Re-read 485
+Re-read 485
+Re-read 489
+Re-read 493
+Re-read 495
+Re-read 497
+Re-read 497
+Re-read 498
+Re-read 500
+Re-read 500
+Re-read 501
+Re-read 502
+Re-read 505
+Re-read 506
+Re-read 511
+Re-read 512
+Re-read 513
+Re-read 518
+Re-read 521
+Re-read 523
+Re-read 524
+Re-read 524
+Re-read 525
+Re-read 528
+Re-read 529
+Re-read 531
+Re-read 531
+Re-read 534
+Re-read 536
+Re-read 538
+Re-read 539

 539 *1010010*0001111*1101101*0000000*0010000*0010111*1111011*0010100*1011100*1100101*0010100*0000010*1100110*1100111*0001100*0101000*1101001*1100111*0000010*0000000*1101001*0101111*0111100*1000111*0100100*1110001*1110101*1000111*1101111*0101111*0111100*0001001*0000000*0001000*1111010*1000010*0001111*1011100*0110111*1110110
Re-read 542
+Re-read 542
+Re-read 542
+Re-read 547

 547 *1001001*0011101*0011011*1110011*0101001*0010010*1001000*0011100*0101111*1101001*1010001*0001000*1010100*0111010*1101111*1101000*1101000*0001000*0000011*0011010*0000011*1100101*0111100*0000010*0100001*0110001*0101111*0101001*1111100*0101110*0010100*0100110*0111101*0100111*1000010*0100111*0111011*1010111*1011111*0110010
Re-read 550
+Re-read 550
+Re-read 551
+Re-read 553
+Re-read 555
+Re-read 556
+Re-read 557
+Re-read 558
+Re-read 562
+Re-read 563
+Re-read 565
+Re-read 565
+Re-read 567
+Re-read 571
+Re-read 572
+Re-read 576
+Re-read 577
+Re-read 577
+Re-read 580
+Re-read 584
+Re-read 585
+Re-read 585
+Re-read 585
+Re-read 586
+Re-read 588
+Re-read 589

 589 *0001001*0000001*1000101*0010001*1101110*1110000*0011101*0001010*0101111*0011110*1110001*1011111*0001010*0111001*0001011*1010101*1111101*0111000*0110110*1001001*1111100*0111100*1010011*1011110*0111111*0010101*1010000*0111001*0111100*0011001*0011101*0001010*1100110*1010100*0111110*1011110*0001000*0001111*0000010*0111111
Re-read 590
+Re-read 590
+Re-read 590
+Re-read 590

 590 *1110111*0100011*0011101*0110101*0100100*0000010*0001110*1011001*0001010*0100110*1100000*0000110*1110000*0000011*0001111*1100100*0111010*1100001*1001100*0110001*1111111*0100010*0100111*1110100*0100011*1100100*1110000*0110010*1110101*0001110*1001101*1111000*1001000*0001011*0101000*0000011*0110110*1000111*0010110*1100000
Re-read 591
+Re-read 591
+Re-read 591
+Re-read 591
+Re-read 592
+Re-read 594
+Re-read 595
+Re-read 598
+Re-read 599
+Re-read 599
+Re-read 599
+Re-read 602
+Re-read 602
+Re-read 603
+Re-read 604
+Re-read 606
+Re-read 606
+Re-read 607
+Re-read 607
+Re-read 607
+Re-read 607
+Re-read 609
+Re-read 611
+Re-read 612
+Re-read 612
+Re-read 612

 612 *0011111*0011010*0100111*0100101*1110110*1000100*1011011*1100111*1011110*1110100*0001001*1010001*0101011*1111001*1110001*0010110*1101101*0000110*1000110*0011111*0011110*0001010*0001100*0100011*0101011*1101101*1101111*0101111*0101101*0011110*0010001*0001000*1110001*0110100*0000100*0100111*0010101*1111110*1011010*1110111
Re-read 613
+Re-read 613
+Re-read 616
+Re-read 616
+Re-read 616
+Re-read 616
+Re-read 617
+Re-read 618
+Re-read 618
+Re-read 619
+Re-read 621
+Re-read 621
+Re-read 621
+Re-read 622
+Re-read 623
+Re-read 623
+Re-read 623
+Re-read 624
+Re-read 624
+Re-read 626
+Re-read 626
+Re-read 627
+Re-read 627
+Re-read 627
+Re-read 628
+Re-read 628
+Re-read 629
+Re-read 629
+Re-read 630
+Re-read 631
+Re-read 631
+Re-read 631
+Re-read 632
+Re-read 633
+Re-read 633
+Re-read 634
+Re-read 634
+Re-read 635
+Re-read 636
+Re-read 636
+Re-read 636
+Re-read 637
+Re-read 639
+Re-read 639

 639 *0010100*1111111*0000000*1110001*1111101*1100101*1110011*0000101*1111111*0100100*1011101*1110100*1110011*0010110*1011110*1111100*0111000*0001011*1001101*1011101*0101101*0010111*1101110*0010001*0001001*1110111*0000001*0010010*0000011*1000011*1101010*1010000*0000000*1010111*1010111*0101100*0000001*0001011*0001001*0001010
Re-read 643
+Re-read 643
+Re-read 643
+Re-read 643
+Re-read 645
+Re-read 645
+Re-read 645
+Re-read 645
+Re-read 645
+Re-read 645
+Re-read 645

 645 *1111011*1111000*1010110*0100100*0000011*0011000*1001110*0000010*0000110*0011000*0110101*1011110*1011100*1010010*1011111*1001011*0100100*1000101*1001111*0100110*0001110*0000110*0010000*0011000*0010001*0110111*0010010*0010111*1110101*1101110*1000001*1010111*1010100*1110000*1010110*1001011*1111111*1001111*1100111*1100011
Re-read 646
+Re-read 647
+Re-read 650
+Re-read 651

 651 *1001010*1110110*0100101*1111111*0001000*1101000*0001100*0101100*0111111*0011011*1001001*0000010*1000001*1011110*1110001*0010000*0000001*1011110*0100110*0010010*1111111*0100110*0100100*1101001*1001101*1011011*0001110*1100011*0000010*0111000*0010001*0001101*1010110*1000000*1001111*1100001*1110011*1000010*1110110*0010000
Re-read 652
+Re-read 652
+Re-read 653
+Re-read 654
+Re-read 655
+Re-read 655
+Re-read 656
+Re-read 656
+Re-read 657
+Re-read 657
+Re-read 657
+Re-read 657
+Re-read 657
+Re-read 657
+Re-read 658
+Re-read 658
+Re-read 659
+Re-read 660
+Re-read 660
+Re-read 662
+Re-read 663
+Re-read 663
+Re-read 663
+Re-read 663
+Re-read 663
+Re-read 663
+Re-read 664
+Re-read 664
+Re-read 664
+Re-read 666
+Re-read 666
+Re-read 666
+Re-read 666
+Re-read 666
+Re-read 667
+Re-read 667
+Re-read 669
+Re-read 669
+Re-read 670
+Re-read 671
+Re-read 671
+Re-read 673
+Re-read 673
+Re-read 673
+Re-read 673
+Re-read 673
+Re-read 675
+Re-read 675
+Re-read 675
+Re-read 675
+Re-read 675
+Re-read 675
+Re-read 675

 675 *0010000*1110011*0001111*0110000*1001111*0111111*0111001*1010111*0101000*0100101*1001000*1100011*0111001*1101111*1110000*0111100*1011001*1001111*0011000*0011010*0000100*0001010*1110011*0010101*0011100*0001100*1010100*0110100*0100001*1101111*0110100*0000110*1100000*1010000*0011111*1100110*1110111*1101110*1110000*1010100
Re-read 676
+Re-read 676
+Re-read 676
+Re-read 678
+Re-read 678
+Re-read 679
+Re-read 681
+Re-read 682
+Re-read 683
+Re-read 683
+Re-read 683
+Re-read 683
+Re-read 684
+Re-read 684
+Re-read 684
+Re-read 686
+Re-read 687
+Re-read 687

 687 *1000011*1111100*1000110*0011010*1111101*0110000*0111110*1000111*0100001*0001001*1100100*0011010*1000110*0011100*1110000*1101000*0011101*0101100*0101101*1011101*0100111*0000010*0101000*0011000*0111011*0000001*0000000*0011000*1011101*0101110*1111001*1011011*0110011*1010111*1101100*0000101*1011011*0000000*0111100*0100111
Re-read 689
+Re-read 689
+Re-read 689
+Re-read 689
+Re-read 690
+Re-read 690
+Re-read 691
+Re-read 692
+Re-read 692
+Re-read 692
+Re-read 692
+Re-read 692
+Re-read 692
+Re-read 693
+Re-read 693
+Re-read 693
+Re-read 693
+Re-read 693
+Re-read 693
+Re-read 694
+Re-read 694
+Re-read 694
+Re-read 694
+Re-read 694
+Re-read 695
+Re-read 695
+Re-read 695
+Re-read 695
+Re-read 697
+Re-read 697
+Re-read 697
+Re-read 697
+Re-read 697
+Re-read 697
+Re-read 698
+Re-read 698
+Re-read 698
+Re-read 698
+Re-read 698
+Re-read 698
+Re-read 699
+Re-read 699
+Re-read 699
+Re-read 699
+Re-read 699
+Re-read 699
+Re-read 700
+Re-read 700
+Re-read 700
+Re-read 701
+Re-read 701
+Re-read 701
+Re-read 701
+Re-read 701
+Re-read 701
+Re-read 701
+Re-read 701
+Re-read 701
+Re-read 702
+Re-read 702
+Re-read 703
+Re-read 703
+Re-read 703
+Re-read 703
+Re-read 703
+Re-read 703
+Re-read 703
+Re-read 704
+Re-read 705
+Re-read 705
+Re-read 705
+Re-read 706
+Re-read 706
+Re-read 706
+Re-read 706
+Re-read 706
+Re-read 707
+Re-read 708
+Re-read 708
+Re-read 708
+Re-read 708
+Re-read 708
+Re-read 708
+Re-read 708
+Re-read 708
+Re-read 708
+Re-read 708
+Re-read 708
+Re-read 708

 708 *0100100*1111110*0101111*0010110*1101000*0001101*0101110*1110111*0010101*1000010*0010111*0011100*0100011*0011101*0110010*1011111*0101010*0011011*0001011*1100111*0100011*1111100*0101001*1010111*0000111*1001111*1000001*1100001*0001100*1001000*1110011*1111100*0101001*1101010*1111111*1111000*0011111*1100110*0011011*1001011
Re-read 709
+Re-read 709
+Re-read 709
+Re-read 709
+Re-read 711
+Re-read 712
