LEN=320 RATE=8 RANKFRAC=0.000100 ALPHA=0.162500
param 2515

min = 52
Re-read 378
+Re-read 378
+Re-read 380
+Re-read 383
+Re-read 386
+Re-read 390
+Re-read 391
+Re-read 401
+Re-read 404
+Re-read 413
+Re-read 417
+Re-read 420
+Re-read 426
+Re-read 426
+Re-read 432
+Re-read 433
+Re-read 439
+Re-read 444
+Re-read 446

 446 *1001010*0111110*0010110*0110100*1011101*1010011*0000010*0000000*0111010*1110101*0001011*0101111*1100110*1010010*1110100*1100110*0100101*1101010*0001110*0010010*0000111*0000100*0000001*0011111*1010111*0000101*0110000*0100011*0001111*0011000*0101110*1010110*0000100*1100000*0101101*1011101*0111110*1100000*0010011*1000100
Re-read 450
+Re-read 452

 452 *0011000*1000101*0011110*0001011*1111111*1100111*0010101*0001100*1010101*1100000*0100111*0000101*0110110*0000000*1001110*0010110*1111111*0001000*0001110*1110110*0000101*0111100*1010100*0010111*1101100*1101011*0110110*0101110*0001111*0101101*1100011*1001011*1001000*0010001*0101001*1111101*0000111*1000100*0010100*0011111
Re-read 460
+Re-read 460

 460 *1000101*1001010*0001110*0110011*1100001*0111101*1110100*1110011*1000101*0111111*0011100*1100011*1110110*1000110*1110111*1010111*1001111*1100100*0110001*1001111*0100111*1101101*0000100*0000110*1101001*0010010*1101111*1111011*1011000*1100100*0111010*0111001*0100000*0011111*1100110*0010000*0110111*0000100*0101000*0101000
Re-read 465
+Re-read 466
+Re-read 469
+Re-read 470
+Re-read 471
+Re-read 476
+Re-read 479
+Re-read 482
+Re-read 482
+Re-read 483
+Re-read 483
+Re-read 485
+Re-read 487
+Re-read 490
+Re-read 493
+Re-read 495
+Re-read 497
+Re-read 497
+Re-read 500
+Re-read 500
+Re-read 500
+Re-read 501
+Re-read 503
+Re-read 505
+Re-read 508
+Re-read 511
+Re-read 512
+Re-read 513
+Re-read 516
+Re-read 518
+Re-read 521
+Re-read 523
+Re-read 524
+Re-read 524
+Re-read 524
+Re-read 527
+Re-read 528
+Re-read 530
+Re-read 531
+Re-read 535
+Re-read 535
+Re-read 537
+Re-read 539
+Re-read 539
+Re-read 542
+Re-read 542
+Re-read 545
+Re-read 548
+Re-read 550
+Re-read 551
+Re-read 553
+Re-read 554
+Re-read 555
+Re-read 555
+Re-read 555
+Re-read 556
+Re-read 556
+Re-read 558
+Re-read 559
+Re-read 563
+Re-read 565
+Re-read 568
+Re-read 569
+Re-read 572
+Re-read 573
+Re-read 576
+Re-read 577
+Re-read 577
+Re-read 580
+Re-read 584
+Re-read 584
+Re-read 585
+Re-read 585
+Re-read 586
+Re-read 586
+Re-read 588
+Re-read 589
+Re-read 589
+Re-read 590
+Re-read 590
+Re-read 590
+Re-read 590
+Re-read 591
+Re-read 591
+Re-read 591
+Re-read 592
+Re-read 592
+Re-read 592
+Re-read 594
+Re-read 598
+Re-read 598
+Re-read 599
+Re-read 599
+Re-read 599
+Re-read 601
+Re-read 602
+Re-read 602
+Re-read 603
+Re-read 604
+Re-read 606
+Re-read 606
+Re-read 606
+Re-read 607
+Re-read 607
+Re-read 607
+Re-read 609
+Re-read 612
+Re-read 612
+Re-read 612
+Re-read 613
+Re-read 614
+Re-read 616
+Re-read 616
+Re-read 616
+Re-read 617
+Re-read 617
+Re-read 618
+Re-read 618

 618 *1101011*0010010*1001000*1000111*1010111*1010010*1011100*0110101*0000100*0000001*0101000*0001110*1111101*0101110*1111011*1011110*0101011*0110110*1110010*1001001*0111110*1101000*1000110*1111110*0110111*0011011*0011111*1100000*1000001*1001011*1111110*0000110*1010111*0101101*0010000*0001011*0001100*1100011*1110110*0001000
Re-read 619
+Re-read 619
+Re-read 621
+Re-read 621
+Re-read 621
+Re-read 623
+Re-read 623
+Re-read 623
+Re-read 624
+Re-read 626
+Re-read 626
+Re-read 627
+Re-read 627
+Re-read 627
+Re-read 627
+Re-read 628
+Re-read 629
+Re-read 629
+Re-read 630
+Re-read 631
+Re-read 631
+Re-read 631
+Re-read 632
+Re-read 633
+Re-read 634
+Re-read 634
+Re-read 635
+Re-read 636
+Re-read 636
+Re-read 637
+Re-read 637
+Re-read 639
+Re-read 642
+Re-read 643
+Re-read 643
+Re-read 644
+Re-read 645
+Re-read 645
+Re-read 645
+Re-read 645
+Re-read 645
+Re-read 645
+Re-read 647
+Re-read 650
+Re-read 651
+Re-read 651
+Re-read 652
+Re-read 654
+Re-read 655
+Re-read 655
+Re-read 656
+Re-read 656
+Re-read 656
+Re-read 657
+Re-read 657
+Re-read 657
+Re-read 657
+Re-read 657
+Re-read 657
+Re-read 658
+Re-read 658
+Re-read 659

 659 *1011101*1010010*1101111*0100010*0101110*1111111*1000011*0001001*1111001*0001110*1110110*0010011*1001001*0101010*1100110*1110011*1000101*1100110*0101001*1101111*0111111*1100100*1000010*0000001*0010010*0111100*1111001*0111011*0110100*0111111*1101010*0101110*1011100*1001111*1101111*0000011*0010101*1000010*0110001*1010101
Re-read 660
+Re-read 660
+Re-read 662
+Re-read 663
+Re-read 663
+Re-read 663
+Re-read 664
+Re-read 664
+Re-read 664
+Re-read 664
+Re-read 665
+Re-read 666
+Re-read 666
+Re-read 666
+Re-read 666
+Re-read 666
+Re-read 667

 667 *1011010*0101010*0111011*1110111*1111000*0000111*0101111*0110011*0101010*0011110*1101001*1100110*0011100*1010000*0110111*1110111*1001101*1001111*1111000*0101101*1010011*1010001*0110101*1101000*1001110*1000101*1110010*1010000*0111000*1001000*0111101*0000001*0110110*0010000*1111010*1111101*0111111*0011110*0101111*1011110
Re-read 668
+Re-read 669
+Re-read 669
+Re-read 669
+Re-read 669
+Re-read 671
+Re-read 673
+Re-read 673
+Re-read 673
+Re-read 673
+Re-read 674
+Re-read 675
+Re-read 675
+Re-read 675
+Re-read 675
+Re-read 675
+Re-read 675
+Re-read 676
+Re-read 676
+Re-read 678
+Re-read 678
+Re-read 679
+Re-read 680
+Re-read 681
+Re-read 683
+Re-read 683
+Re-read 683
+Re-read 683
+Re-read 684
+Re-read 684
+Re-read 684
+Re-read 686
+Re-read 687
+Re-read 688
+Re-read 688
+Re-read 689

 689 *1010000*0001000*1011110*1101001*1000010*0001001*0001010*0110011*0000111*0001001*0011101*0111110*0010100*1110100*0001101*1111001*1110111*1010001*1100111*1000000*1100111*1000111*0101101*0010110*0000000*1001100*1001010*0111111*0111111*0000101*1111000*0101010*1000000*1001001*1100111*0111001*0011011*0000111*0001110*0010011
Re-read 690
+Re-read 690
+Re-read 691
+Re-read 691
+Re-read 692
+Re-read 692
+Re-read 692
+Re-read 692
+Re-read 692
+Re-read 693
+Re-read 693
+Re-read 693
+Re-read 693
+Re-read 693
+Re-read 693
+Re-read 694
+Re-read 694
+Re-read 694
+Re-read 695
+Re-read 695
+Re-read 695
+Re-read 695
+Re-read 695
+Re-read 696
+Re-read 697
+Re-read 697
+Re-read 697
+Re-read 697
+Re-read 697
+Re-read 698
+Re-read 698
+Re-read 698
+Re-read 698
+Re-read 698
+Re-read 698
+Re-read 698
+Re-read 699
+Re-read 699
+Re-read 699
+Re-read 699
+Re-read 699
+Re-read 700
+Re-read 700
+Re-read 700
+Re-read 700
+Re-read 701
+Re-read 701
+Re-read 701
+Re-read 701
+Re-read 701
+Re-read 701
+Re-read 701
+Re-read 701
+Re-read 701
+Re-read 701
+Re-read 702
+Re-read 703
+Re-read 703
+Re-read 703
+Re-read 703
+Re-read 703
+Re-read 704
+Re-read 705
+Re-read 705
+Re-read 705
+Re-read 706
+Re-read 706
+Re-read 706
+Re-read 706
+Re-read 706
+Re-read 708
+Re-read 708
+Re-read 708
+Re-read 708
+Re-read 708
+Re-read 708
+Re-read 708
+Re-read 708
+Re-read 708
+Re-read 708
+Re-read 708
+Re-read 708
+Re-read 709
+Re-read 709
+Re-read 709
+Re-read 710
+Re-read 712
