LEN=320 RATE=8 RANKFRAC=0.000100 ALPHA=0.162500
param 257

min = 52
Re-read 378
+Re-read 378
+Re-read 381
+Re-read 384
+Re-read 386
+Re-read 391

 391 *1111000*1100000*0000111*1000011*0010000*0100010*1100110*0111110*1101001*1111100*1110001*1010101*1101100*0110110*0101110*1000000*1100000*0010011*0111100*1000100*0101100*0011011*1110100*0101010*0111101*0010000*0100000*1111000*1011100*0011001*1100110*0010111*1111100*1001011*1100010*1011101*1101001*1111100*0000111*1100110
Re-read 397
+Re-read 405
+Re-read 410
+Re-read 414
+Re-read 416
+Re-read 420

 420 *1011000*1010000*0000111*0111100*0010010*0110110*1111011*0111101*1101110*0010010*0111111*0110001*0100001*0011110*1111101*1110000*0100011*0111111*1000000*0100101*0100110*0001001*0000010*1000011*1001000*0000011*1000111*0111000*1110101*0001100*0010100*0100100*0110010*0110101*0111111*1101100*0100100*0011001*1110001*1100101
Re-read 422
+Re-read 426

 426 *0110110*1010000*1000111*0010011*1010111*1100110*0100001*1101111*1010110*1001110*1100000*1011110*0001110*0111011*1011101*0110001*1111100*0110100*1101001*1100000*1010000*1110010*0000010*0111000*0001001*0111101*0111000*0011011*0000110*1110110*1101111*1101111*1100011*0010100*0110001*0101101*1100000*1101010*1000010*1000111
Re-read 430
+Re-read 432
+Re-read 433
+Re-read 443
+Re-read 446
+Re-read 448
+Re-read 452
+Re-read 457
+Re-read 465

 465 *0010001*0010110*0101100*0010100*1100111*0010100*1001000*0011110*0010000*0000001*0001010*1000010*1001111*1001000*0100011*0110011*0001111*1101011*1100000*1110010*0101010*1001100*1000011*1110000*1111001*1111110*1100110*1110001*1110000*0011011*0011000*0111110*1110111*1000101*1100011*0000010*0111110*1011001*0110111*1000111
Re-read 469
+Re-read 469
+Re-read 470
+Re-read 471

 471 *1010010*1111110*0000001*0110001*1111101*0101110*0101110*0011001*0100111*1010111*0111101*1011010*1101101*1000011*0101001*0100010*1100110*1001101*1110001*1001001*1110000*0110111*0011001*0110010*0000010*1101011*1011001*0111001*0001000*0101100*0010001*1100011*1111100*0100000*0001110*0001100*0010100*0011111*0011001*1110101
Re-read 473
+Re-read 477

 477 *0101010*0010011*1101101*0111000*1101001*1101111*0000111*1000111*0010011*0111011*1101101*1110000*1100011*0011110*0010010*0000110*0110000*0000000*1011100*0000111*0100110*0010011*1110101*0110111*1010011*1011111*0100110*1100101*0011101*0010010*1011000*1011000*1111110*0100111*0100001*0010100*0111111*0001111*1010110*1011010
Re-read 480
+Re-read 482
+Re-read 482
+Re-read 483

 483 *0011011*1110011*1100011*1111011*0000111*0010010*0111001*1001011*0111111*1110111*1001001*1110110*1010100*1101111*0110000*1011101*1001001*0101011*1011000*0010011*0010000*1010010*0101000*0111011*0101111*1010000*1110001*0000111*0000100*0010011*1100100*0011111*0110011*0000000*0001111*0111101*0101011*1101011*1111101*0000101
Re-read 485
+Re-read 485
+Re-read 487
+Re-read 491
+Re-read 494
+Re-read 497
+Re-read 497

 497 *0011001*1000100*0100111*0010000*1101111*0001101*1000111*0000111*0010101*0111000*1111101*1010011*1100010*1011110*0111110*1010101*0000110*0100000*0010000*0110000*0011111*1000000*0110110*1000100*0111100*0000111*0001101*1001000*0010011*0101001*0110000*0010110*0111010*0100010*1101011*0101100*1111110*1000111*1001000*1111000
Re-read 498
+Re-read 498
+Re-read 500
+Re-read 500
+Re-read 501
+Re-read 502
+Re-read 505
+Re-read 508

 508 *1110110*0001100*1010000*1010001*1111000*1101111*1000110*0001011*0000111*0100110*1011100*1101100*0000101*1000011*0000110*1000001*0001111*0000011*1001000*1000001*1100000*0101011*0110111*1010110*0111110*1010000*1000001*0000000*0010010*0011011*0000100*1100100*1000100*1100100*1000101*0000011*1001011*1001011*1100111*1011010
Re-read 511
+Re-read 512
+Re-read 512
+Re-read 513
+Re-read 515
+Re-read 518
+Re-read 521
+Re-read 523
+Re-read 524
+Re-read 524
+Re-read 527

 527 *0010011*0111011*0010000*0100101*1100110*1100101*0010001*1111110*0001000*0001011*0100111*0100011*0111010*0101111*1110010*1101010*1101000*1000111*0011110*1010110*1000001*0100011*0000100*0000101*1101011*1111101*0110011*0111010*0110100*0101011*1000100*0000110*1100001*0101000*0101000*1110000*0101110*0100101*0011011*1000011
Re-read 529
+Re-read 530
+Re-read 531
+Re-read 532
+Re-read 535
+Re-read 536
+Re-read 538
+Re-read 539

 539 *1000010*0110110*1000001*1000001*1010000*0011010*1100000*1100100*1011010*1101011*1001011*1010111*1010110*1110001*1010100*0001100*0111011*0100100*0111100*0100001*1110000*1111101*0111000*0000101*1000000*1100011*0001010*0011111*0110111*0000110*1000011*1001101*1110111*0111100*1101101*1011101*0010000*1111000*1011010*0011000
Re-read 540
+Re-read 542
+Re-read 542
+Re-read 542
+Re-read 546
+Re-read 547
+Re-read 550
+Re-read 551
+Re-read 552
+Re-read 553
+Re-read 554
+Re-read 555
+Re-read 556
+Re-read 556
+Re-read 558
+Re-read 559
+Re-read 563
+Re-read 564
+Re-read 565
+Re-read 567
+Re-read 568
+Re-read 571
+Re-read 572
+Re-read 576
+Re-read 577
+Re-read 578
+Re-read 583
+Re-read 584
+Re-read 585
+Re-read 586

 586 *0010001*1110101*0001101*0001000*0001110*0010011*0010100*0000000*0010100*0111111*1101000*0100100*0000001*1101101*1100011*1000110*0110000*1100101*1001011*1001111*0001010*1111110*0000101*1100101*0011111*1111001*1100100*1110001*0010111*1000011*0010000*0010111*1001001*1110111*0001101*1100011*1000001*0000111*0111000*1010000
Re-read 587
+Re-read 588
+Re-read 589
+Re-read 590
+Re-read 590
+Re-read 590
+Re-read 590
+Re-read 590
+Re-read 591
+Re-read 591
+Re-read 591
+Re-read 591
+Re-read 592
+Re-read 592
+Re-read 594
+Re-read 595
+Re-read 598
+Re-read 598
+Re-read 598
+Re-read 599
+Re-read 599
+Re-read 601
+Re-read 602

 602 *0101001*1100110*1000010*1001111*0110000*1101101*0101000*0011110*1101100*1101101*1000000*0000100*1100101*1000011*0011010*1101000*1100111*0000100*1101010*0000110*0000011*1010111*0010001*0111110*0001000*1001111*1101101*0100001*0010001*1101000*1010100*0010110*0000110*0001111*0001000*1100000*0101011*0110101*1111000*0010001
Re-read 603
+Re-read 603
+Re-read 604
+Re-read 606
+Re-read 606
+Re-read 607
+Re-read 607
+Re-read 607
+Re-read 609
+Re-read 612
+Re-read 612
+Re-read 614
+Re-read 615
+Re-read 616
+Re-read 616
+Re-read 617
+Re-read 617
+Re-read 618
+Re-read 618
+Re-read 619
+Re-read 620
+Re-read 621
+Re-read 621
+Re-read 622
+Re-read 623
+Re-read 623
+Re-read 623
+Re-read 624
+Re-read 626
+Re-read 626
+Re-read 627
+Re-read 627
+Re-read 627
+Re-read 627
+Re-read 628
+Re-read 629
+Re-read 629
+Re-read 630
+Re-read 631
+Re-read 631
+Re-read 631
+Re-read 631
+Re-read 632
+Re-read 633
+Re-read 633
+Re-read 634
+Re-read 635
+Re-read 636
+Re-read 636
+Re-read 636
+Re-read 637
+Re-read 639
+Re-read 639
+Re-read 643
+Re-read 643
+Re-read 643
+Re-read 643
+Re-read 644
+Re-read 645
+Re-read 645
+Re-read 645
+Re-read 645
+Re-read 645
+Re-read 647
+Re-read 650
+Re-read 651
+Re-read 651
+Re-read 652
+Re-read 654
+Re-read 654
+Re-read 655
+Re-read 655
+Re-read 656
+Re-read 656
+Re-read 657
+Re-read 657
+Re-read 657
+Re-read 657
+Re-read 657
+Re-read 658
+Re-read 658
+Re-read 659
+Re-read 660
+Re-read 663
+Re-read 663
+Re-read 663
+Re-read 663
+Re-read 663
+Re-read 663
+Re-read 664
+Re-read 664
+Re-read 664
+Re-read 665
+Re-read 666
+Re-read 666
+Re-read 666
+Re-read 666
+Re-read 666
+Re-read 666
+Re-read 667
+Re-read 668
+Re-read 669
+Re-read 669
+Re-read 669
+Re-read 671
+Re-read 673
+Re-read 673
+Re-read 673
+Re-read 673
+Re-read 673
+Re-read 673
+Re-read 675
+Re-read 675
+Re-read 675
+Re-read 675
+Re-read 675
+Re-read 675
+Re-read 675
+Re-read 676
+Re-read 676
+Re-read 676
+Re-read 678
+Re-read 678
+Re-read 679
+Re-read 679
+Re-read 681
+Re-read 682
+Re-read 683
+Re-read 683
+Re-read 684
+Re-read 684
+Re-read 684
+Re-read 686
+Re-read 687
+Re-read 687
+Re-read 688
+Re-read 688
+Re-read 689
+Re-read 689
+Re-read 690
+Re-read 690
+Re-read 691
+Re-read 691
+Re-read 692
+Re-read 692
+Re-read 692
+Re-read 692
+Re-read 693
+Re-read 693
+Re-read 693
+Re-read 693
+Re-read 693
+Re-read 693
+Re-read 694
+Re-read 694
+Re-read 694
+Re-read 695
+Re-read 695
+Re-read 695
+Re-read 695
+Re-read 695
+Re-read 697
+Re-read 697
+Re-read 697
+Re-read 697
+Re-read 697
+Re-read 697
+Re-read 698
+Re-read 698
+Re-read 698
+Re-read 698
+Re-read 698
+Re-read 698
+Re-read 699
+Re-read 699
+Re-read 699
+Re-read 699
+Re-read 699
+Re-read 699
+Re-read 699
+Re-read 700
+Re-read 700
+Re-read 700
+Re-read 700
+Re-read 700
+Re-read 701
+Re-read 701
+Re-read 701
+Re-read 701
+Re-read 701
+Re-read 701
+Re-read 701
+Re-read 701
+Re-read 701
+Re-read 702
+Re-read 702
+Re-read 703
+Re-read 703
+Re-read 703
+Re-read 703
+Re-read 703

 703 *1001001*0110001*1011011*1111101*1110100*1000101*0101111*0010000*1110111*1110100*0011101*0100000*1011111*0111100*1111000*1010001*1010000*0111100*0110000*1011001*0111101*0110111*1001110*1010011*1001100*0111101*0010111*1110010*1000000*0101000*0010100*0001100*0011111*0010100*0000010*1001001*0111111*0000000*1110101*1011110
Re-read 704
+Re-read 705
+Re-read 705
+Re-read 705
+Re-read 705
+Re-read 705
+Re-read 706
+Re-read 706
+Re-read 706
+Re-read 706
+Re-read 706
+Re-read 706
+Re-read 707
+Re-read 708
+Re-read 708
+Re-read 708
+Re-read 708
+Re-read 708
+Re-read 708
+Re-read 708
+Re-read 708
+Re-read 708
+Re-read 708
+Re-read 708
+Re-read 708
+Re-read 709
+Re-read 709
+Re-read 709
+Re-read 711
+Re-read 712
+Re-read 712
