LEN=320 RATE=8 RANKFRAC=0.000100 ALPHA=0.162500
param 2529

min = 52
Re-read 378
+Re-read 378
+Re-read 380
+Re-read 383
+Re-read 386
+Re-read 390
+Re-read 392
+Re-read 401

 401 *1000101*1100110*0111100*1011110*0100100*1001010*0111000*1101010*1111111*0011000*0101010*0110011*0011001*0111011*0011010*0011111*0001010*0010000*0000001*0110010*1010011*0100011*1101011*0110000*0000110*0010100*0110111*1001101*1000111*0001111*0100110*1111000*0100101*1100000*1110000*1101100*1001100*0010100*1010000*0100011
Re-read 410
+Re-read 413
+Re-read 414

 414 *1010011*0001000*1010010*0111001*0110001*0100011*0011111*0011111*1000110*0100110*1001100*1110000*1010100*1001001*1111000*1110000*0100110*1100010*0011111*0111101*0100001*0101010*0110111*1011000*1011000*0000011*1011101*0101100*1111111*0011110*0001100*1011111*0110001*1010010*0100110*0011011*0111110*0001101*1000000*0010011
Re-read 419
+Re-read 420
+Re-read 426
+Re-read 426
+Re-read 433

 433 *1011101*1011101*1000100*0101000*1010000*0111101*0000101*0011011*0011001*0101010*0111101*1011101*0110101*1010000*1100110*0001000*0101110*0011001*1011100*1100111*1101110*1011011*0000010*1000010*1010011*0000110*0001010*0010001*1111011*1000000*0101101*1000111*0101001*1110001*0010111*0110110*0100111*1111010*1011011*0010101
Re-read 437

 437 *0111010*1000110*1011101*0111101*0100100*1011000*1111110*1100010*0111011*0010000*1110111*1000010*0001010*0011110*1100100*1011111*1001000*0011011*0001011*0110010*0000001*0000110*0001010*1100011*1111000*0011111*1001011*1011101*0010000*1111000*0110010*0111110*1111111*1110001*0111110*1100110*0110100*1011011*1110110*1111111
Re-read 444

 444 *1110001*1000000*1010001*1001000*1001011*1011101*1111000*1010011*0110001*1110001*0111111*0111000*1010011*0111101*0100100*0010001*0100000*0100010*0110001*0010000*1111010*0011000*0111011*1111100*1101111*0101101*1010101*0101000*1000011*1110110*1000110*1100111*1100001*1011001*0001101*0001100*0110101*1001000*1011001*0111111
Re-read 446
+Re-read 446
+Re-read 448
+Re-read 456
+Re-read 462
+Re-read 466
+Re-read 468
+Re-read 470
+Re-read 470
+Re-read 471
+Re-read 476
+Re-read 480
+Re-read 482
+Re-read 482
+Re-read 484
+Re-read 487

 487 *1011101*0000010*1110101*1010110*1001001*1001100*0100001*1101110*1100010*0110111*1001011*0000011*0011001*0100001*0011111*0110111*0111110*0010111*1010001*1010000*1101000*1100111*1011101*1001010*1110110*0001011*1011110*1011111*1111001*0000110*1000011*1110101*1100100*1110100*0001111*1111001*0001101*1001101*0000001*1000011
Re-read 491
+Re-read 491
+Re-read 493
+Re-read 495
+Re-read 497
+Re-read 499
+Re-read 500
+Re-read 500
+Re-read 501
+Re-read 503
+Re-read 505
+Re-read 508
+Re-read 511
+Re-read 512
+Re-read 513
+Re-read 518
+Re-read 521
+Re-read 523
+Re-read 523
+Re-read 524
+Re-read 524
+Re-read 527
+Re-read 528
+Re-read 529
+Re-read 531
+Re-read 534
+Re-read 535
+Re-read 537
+Re-read 539
+Re-read 539
+Re-read 542
+Re-read 542
+Re-read 542

 542 *0010111*1000110*1100000*1010101*1000001*1100010*0101001*1000010*0101010*1110000*1111001*1111010*0001000*1011000*0100010*0011101*0000000*0111111*0010110*1101101*1011001*0100110*0011100*0100110*1000101*1101100*0000011*1101111*1101000*1110100*0001110*0001111*1011000*1110110*0010101*1000110*0110111*0000110*1100011*0001110
Re-read 545
+Re-read 548
+Re-read 550
+Re-read 551
+Re-read 553
+Re-read 555
+Re-read 555
+Re-read 556
+Re-read 556
+Re-read 557
+Re-read 558
+Re-read 562
+Re-read 563
+Re-read 565
+Re-read 566
+Re-read 567
+Re-read 568
+Re-read 569
+Re-read 572
+Re-read 573
+Re-read 576
+Re-read 577
+Re-read 577
+Re-read 580
+Re-read 584
+Re-read 585
+Re-read 585
+Re-read 585
+Re-read 586
+Re-read 588
+Re-read 589
+Re-read 589
+Re-read 589
+Re-read 590
+Re-read 590
+Re-read 590
+Re-read 590
+Re-read 591
+Re-read 591
+Re-read 591
+Re-read 592
+Re-read 592
+Re-read 594
+Re-read 595
+Re-read 598
+Re-read 599
+Re-read 599
+Re-read 601
+Re-read 602
+Re-read 602
+Re-read 602
+Re-read 604
+Re-read 606
+Re-read 606
+Re-read 607
+Re-read 607
+Re-read 607
+Re-read 609
+Re-read 612
+Re-read 612
+Re-read 612
+Re-read 613
+Re-read 614
+Re-read 616
+Re-read 616
+Re-read 617
+Re-read 617
+Re-read 618
+Re-read 618
+Re-read 619
+Re-read 620
+Re-read 621
+Re-read 621
+Re-read 621
+Re-read 622
+Re-read 622
+Re-read 623
+Re-read 623
+Re-read 623
+Re-read 624
+Re-read 624
+Re-read 626
+Re-read 627
+Re-read 627
+Re-read 627
+Re-read 627
+Re-read 627
+Re-read 628
+Re-read 629
+Re-read 629
+Re-read 630
+Re-read 631
+Re-read 631
+Re-read 631
+Re-read 631
+Re-read 632
+Re-read 632
+Re-read 633
+Re-read 634
+Re-read 634
+Re-read 635
+Re-read 636
+Re-read 636
+Re-read 637
+Re-read 639
+Re-read 639
+Re-read 640
+Re-read 643
+Re-read 643
+Re-read 643
+Re-read 644
+Re-read 645
+Re-read 645
+Re-read 645
+Re-read 645
+Re-read 645
+Re-read 645

 645 *1110011*1100111*0000100*0010100*0011011*0110010*1010111*1011100*1011100*0010101*0100101*1000110*1101000*1100001*0000001*1100000*0110000*1101101*0110101*0011001*1011011*0110110*1110001*1100111*1100110*1100111*1100010*0100000*0001000*0111100*0000110*0011111*1100001*1110100*0001100*1000111*1101100*1111011*1110100*1100001
Re-read 648
+Re-read 648
+Re-read 650
+Re-read 651
+Re-read 651
+Re-read 654
+Re-read 654
+Re-read 655
+Re-read 655
+Re-read 655
+Re-read 656
+Re-read 656
+Re-read 657
+Re-read 657
+Re-read 657
+Re-read 657
+Re-read 657
+Re-read 657
+Re-read 658
+Re-read 658
+Re-read 659
+Re-read 660
+Re-read 660
+Re-read 662
+Re-read 663
+Re-read 663
+Re-read 663
+Re-read 663
+Re-read 663
+Re-read 663
+Re-read 664
+Re-read 664
+Re-read 664
+Re-read 665
+Re-read 666
+Re-read 666
+Re-read 666
+Re-read 666
+Re-read 666
+Re-read 667
+Re-read 667
+Re-read 668
+Re-read 669
+Re-read 669
+Re-read 669
+Re-read 669
+Re-read 671
+Re-read 671

 671 *0110000*1101100*0110001*0101000*0101110*0001000*0100111*0110111*0001011*0101011*1110100*0001101*1001111*0100100*1010100*1011101*0101100*0110101*0011101*1010100*1111111*1101000*0001010*0000110*0010000*0100101*0001110*0000010*1001101*1100110*0000111*1110010*0001011*0100110*1001110*1110100*1111100*1000100*0100010*1011000
Re-read 673
+Re-read 673
+Re-read 673
+Re-read 673

 673 *0100101*0111010*1101010*0001111*1000000*1001000*1011110*0110010*0000011*0001111*0111010*1101111*1111111*1100001*1111101*1000110*1001000*1100011*0101000*0000000*1001110*0101100*1010011*1000001*1101100*1011100*1101011*1000110*0010110*0111010*0011101*0111101*0101011*0011110*1111000*0001110*1111110*1001011*1011001*1110110
Re-read 675
+Re-read 675
+Re-read 675
+Re-read 675
+Re-read 675
+Re-read 675
+Re-read 675
+Re-read 676
+Re-read 676
+Re-read 676
+Re-read 676
+Re-read 678
+Re-read 679
+Re-read 680
+Re-read 681
+Re-read 683
+Re-read 683
+Re-read 683
+Re-read 684
+Re-read 684
+Re-read 684
+Re-read 686
+Re-read 687
+Re-read 688
+Re-read 688
+Re-read 688
+Re-read 689
+Re-read 690
+Re-read 690
+Re-read 691
+Re-read 691
+Re-read 692
+Re-read 692
+Re-read 692
+Re-read 692
+Re-read 692
+Re-read 692
+Re-read 693
+Re-read 693
+Re-read 693
+Re-read 693
+Re-read 693
+Re-read 693
+Re-read 693
+Re-read 693
+Re-read 694
+Re-read 694
+Re-read 694
+Re-read 695
+Re-read 695
+Re-read 695
+Re-read 695
+Re-read 695
+Re-read 697
+Re-read 697
+Re-read 697
+Re-read 697
+Re-read 697
+Re-read 697
+Re-read 698
+Re-read 698
+Re-read 698
+Re-read 698
+Re-read 698
+Re-read 698
+Re-read 698
+Re-read 698
+Re-read 699
+Re-read 699
+Re-read 699
+Re-read 699
+Re-read 699
+Re-read 699
+Re-read 699
+Re-read 700
+Re-read 700
+Re-read 700
+Re-read 701
+Re-read 701
+Re-read 701
+Re-read 701
+Re-read 701
+Re-read 701
+Re-read 701
+Re-read 701
+Re-read 701
+Re-read 702
+Re-read 703
+Re-read 703
+Re-read 703
+Re-read 703
+Re-read 703
+Re-read 705
+Re-read 705
+Re-read 705
+Re-read 705
+Re-read 705
+Re-read 706
+Re-read 706
+Re-read 706
+Re-read 706
+Re-read 706
+Re-read 707
+Re-read 708
+Re-read 708
+Re-read 708
+Re-read 708
+Re-read 708
+Re-read 708
+Re-read 708
+Re-read 708
+Re-read 708
+Re-read 708
+Re-read 709
+Re-read 709
+Re-read 709
+Re-read 710
+Re-read 711
+Re-read 713
