LEN=320 RATE=8 RANKFRAC=0.000100 ALPHA=0.162500
param 2527

min = 52
Re-read 378
+Re-read 378
+Re-read 382
+Re-read 384
+Re-read 388
+Re-read 391
+Re-read 394
+Re-read 410
+Re-read 413

 413 *0110011*0111101*0110001*0111001*0010001*0110000*1010101*0000111*1001001*0011101*1110101*1111001*0111110*1111010*1101101*1101010*1010011*0101010*1101111*1101010*1101011*1011111*1010000*0100010*0001100*0011100*1111111*1100001*0000000*0011011*1111000*1000101*0110011*1000101*0110101*0100011*0111100*0101000*0011001*1000111
Re-read 415
+Re-read 417
+Re-read 420
+Re-read 424
+Re-read 426
+Re-read 433
+Re-read 441
+Re-read 444
+Re-read 448
+Re-read 449

 449 *0001001*0110000*0100110*0110101*0000100*1111111*0111111*1100101*0000010*0001010*0000001*0100001*0000101*1000011*1111010*1110101*0001010*0110000*1000010*0010110*1101001*0101101*0111000*0111011*1100011*0001100*0000111*1101101*1001111*1000011*1001011*0010001*1110000*1000001*0110100*1101101*0100101*0100001*1000001*0110001
Re-read 454
+Re-read 455
+Re-read 462
+Re-read 468
+Re-read 469
+Re-read 470
+Re-read 471
+Re-read 478
+Re-read 482
+Re-read 482
+Re-read 484
+Re-read 485
+Re-read 489
+Re-read 494
+Re-read 495
+Re-read 497
+Re-read 497
+Re-read 497
+Re-read 498
+Re-read 500
+Re-read 500
+Re-read 500
+Re-read 501
+Re-read 503
+Re-read 505
+Re-read 511
+Re-read 511
+Re-read 512
+Re-read 512
+Re-read 513

 513 *1001011*1101010*1001000*0010111*1011011*0101110*1111010*1001010*0111000*0110110*1110001*0000111*1111111*0011110*0110101*0111010*0001000*1011100*1111100*1001000*0100000*0110000*1110010*0000001*0101010*1100011*0011110*0101111*0110111*1011111*0100111*0110100*0001001*0001100*0000001*0011100*0101101*1101100*0110010*1010111
Re-read 518
+Re-read 518
+Re-read 519
+Re-read 523
+Re-read 524
+Re-read 524
+Re-read 524
+Re-read 524
+Re-read 527
+Re-read 529
+Re-read 531
+Re-read 535
+Re-read 536
+Re-read 537
+Re-read 539
+Re-read 539
+Re-read 542
+Re-read 542
+Re-read 542
+Re-read 542

 542 *0110110*1100010*1010101*1100100*0000000*0110010*1110101*0000100*1000101*1111101*1100001*1101110*0011100*0010000*1111001*0100001*0100110*0011010*1111011*0011011*1101100*0111001*1010110*0011011*0101100*1110101*0100000*1000011*0000101*1111111*1000010*0011011*1111100*1000011*0111111*1110110*0011000*0000110*0011110*0110000
Re-read 548
+Re-read 548
+Re-read 548
+Re-read 551
+Re-read 552
+Re-read 554
+Re-read 555
+Re-read 555
+Re-read 556
+Re-read 558
+Re-read 558
+Re-read 561
+Re-read 563
+Re-read 564
+Re-read 565
+Re-read 567
+Re-read 569
+Re-read 569
+Re-read 572
+Re-read 575
+Re-read 576
+Re-read 577
+Re-read 578

 578 *1001001*1110000*0000111*1111110*1010110*0101000*1010111*1100111*1101000*0010001*0110100*0110111*1101011*0001001*1110110*1111110*1110111*0010010*1011100*1101001*0101001*1110110*0011011*0010011*1011101*1101110*1000110*1000001*0001010*1101001*1011011*1101011*0000011*0100000*0111110*0110011*0111111*0101101*1100101*1000101
Re-read 583
+Re-read 583
+Re-read 584
+Re-read 585
+Re-read 585
+Re-read 586
+Re-read 586
+Re-read 587
+Re-read 588
+Re-read 589
+Re-read 590
+Re-read 590
+Re-read 590
+Re-read 590
+Re-read 591
+Re-read 591
+Re-read 591
+Re-read 592
+Re-read 592
+Re-read 594
+Re-read 596
+Re-read 598
+Re-read 598
+Re-read 599
+Re-read 599
+Re-read 599
+Re-read 601
+Re-read 602
+Re-read 603

 603 *0010000*0110110*0010110*0000010*1111001*1000000*1011100*1001001*1010010*1011000*0010110*0101111*1101101*1000001*0110001*0101110*0100001*1110011*1110001*1001111*0000111*1111001*1000100*1011110*0110001*0010001*1000101*1111100*0000101*1110111*1101111*0110000*0101111*1111110*0101110*0110011*0011010*1110001*1101010*0100101
Re-read 604
+Re-read 604
+Re-read 606
+Re-read 606
+Re-read 607
+Re-read 607
+Re-read 608
+Re-read 609
+Re-read 612
+Re-read 612
+Re-read 613
+Re-read 616
+Re-read 616
+Re-read 616
+Re-read 617
+Re-read 617
+Re-read 618
+Re-read 619
+Re-read 621
+Re-read 621
+Re-read 621
+Re-read 622
+Re-read 622
+Re-read 623
+Re-read 623
+Re-read 623
+Re-read 624
+Re-read 624
+Re-read 626
+Re-read 626
+Re-read 627
+Re-read 627

 627 *0110101*1001001*1010111*0000010*0101010*0100010*1111010*0101010*1000000*0010100*1101111*0001010*1001000*0101000*0011001*0000110*0000111*0011001*1101101*1000100*1110101*0111111*1100101*0110000*1011101*0000011*0101001*1100110*1010001*0000100*0110100*0011010*0010100*1011110*0111101*1101011*1011111*0110101*0100000*0010110
Re-read 628
+Re-read 628
+Re-read 628
+Re-read 629
+Re-read 629
+Re-read 630
+Re-read 631
+Re-read 631
+Re-read 631
+Re-read 631
+Re-read 632
+Re-read 633
+Re-read 634
+Re-read 634
+Re-read 635
+Re-read 636
+Re-read 637

 637 *0001000*1101111*1100011*0110100*1000111*0011100*0101100*1000100*0000011*1111100*0001010*1101000*0011100*0110100*0100010*0111111*0011110*1011000*0011011*1100001*1010101*0010101*1010111*0111101*0111010*1111010*1011111*0001110*1111000*1100101*0101100*1010101*1110001*1000100*0110010*0001100*1001101*0111000*1101100*0000001
Re-read 638
+Re-read 639
+Re-read 639
+Re-read 643
+Re-read 643
+Re-read 644
+Re-read 645
+Re-read 645
+Re-read 645
+Re-read 645
+Re-read 645
+Re-read 647
+Re-read 650
+Re-read 651
+Re-read 651
+Re-read 653
+Re-read 654
+Re-read 654
+Re-read 655
+Re-read 655
+Re-read 655
+Re-read 656
+Re-read 656
+Re-read 657
+Re-read 657
+Re-read 657
+Re-read 657
+Re-read 657
+Re-read 657
+Re-read 657
+Re-read 658

 658 *0001011*1101010*0011010*1010001*1110101*0100010*0011001*0100011*1010000*0111000*0101001*1101111*0010101*0110011*0000000*0101101*1111111*0000101*0111011*0001010*0010001*0010000*1100100*0110101*0101110*0001101*0010100*0100000*1000001*0111011*1010000*0000111*1110000*1000110*0111110*1010110*1111111*0011011*1010011*0011101
Re-read 659
+Re-read 659
+Re-read 659
+Re-read 660
+Re-read 662
+Re-read 663
+Re-read 663
+Re-read 663
+Re-read 663
+Re-read 663
+Re-read 664
+Re-read 664
+Re-read 664
+Re-read 666
+Re-read 666
+Re-read 666
+Re-read 666
+Re-read 666
+Re-read 667
+Re-read 667
+Re-read 668
+Re-read 669
+Re-read 669
+Re-read 670
+Re-read 671
+Re-read 671
+Re-read 673
+Re-read 673
+Re-read 673
+Re-read 673
+Re-read 675
+Re-read 675
+Re-read 675
+Re-read 675
+Re-read 675
+Re-read 675
+Re-read 676
+Re-read 676
+Re-read 678
+Re-read 678
+Re-read 679
+Re-read 681
+Re-read 683
+Re-read 683
+Re-read 683
+Re-read 683
+Re-read 684
+Re-read 684
+Re-read 686
+Re-read 687
+Re-read 687
+Re-read 688
+Re-read 689
+Re-read 689
+Re-read 690
+Re-read 690
+Re-read 690
+Re-read 691
+Re-read 691
+Re-read 692
+Re-read 692
+Re-read 692
+Re-read 692
+Re-read 692
+Re-read 693
+Re-read 693
+Re-read 693
+Re-read 693
+Re-read 693
+Re-read 693
+Re-read 694
+Re-read 694
+Re-read 694
+Re-read 694
+Re-read 695
+Re-read 695
+Re-read 695
+Re-read 695
+Re-read 695
+Re-read 696
+Re-read 697
+Re-read 697
+Re-read 697
+Re-read 697
+Re-read 697

 697 *0001111*1010011*0011101*0100110*1010111*1001010*0101111*1111010*0001001*0011110*0011100*0010000*1000001*0000100*0100111*1110100*0011101*1110001*1101000*0001010*0101110*1111011*0111011*1000100*0101111*0100101*0000111*0000100*1011111*1011100*0111100*1111001*0010010*1000101*1001111*1101000*1001000*1010010*0001000*1110111
Re-read 698
+Re-read 698
+Re-read 698
+Re-read 698
+Re-read 698
+Re-read 698
+Re-read 698
+Re-read 698
+Re-read 699
+Re-read 699
+Re-read 699
+Re-read 699
+Re-read 699
+Re-read 699
+Re-read 700
+Re-read 700
+Re-read 700
+Re-read 701
+Re-read 701
+Re-read 701
+Re-read 701
+Re-read 701
+Re-read 701
+Re-read 701
+Re-read 701
+Re-read 701
+Re-read 703
+Re-read 703
+Re-read 703
+Re-read 703
+Re-read 703
+Re-read 705
+Re-read 705
+Re-read 705
+Re-read 705
+Re-read 705
+Re-read 706
+Re-read 706
+Re-read 706
+Re-read 706
+Re-read 706
+Re-read 706
+Re-read 708
+Re-read 708
+Re-read 708
+Re-read 708
+Re-read 708
+Re-read 708
+Re-read 708
+Re-read 708
+Re-read 708
+Re-read 708
+Re-read 708
+Re-read 709
+Re-read 709
+Re-read 710
+Re-read 710
+Re-read 711
+Re-read 713
