LEN=320 RATE=8 RANKFRAC=0.000100 ALPHA=0.162500
param 2525

min = 52
Re-read 378
+Re-read 378
+Re-read 379
+Re-read 383

 383 *0100001*0101110*1100001*1111011*1010000*1000001*0101011*0101111*0010000*0110010*0110101*0110010*0000101*0001111*0010101*0110111*0011110*0101111*1001000*1111110*1110011*0001111*1000111*1111110*1011001*0111111*0111011*0101001*1000101*0000010*0010011*0011000*1001010*0101110*0111111*1001000*0100100*1011011*1101001*0011011
Re-read 385
+Re-read 387
+Re-read 390
+Re-read 393

 393 *0100000*1111000*0111010*0001010*1000010*1001101*1000011*0111001*0100111*1010001*1011001*0101101*1110000*1111101*0100000*0000100*1010000*0101100*0011010*0101111*0110101*1100101*1110110*0000000*0110000*1010010*1000110*1001000*1101111*1101111*1110110*0101000*1100100*1111110*0010110*0001011*0001110*1101100*0011011*1010000
Re-read 400
+Re-read 402
+Re-read 410
+Re-read 414
+Re-read 418
+Re-read 420
+Re-read 426
+Re-read 432
+Re-read 434

 434 *0111000*0101000*0101101*1111100*1111001*0100100*1001001*0000110*0110110*0000110*0001010*0101100*1010001*1000000*0000011*1101001*1111101*1100010*0011111*1111101*1010000*0001011*1100000*1100110*1100001*1000101*0110110*1111010*0001111*1010101*0101100*1001101*1011011*1010111*0111111*0101100*1001100*0000101*1000110*0010111
Re-read 442
+Re-read 444
+Re-read 446
+Re-read 448
+Re-read 455
+Re-read 463
+Re-read 468
+Re-read 470

 470 *1000010*1110100*0111101*1000101*1101111*1010000*1000011*0100001*0101101*1100010*1011001*0101011*0101011*1011101*1111111*1110011*1010111*0100011*0100100*1011001*1100000*1010010*0000110*1111000*1100000*0011000*0001100*1101011*0111110*0011001*1101110*1000111*0111001*1010010*1100111*0000000*1111100*0000110*1011110*1110011
Re-read 472
+Re-read 475
+Re-read 478
+Re-read 482
+Re-read 482
+Re-read 484
+Re-read 485
+Re-read 487
+Re-read 491
+Re-read 493
+Re-read 495
+Re-read 497
+Re-read 497
+Re-read 498
+Re-read 500
+Re-read 500
+Re-read 500
+Re-read 501
+Re-read 503
+Re-read 505
+Re-read 508
+Re-read 511
+Re-read 512
+Re-read 513
+Re-read 515
+Re-read 518
+Re-read 518
+Re-read 522
+Re-read 523
+Re-read 524
+Re-read 524
+Re-read 526
+Re-read 527
+Re-read 529
+Re-read 530
+Re-read 531

 531 *0010110*1001001*1100011*0101111*1110111*0001100*1100111*0100000*1010001*1011111*1010101*1000011*1110000*1001101*1101101*0011001*1111101*0101111*0000010*0010111*1001000*1010001*1101000*1101100*1100000*1100100*1010001*0001101*0100000*1011011*1101000*0110110*0000000*1100100*1000111*1111000*0110010*1001011*1110111*0010111
Re-read 535
+Re-read 535
+Re-read 536
+Re-read 537
+Re-read 539
+Re-read 539
+Re-read 542
+Re-read 542
+Re-read 542
+Re-read 547
+Re-read 548

 548 *1010001*1010001*0000010*1011101*0000100*0011100*0101110*0010100*1000111*1001000*0010100*1111100*1101110*1010000*1000111*1010100*1110110*0111100*1111100*0100111*1010011*0010110*0011011*0000110*0011010*1000000*1011110*1000111*1011000*1100111*1011111*1000000*0000100*0000001*1001110*0011111*1001001*0000000*1000000*0011011
Re-read 551
+Re-read 551
+Re-read 552
+Re-read 554
+Re-read 555
+Re-read 556
+Re-read 557

 557 *0100000*0111000*1011110*1110000*1000101*0101010*1100110*0000000*0100111*1101001*0111100*0000101*0010110*0010000*1100110*1111111*1100101*0110011*1011111*1101000*0001111*1111010*0001011*1001100*1011101*0101001*0101111*0110101*1001101*1100000*0001001*1111100*1000011*1110100*0000111*1010010*0011010*0111101*1110101*0011110
Re-read 559
+Re-read 559
+Re-read 563
+Re-read 565
+Re-read 567
+Re-read 569
+Re-read 572
+Re-read 576
+Re-read 577
+Re-read 578
+Re-read 582
+Re-read 584
+Re-read 585
+Re-read 585
+Re-read 586
+Re-read 586
+Re-read 588
+Re-read 589
+Re-read 590
+Re-read 590
+Re-read 590
+Re-read 590
+Re-read 591
+Re-read 591
+Re-read 591
+Re-read 591
+Re-read 592
+Re-read 592
+Re-read 592
+Re-read 594
+Re-read 595
+Re-read 598
+Re-read 598
+Re-read 599
+Re-read 599
+Re-read 601
+Re-read 602
+Re-read 603
+Re-read 604
+Re-read 606
+Re-read 606
+Re-read 606
+Re-read 606
+Re-read 607
+Re-read 607
+Re-read 607
+Re-read 609
+Re-read 612
+Re-read 612
+Re-read 612
+Re-read 613
+Re-read 614
+Re-read 616
+Re-read 616
+Re-read 616
+Re-read 616
+Re-read 617
+Re-read 617
+Re-read 618
+Re-read 618
+Re-read 619
+Re-read 620
+Re-read 621
+Re-read 621
+Re-read 621
+Re-read 622
+Re-read 622
+Re-read 623
+Re-read 623
+Re-read 623
+Re-read 624
+Re-read 625
+Re-read 626
+Re-read 627
+Re-read 627
+Re-read 627
+Re-read 628
+Re-read 628
+Re-read 629
+Re-read 629
+Re-read 630
+Re-read 631
+Re-read 631
+Re-read 631
+Re-read 631
+Re-read 631
+Re-read 632
+Re-read 632
+Re-read 633
+Re-read 634
+Re-read 634
+Re-read 635
+Re-read 636
+Re-read 636
+Re-read 638
+Re-read 639
+Re-read 640
+Re-read 643
+Re-read 643
+Re-read 644
+Re-read 645
+Re-read 645
+Re-read 645
+Re-read 645
+Re-read 645
+Re-read 645
+Re-read 645
+Re-read 645
+Re-read 647
+Re-read 650
+Re-read 651
+Re-read 652
+Re-read 654
+Re-read 655
+Re-read 655
+Re-read 656
+Re-read 656
+Re-read 656
+Re-read 657
+Re-read 657
+Re-read 657
+Re-read 657
+Re-read 657
+Re-read 657
+Re-read 657
+Re-read 657
+Re-read 658
+Re-read 658
+Re-read 659
+Re-read 660
+Re-read 660
+Re-read 662
+Re-read 663
+Re-read 663
+Re-read 663
+Re-read 663
+Re-read 663
+Re-read 664
+Re-read 664
+Re-read 664
+Re-read 664

 664 *1010111*0011001*1000010*0111001*0100010*1110100*0101110*0010010*0000000*1100011*1011101*1001010*1111000*1001100*1110101*0000110*0110110*1001001*0011111*0001011*0110010*1100000*1001010*1100001*0000111*1010011*0000011*1011011*0110100*1001011*1000101*0001011*1110100*0001000*0010110*1000001*1001110*0100111*1010001*0110000
Re-read 666
+Re-read 666
+Re-read 666
+Re-read 666
+Re-read 666
+Re-read 666
+Re-read 667
+Re-read 667
+Re-read 668
+Re-read 669
+Re-read 669
+Re-read 669
+Re-read 670
+Re-read 671
+Re-read 671
+Re-read 673
+Re-read 673
+Re-read 673
+Re-read 673
+Re-read 673
+Re-read 675
+Re-read 675
+Re-read 675
+Re-read 675
+Re-read 675
+Re-read 675
+Re-read 676
+Re-read 676
+Re-read 676
+Re-read 678
+Re-read 678
+Re-read 679
+Re-read 681
+Re-read 681
+Re-read 682
+Re-read 683
+Re-read 683
+Re-read 683
+Re-read 684
+Re-read 684
+Re-read 686
+Re-read 687
+Re-read 688
+Re-read 688
+Re-read 689
+Re-read 689
+Re-read 689
+Re-read 690
+Re-read 690
+Re-read 691
+Re-read 691
+Re-read 691
+Re-read 692
+Re-read 692
+Re-read 692
+Re-read 692
+Re-read 692
+Re-read 692
+Re-read 693
+Re-read 693
+Re-read 693
+Re-read 693
+Re-read 694
+Re-read 694
+Re-read 694
+Re-read 694
+Re-read 694
+Re-read 695
+Re-read 695
+Re-read 695
+Re-read 695
+Re-read 695
+Re-read 697
+Re-read 697
+Re-read 697
+Re-read 697
+Re-read 697
+Re-read 697
+Re-read 698
+Re-read 698
+Re-read 698
+Re-read 698
+Re-read 698
+Re-read 698
+Re-read 699
+Re-read 699
+Re-read 699
+Re-read 699
+Re-read 699
+Re-read 699
+Re-read 699
+Re-read 700
+Re-read 700
+Re-read 700
+Re-read 701
+Re-read 701
+Re-read 701
+Re-read 701
+Re-read 701
+Re-read 701
+Re-read 701
+Re-read 701
+Re-read 701
+Re-read 701
+Re-read 702
+Re-read 703
+Re-read 703
+Re-read 703
+Re-read 703
+Re-read 703
+Re-read 705
+Re-read 705
+Re-read 705
+Re-read 705
+Re-read 706
+Re-read 706
+Re-read 706
+Re-read 706
+Re-read 706
+Re-read 706
+Re-read 708
+Re-read 708
+Re-read 708
+Re-read 708
+Re-read 708
+Re-read 708
+Re-read 708
+Re-read 708
+Re-read 708
+Re-read 708
+Re-read 708
+Re-read 708
+Re-read 708
+Re-read 708
+Re-read 708
+Re-read 709
+Re-read 709
+Re-read 710
+Re-read 711
+Re-read 712
