LEN=320 RATE=8 RANKFRAC=0.000100 ALPHA=0.162500
param 2511

min = 52
Re-read 378
+Re-read 378
+Re-read 379
+Re-read 383

 383 *0101010*1101010*0001100*1111011*1001011*1001111*1111111*1011110*0001101*1100110*1011010*0000000*1100011*0111011*0000100*1100110*1111010*0110111*1101000*1001110*1010110*0111101*1011101*1101011*0111101*0001010*0111101*0101110*1011111*0000100*1111110*1010100*0010100*0001110*0001011*1001111*1000011*0000011*0100000*1010100
Re-read 388
+Re-read 388
+Re-read 392
+Re-read 396
+Re-read 410

 410 *1011101*0011110*0010010*0000000*1110101*0110111*1011001*1010111*1111011*0000011*0110100*0111111*0100100*1001111*0101111*0111111*1100100*0111010*0101100*1011000*0011000*0011110*0100100*1011101*0011000*0100100*0011100*0001111*0110010*1010100*1101010*0111101*1011110*0000111*0000010*0111110*1100001*0000010*1110101*1100011
Re-read 413
+Re-read 414
+Re-read 418
+Re-read 420
+Re-read 426
+Re-read 433
+Re-read 433
+Re-read 443
+Re-read 446
+Re-read 450
+Re-read 454
+Re-read 460
+Re-read 465
+Re-read 468
+Re-read 471
+Re-read 472
+Re-read 478
+Re-read 479
+Re-read 482
+Re-read 482
+Re-read 483
+Re-read 484
+Re-read 486
+Re-read 489
+Re-read 493
+Re-read 493
+Re-read 494
+Re-read 497
+Re-read 497
+Re-read 497
+Re-read 500
+Re-read 500
+Re-read 500
+Re-read 501
+Re-read 501
+Re-read 502
+Re-read 505
+Re-read 508
+Re-read 511
+Re-read 512
+Re-read 512

 512 *1110011*1010000*0001100*0100000*0111100*1101111*1001000*1001011*0001111*0001010*1100011*1000111*0110111*0100010*1111000*1010101*0011001*1111111*1110001*0100110*1101000*1010100*0001001*1000100*0111111*1000111*0111111*1110111*0110000*1011100*0000001*0100000*0010101*0001111*0011111*1001011*0111100*0111101*0010011*0111110
Re-read 514
+Re-read 516
+Re-read 519
+Re-read 523
+Re-read 523
+Re-read 524
+Re-read 524
+Re-read 525
+Re-read 527
+Re-read 528
+Re-read 529
+Re-read 531
+Re-read 535
+Re-read 536
+Re-read 537
+Re-read 539
+Re-read 540
+Re-read 542
+Re-read 542
+Re-read 543

 543 *0010000*0100111*0110000*0100101*1111001*0100000*0101010*0111110*0110101*1010010*1111111*1110001*0011011*1001111*1011100*1000000*1110110*0010001*0011001*1000110*1001111*0111011*1010110*0000100*0100100*0111011*0100101*0001111*0000111*0011010*0100001*0011111*1101000*0111001*0011001*0100001*0111101*1011110*0001110*1011111
Re-read 547
+Re-read 548
+Re-read 549
+Re-read 551
+Re-read 553
+Re-read 554
+Re-read 555
+Re-read 556
+Re-read 556
+Re-read 558
+Re-read 559
+Re-read 563
+Re-read 563
+Re-read 565
+Re-read 568
+Re-read 569
+Re-read 572
+Re-read 575
+Re-read 576
+Re-read 577
+Re-read 578
+Re-read 580
+Re-read 584
+Re-read 584
+Re-read 585
+Re-read 586
+Re-read 588
+Re-read 589
+Re-read 590
+Re-read 590
+Re-read 590
+Re-read 591
+Re-read 591
+Re-read 591
+Re-read 591
+Re-read 591
+Re-read 592
+Re-read 592
+Re-read 595
+Re-read 598
+Re-read 598
+Re-read 598
+Re-read 599
+Re-read 599
+Re-read 601
+Re-read 602
+Re-read 603
+Re-read 604
+Re-read 605
+Re-read 606
+Re-read 606
+Re-read 606
+Re-read 607
+Re-read 607
+Re-read 607
+Re-read 608
+Re-read 609
+Re-read 612
+Re-read 612
+Re-read 612
+Re-read 613
+Re-read 616
+Re-read 616
+Re-read 616
+Re-read 617
+Re-read 617
+Re-read 618
+Re-read 618
+Re-read 619
+Re-read 620
+Re-read 621
+Re-read 621
+Re-read 622
+Re-read 623
+Re-read 623
+Re-read 623
+Re-read 624
+Re-read 624
+Re-read 626
+Re-read 627
+Re-read 627
+Re-read 627
+Re-read 628
+Re-read 628
+Re-read 629
+Re-read 629
+Re-read 630
+Re-read 631
+Re-read 631
+Re-read 631
+Re-read 631
+Re-read 631
+Re-read 633
+Re-read 633
+Re-read 634
+Re-read 635
+Re-read 636
+Re-read 637
+Re-read 639
+Re-read 639
+Re-read 642
+Re-read 643
+Re-read 643
+Re-read 644
+Re-read 645
+Re-read 645
+Re-read 645
+Re-read 645
+Re-read 645
+Re-read 646
+Re-read 648
+Re-read 650
+Re-read 651
+Re-read 652
+Re-read 654
+Re-read 655
+Re-read 655
+Re-read 655
+Re-read 655
+Re-read 656
+Re-read 656
+Re-read 657
+Re-read 657
+Re-read 657
+Re-read 657
+Re-read 657
+Re-read 657
+Re-read 657
+Re-read 657
+Re-read 658
+Re-read 658
+Re-read 659
+Re-read 660
+Re-read 660
+Re-read 663
+Re-read 663
+Re-read 663
+Re-read 663
+Re-read 663
+Re-read 663
+Re-read 664
+Re-read 664
+Re-read 665
+Re-read 666
+Re-read 666
+Re-read 666
+Re-read 666
+Re-read 666
+Re-read 667
+Re-read 667
+Re-read 668
+Re-read 669
+Re-read 669
+Re-read 669
+Re-read 671
+Re-read 671
+Re-read 673
+Re-read 673
+Re-read 673
+Re-read 673
+Re-read 675
+Re-read 675
+Re-read 675
+Re-read 675
+Re-read 675
+Re-read 675
+Re-read 675
+Re-read 676
+Re-read 676
+Re-read 677
+Re-read 678
+Re-read 678
+Re-read 679
+Re-read 681
+Re-read 681
+Re-read 683
+Re-read 683
+Re-read 683
+Re-read 683
+Re-read 684
+Re-read 684
+Re-read 684
+Re-read 685
+Re-read 687
+Re-read 687
+Re-read 688
+Re-read 688
+Re-read 689
+Re-read 690
+Re-read 690
+Re-read 690
+Re-read 690
+Re-read 691
+Re-read 692
+Re-read 692
+Re-read 692
+Re-read 692
+Re-read 692
+Re-read 693
+Re-read 693
+Re-read 693
+Re-read 693
+Re-read 693
+Re-read 693
+Re-read 693
+Re-read 694
+Re-read 694
+Re-read 694
+Re-read 695
+Re-read 695
+Re-read 695
+Re-read 695
+Re-read 695
+Re-read 697
+Re-read 697
+Re-read 697
+Re-read 697
+Re-read 697
+Re-read 697
+Re-read 698
+Re-read 698
+Re-read 698
+Re-read 698
+Re-read 698
+Re-read 698
+Re-read 699
+Re-read 699
+Re-read 699
+Re-read 699
+Re-read 699
+Re-read 699
+Re-read 700
+Re-read 700
+Re-read 700
+Re-read 701
+Re-read 701
+Re-read 701
+Re-read 701
+Re-read 701
+Re-read 701
+Re-read 701
+Re-read 701
+Re-read 701
+Re-read 701
+Re-read 702
+Re-read 703
+Re-read 703
+Re-read 703
+Re-read 703
+Re-read 703
+Re-read 704
+Re-read 705
+Re-read 705
+Re-read 705
+Re-read 705
+Re-read 706
+Re-read 706
+Re-read 706
+Re-read 706
+Re-read 706
+Re-read 706
+Re-read 707
+Re-read 708
+Re-read 708
+Re-read 708
+Re-read 708
+Re-read 708
+Re-read 708
+Re-read 708
+Re-read 708
+Re-read 708
+Re-read 708
+Re-read 708
+Re-read 708
+Re-read 708
+Re-read 708
+Re-read 709
+Re-read 709
+Re-read 709
+Re-read 710
+Re-read 712
+Re-read 712
