LEN=320 RATE=8 RANKFRAC=0.000100 ALPHA=0.162500
param 253

min = 52
Re-read 378
+Re-read 378
+Re-read 384
+Re-read 386
+Re-read 392
+Re-read 396
+Re-read 404
+Re-read 411
+Re-read 413
+Re-read 418
+Re-read 420
+Re-read 426
+Re-read 429
+Re-read 433
+Re-read 441
+Re-read 444
+Re-read 447
+Re-read 450
+Re-read 456
+Re-read 462
+Re-read 466
+Re-read 469
+Re-read 470
+Re-read 471
+Re-read 479
+Re-read 482
+Re-read 482
+Re-read 483
+Re-read 485
+Re-read 487
+Re-read 493
+Re-read 494
+Re-read 495
+Re-read 497
+Re-read 497
+Re-read 500
+Re-read 500
+Re-read 500
+Re-read 502
+Re-read 505
+Re-read 506

 506 *1000011*0011001*1110000*0111111*1110101*0011101*1000001*0111111*0001010*0010000*0101000*0011110*0100010*1111110*0010010*0100100*0111000*1000000*0001001*1101110*0101010*0011011*0011110*1111100*1000000*1011111*1011111*0110010*0011011*1001001*1111100*1011100*1010010*1111100*1111010*0110100*1011001*1010111*1111101*0010101
Re-read 510
+Re-read 511
+Re-read 512
+Re-read 512
+Re-read 513
+Re-read 515
+Re-read 518
+Re-read 521
+Re-read 523
+Re-read 524
+Re-read 524
+Re-read 526
+Re-read 527
+Re-read 529
+Re-read 531
+Re-read 531
+Re-read 534
+Re-read 535
+Re-read 536
+Re-read 537
+Re-read 539
+Re-read 539
+Re-read 539
+Re-read 542
+Re-read 542
+Re-read 542
+Re-read 542
+Re-read 547
+Re-read 548
+Re-read 551
+Re-read 552
+Re-read 554
+Re-read 555
+Re-read 556
+Re-read 556
+Re-read 557
+Re-read 558
+Re-read 562
+Re-read 565
+Re-read 566
+Re-read 568
+Re-read 569
+Re-read 572

 572 *1101110*1000100*0011011*1011110*1111110*1110111*1000000*1011000*1000001*0000111*0111100*1001101*0001010*1111011*0110011*0100001*1010111*0111011*1111001*1110011*1111100*1111101*0111101*1100101*0000011*1101001*1111001*0100101*1101001*1111110*1000010*0011010*1011010*1101011*0000011*1111001*0010100*0001110*1111101*1000001
Re-read 574
+Re-read 576
+Re-read 577
+Re-read 577

 577 *0100000*1101001*1111011*0000001*1000010*1100010*1111010*1001100*1100111*1001100*1101000*0001101*0000100*1111001*1010101*0101101*0000010*0111111*0101101*0000101*1011100*1101110*1111001*1011111*0100010*0110010*0110001*0001111*1111101*1010101*1000101*1011101*0110001*1000110*1010101*0000100*1100010*0001010*0000000*0110100
Re-read 581
+Re-read 582
+Re-read 584
+Re-read 585
+Re-read 585
+Re-read 585
+Re-read 586

 586 *1001101*1000100*1100001*0110000*0101011*0101100*0001101*1100101*0001110*1001100*1010011*0110000*0001111*1111100*0000110*0000110*0100110*1111111*0011011*0011000*1011010*1010110*1000101*1010111*0110000*1110111*1101001*0111100*0001001*1001001*1111110*1111010*1100010*0111000*1000101*0000101*0100101*1100011*0110101*1000000
Re-read 588
+Re-read 589
+Re-read 589
+Re-read 590
+Re-read 590
+Re-read 590
+Re-read 590
+Re-read 590
+Re-read 591
+Re-read 591
+Re-read 591
+Re-read 591
+Re-read 591
+Re-read 592
+Re-read 592
+Re-read 594
+Re-read 595
+Re-read 598
+Re-read 598
+Re-read 599
+Re-read 599
+Re-read 599
+Re-read 599
+Re-read 602
+Re-read 602
+Re-read 603
+Re-read 605
+Re-read 606
+Re-read 606
+Re-read 606
+Re-read 607
+Re-read 607
+Re-read 607
+Re-read 609
+Re-read 612
+Re-read 612
+Re-read 612
+Re-read 613
+Re-read 614
+Re-read 616
+Re-read 616
+Re-read 617
+Re-read 618
+Re-read 618
+Re-read 619
+Re-read 619
+Re-read 621
+Re-read 621
+Re-read 621
+Re-read 622
+Re-read 622
+Re-read 623
+Re-read 623
+Re-read 624
+Re-read 626
+Re-read 627
+Re-read 627
+Re-read 627
+Re-read 627
+Re-read 628
+Re-read 628
+Re-read 629
+Re-read 629
+Re-read 630
+Re-read 631
+Re-read 631
+Re-read 631
+Re-read 631
+Re-read 631
+Re-read 632
+Re-read 632
+Re-read 633
+Re-read 633
+Re-read 634
+Re-read 634
+Re-read 635
+Re-read 636
+Re-read 636
+Re-read 637
+Re-read 639
+Re-read 639
+Re-read 642
+Re-read 643
+Re-read 643
+Re-read 643
+Re-read 645
+Re-read 645
+Re-read 645
+Re-read 645
+Re-read 645
+Re-read 645
+Re-read 645
+Re-read 647
+Re-read 650
+Re-read 651
+Re-read 651
+Re-read 652
+Re-read 654
+Re-read 655
+Re-read 655
+Re-read 655
+Re-read 656
+Re-read 656
+Re-read 656
+Re-read 657
+Re-read 657
+Re-read 657
+Re-read 657
+Re-read 657
+Re-read 657
+Re-read 657
+Re-read 658
+Re-read 658
+Re-read 658
+Re-read 660
+Re-read 662
+Re-read 663
+Re-read 663
+Re-read 663
+Re-read 663
+Re-read 663
+Re-read 663
+Re-read 664
+Re-read 664
+Re-read 665
+Re-read 666
+Re-read 666
+Re-read 666
+Re-read 666
+Re-read 666
+Re-read 666
+Re-read 667
+Re-read 667
+Re-read 669
+Re-read 669
+Re-read 669
+Re-read 671
+Re-read 671
+Re-read 673
+Re-read 673
+Re-read 673
+Re-read 673
+Re-read 673
+Re-read 673
+Re-read 675
+Re-read 675
+Re-read 675
+Re-read 675
+Re-read 675
+Re-read 676
+Re-read 676
+Re-read 676
+Re-read 678
+Re-read 678

 678 *0010101*0011111*0010100*1011111*0100101*0111010*0101010*1001001*1110100*0100101*1010011*0101101*0010110*1001001*1001010*1110110*1101001*0010100*1110101*0100001*0111010*0000000*1110110*1101011*0101101*1101101*0111101*1010100*0010101*1101001*1110100*0010010*1100000*0000100*1000100*1111110*0000010*0101101*1110000*0000100
Re-read 680
+Re-read 680
+Re-read 681
+Re-read 682
+Re-read 683
+Re-read 683
+Re-read 683
+Re-read 684
+Re-read 684
+Re-read 686
+Re-read 686
+Re-read 687
+Re-read 687
+Re-read 688
+Re-read 689
+Re-read 689
+Re-read 690
+Re-read 690
+Re-read 691
+Re-read 692
+Re-read 692
+Re-read 692
+Re-read 692
+Re-read 692
+Re-read 693
+Re-read 693
+Re-read 693
+Re-read 693
+Re-read 693
+Re-read 693
+Re-read 694
+Re-read 694
+Re-read 694
+Re-read 695
+Re-read 695
+Re-read 695
+Re-read 695
+Re-read 695
+Re-read 695
+Re-read 697
+Re-read 697
+Re-read 697
+Re-read 697
+Re-read 697
+Re-read 697
+Re-read 698
+Re-read 698
+Re-read 698
+Re-read 698
+Re-read 698
+Re-read 698
+Re-read 698
+Re-read 699
+Re-read 699
+Re-read 699
+Re-read 699
+Re-read 699
+Re-read 699
+Re-read 700
+Re-read 700
+Re-read 700
+Re-read 700
+Re-read 701
+Re-read 701
+Re-read 701
+Re-read 701
+Re-read 701
+Re-read 701
+Re-read 701
+Re-read 701
+Re-read 703
+Re-read 703
+Re-read 703
+Re-read 703
+Re-read 705
+Re-read 705
+Re-read 705
+Re-read 705
+Re-read 705
+Re-read 706
+Re-read 706
+Re-read 706
+Re-read 706
+Re-read 707
+Re-read 707
+Re-read 708
+Re-read 708
+Re-read 708
+Re-read 708
+Re-read 708
+Re-read 708
+Re-read 708
+Re-read 708
+Re-read 708
+Re-read 708
+Re-read 708
+Re-read 708
+Re-read 708
+Re-read 709
+Re-read 709
+Re-read 710
+Re-read 712
+Re-read 712
