LEN=320 RATE=8 RANKFRAC=0.000100 ALPHA=0.162500
param 2524

min = 52
Re-read 378
+Re-read 378
+Re-read 381
+Re-read 386
+Re-read 391
+Re-read 393
+Re-read 402

 402 *1011001*0001001*0110010*1100100*1001111*0101001*0001111*0011001*1101100*1111101*1100101*1001111*0111101*0101111*0001101*0100001*1100100*1110011*1110111*1001111*1101011*1011011*1100001*1011111*1111010*0101000*0111100*0000101*1110111*1011100*0101111*1001011*1001011*0101011*0101111*1000110*1011110*0111111*1001110*1001010
Re-read 412
+Re-read 413
+Re-read 414
+Re-read 416
+Re-read 421
+Re-read 426
+Re-read 433
+Re-read 433
+Re-read 446
+Re-read 456
+Re-read 459
+Re-read 462
+Re-read 468
+Re-read 470

 470 *0001000*1000100*1010111*0111000*1011111*1100011*0110101*1000111*0101010*0001101*0101001*0001110*0000101*0101110*1111000*0100000*0111110*0100101*1101100*0011100*1000100*0001000*0111010*1011101*1010001*0001111*0101001*0100110*0011101*1100001*0100111*0001100*0001000*0111100*0001001*1011011*1000001*0110001*0011010*0000101
Re-read 471
+Re-read 471
+Re-read 472
+Re-read 478
+Re-read 480
+Re-read 482
+Re-read 483
+Re-read 485
+Re-read 486
+Re-read 491
+Re-read 493
+Re-read 494
+Re-read 497
+Re-read 497
+Re-read 500
+Re-read 500
+Re-read 500
+Re-read 501

 501 *1111010*0000111*1000111*0100010*1000000*0100111*0011110*1111101*0111011*0101101*1100001*0111111*1100001*0011110*0011111*0011001*1010101*1111001*0100100*0111110*1011000*1011111*0110111*0111111*1110101*0000000*0101111*0001100*1011001*1100100*1000100*1000010*0100001*1000000*0011000*0101110*0001110*0011011*1101111*1011100
Re-read 503
+Re-read 505
+Re-read 509
+Re-read 511
+Re-read 512
+Re-read 513
+Re-read 515
+Re-read 518
+Re-read 523
+Re-read 523
+Re-read 524
+Re-read 524
+Re-read 524
+Re-read 527
+Re-read 528
+Re-read 529
+Re-read 531
+Re-read 535
+Re-read 536
+Re-read 538
+Re-read 539
+Re-read 539
+Re-read 541
+Re-read 542
+Re-read 542
+Re-read 545
+Re-read 548
+Re-read 550
+Re-read 551
+Re-read 552
+Re-read 553
+Re-read 554
+Re-read 555
+Re-read 556
+Re-read 557
+Re-read 558
+Re-read 561
+Re-read 563
+Re-read 565
+Re-read 567
+Re-read 568

 568 *0110110*0011010*0111110*1100000*1101011*1110011*1001010*0110000*1010010*1110101*1010011*1100111*0001111*0110010*1010111*0110110*0011101*0110010*1011111*0101100*1110111*1001100*0010000*0110001*1001110*1101101*1110010*1101010*1011001*1101010*1011110*1010111*1100111*1100100*0111000*0111110*1011000*1100000*1000011*1000011
Re-read 571
+Re-read 571
+Re-read 572

 572 *0000000*0111101*0010001*1011000*1100111*0011011*1100001*0010111*1101110*1111100*1001101*1101101*0001000*0011101*1110010*1011111*0001010*1011000*1110000*1011110*0000000*0000100*1001100*0110011*0010100*1111010*0001001*0011010*1101110*1011110*1001011*1101011*1000100*0001000*1110101*1101110*1000001*0000100*1001110*0110010
Re-read 576
+Re-read 576
+Re-read 577
+Re-read 578
+Re-read 583
+Re-read 584
+Re-read 585
+Re-read 585
+Re-read 586
+Re-read 586
+Re-read 588
+Re-read 589
+Re-read 589
+Re-read 590
+Re-read 590
+Re-read 590
+Re-read 590
+Re-read 591
+Re-read 591
+Re-read 591
+Re-read 592
+Re-read 592
+Re-read 594
+Re-read 594

 594 *1110100*1011111*1111101*1100000*1100000*0010011*1000100*1000010*0100010*1100111*1110100*0100011*1100001*1111100*1011001*0001111*1000101*1111011*1011111*1100001*0000111*0110011*1100011*1101100*1100101*0001110*0100111*1111101*1101110*0011001*1001000*0110100*0100001*0111000*0001101*1001010*0110001*0011001*0100010*1111011
Re-read 596
+Re-read 598
+Re-read 598
+Re-read 598
+Re-read 599
+Re-read 599
+Re-read 602
+Re-read 602
+Re-read 603
+Re-read 605
+Re-read 606
+Re-read 606
+Re-read 607
+Re-read 607
+Re-read 608
+Re-read 611
+Re-read 612
+Re-read 612
+Re-read 613
+Re-read 614
+Re-read 616
+Re-read 616

 616 *0010110*1110111*0101000*0011111*1001111*0010101*0101011*1000001*1001110*0001000*1000100*0001000*0011001*1100110*1110111*1011001*1100100*0011111*0011101*0111110*1010110*0001000*1001101*1010110*0101100*1010100*0001111*1000010*1101110*0101110*0011000*1010111*0110010*0010101*1000001*1011010*1111010*0111110*0111101*1111111
Re-read 617
+Re-read 617

 617 *1011110*0101100*0100010*0101110*1010001*0010010*0110001*0011000*0100011*0001100*0101011*0111111*0000001*0001110*1011100*1001110*1001100*1011100*1110010*0011110*1100000*0000101*0001100*0000011*0001011*1101000*0001110*1000111*1111000*1101011*0010110*1111101*0000100*0111001*0011010*0100110*1110001*0100001*0100000*1111100
Re-read 618
+Re-read 618
+Re-read 618
+Re-read 619
+Re-read 619
+Re-read 620
+Re-read 621
+Re-read 621
+Re-read 622
+Re-read 622
+Re-read 623
+Re-read 623
+Re-read 624
+Re-read 624
+Re-read 626
+Re-read 626
+Re-read 627
+Re-read 627
+Re-read 627
+Re-read 628
+Re-read 629
+Re-read 629
+Re-read 630
+Re-read 631
+Re-read 631
+Re-read 631
+Re-read 631
+Re-read 631
+Re-read 632
+Re-read 633
+Re-read 634
+Re-read 635
+Re-read 636
+Re-read 636
+Re-read 637
+Re-read 639
+Re-read 639
+Re-read 642
+Re-read 643
+Re-read 643
+Re-read 643
+Re-read 644
+Re-read 645
+Re-read 645
+Re-read 645
+Re-read 645
+Re-read 645
+Re-read 645
+Re-read 647
+Re-read 650
+Re-read 650
+Re-read 651
+Re-read 652
+Re-read 654
+Re-read 654
+Re-read 655
+Re-read 655
+Re-read 655
+Re-read 656
+Re-read 656
+Re-read 656
+Re-read 657
+Re-read 657
+Re-read 657
+Re-read 657
+Re-read 657
+Re-read 657
+Re-read 657
+Re-read 658
+Re-read 658
+Re-read 658
+Re-read 659

 659 *0111101*1100000*1010111*1001001*1011110*0110100*0011010*0010000*0110110*0001101*1101111*1111000*1111010*0111010*0010101*0011101*1101000*0001110*1111000*1111100*0000100*1111101*1111100*0111111*0000100*1110000*1110010*0001011*0111110*0010011*1100001*1010010*1111001*1011101*0101010*0001101*0100111*0110010*1111000*0101111
Re-read 661
+Re-read 662
+Re-read 663
+Re-read 663
+Re-read 663
+Re-read 663
+Re-read 663
+Re-read 664
+Re-read 664
+Re-read 664
+Re-read 664
+Re-read 665
+Re-read 666
+Re-read 666
+Re-read 666
+Re-read 667
+Re-read 669
+Re-read 669
+Re-read 669
+Re-read 671
+Re-read 671
+Re-read 673
+Re-read 673
+Re-read 673
+Re-read 673
+Re-read 673
+Re-read 675
+Re-read 675
+Re-read 675
+Re-read 675
+Re-read 675
+Re-read 675
+Re-read 675
+Re-read 676
+Re-read 676
+Re-read 678
+Re-read 679
+Re-read 680
+Re-read 681
+Re-read 681
+Re-read 683
+Re-read 683
+Re-read 683
+Re-read 684
+Re-read 684
+Re-read 684
+Re-read 685
+Re-read 686
+Re-read 687
+Re-read 688
+Re-read 688
+Re-read 688
+Re-read 689
+Re-read 689
+Re-read 690
+Re-read 690
+Re-read 691
+Re-read 692
+Re-read 692
+Re-read 692
+Re-read 692
+Re-read 692
+Re-read 692
+Re-read 692
+Re-read 693
+Re-read 693
+Re-read 693
+Re-read 693
+Re-read 693
+Re-read 693
+Re-read 694
+Re-read 694
+Re-read 694
+Re-read 695
+Re-read 695
+Re-read 695
+Re-read 695
+Re-read 695
+Re-read 695
+Re-read 697
+Re-read 697
+Re-read 697
+Re-read 697
+Re-read 697
+Re-read 697
+Re-read 697
+Re-read 698
+Re-read 698
+Re-read 698
+Re-read 698
+Re-read 698
+Re-read 698
+Re-read 698
+Re-read 699
+Re-read 699
+Re-read 699
+Re-read 699
+Re-read 699
+Re-read 699

 699 *0100000*0111110*0100001*0111110*1110000*1100000*0111000*1100101*0110000*0100111*1011010*0000000*0001010*1111110*1011000*1111110*1101010*0100101*0011010*1010110*1100100*0111111*1111101*1011100*0110101*0110100*0011000*0001010*1000001*0110110*0111101*0111101*0100010*1000111*0011100*1100011*0000111*0110000*1011011*1101000
Re-read 700
+Re-read 700
+Re-read 700
+Re-read 700
+Re-read 701
+Re-read 701
+Re-read 701
+Re-read 701
+Re-read 701
+Re-read 701
+Re-read 701
+Re-read 701
+Re-read 701
+Re-read 702
+Re-read 703
+Re-read 703
+Re-read 703
+Re-read 703
+Re-read 703
+Re-read 705
+Re-read 705
+Re-read 705
+Re-read 705
+Re-read 706
+Re-read 706
+Re-read 706
+Re-read 706
+Re-read 706
+Re-read 706
+Re-read 706
+Re-read 706

 706 *1111110*1010000*1011010*1111101*1001010*1111001*0011001*0001111*1011000*0000010*0011011*0111000*1111101*1010110*0010011*1100010*1111001*1000111*1001000*0011010*1000010*0010110*1101010*0111100*0110000*0010110*1011111*1111110*1010111*1110011*0100110*0101100*1011111*0101110*1100101*1000000*0011101*1100110*1111111*0111111
Re-read 708
+Re-read 708
+Re-read 708
+Re-read 708
+Re-read 708
+Re-read 708
+Re-read 708
+Re-read 708
+Re-read 708
+Re-read 708
+Re-read 708
+Re-read 708
+Re-read 708
+Re-read 709
+Re-read 709
+Re-read 710
+Re-read 710

 710 *0011010*0100001*1111110*1011001*1100010*1101111*0011011*1111101*1000110*1101001*0000110*1111001*0000011*0000101*0001110*0010010*0000011*1100010*0100111*0110110*1000001*0000000*0101011*1010000*0111010*1110101*1111101*1101000*0000010*0011001*1010001*1001100*0101111*0100011*0011101*0100111*1000111*0001110*0011100*1110111
Re-read 712
