LEN=320 RATE=8 RANKFRAC=0.000100 ALPHA=0.162500
param 2510

min = 52
Re-read 378
+Re-read 378
+Re-read 382
+Re-read 386
+Re-read 390
+Re-read 391
+Re-read 392
+Re-read 401
+Re-read 410
+Re-read 413
+Re-read 417
+Re-read 419

 419 *0000111*1110010*0001011*1110001*0010001*1111100*0111000*0010010*0100001*1111111*1110100*1110001*0000000*0111101*0011111*1010001*1000011*1101101*0110000*0101011*1110100*1011101*1010000*1011010*1111010*1100001*0100001*1000011*0001001*0011000*0010100*0111111*0010000*0010010*0000011*1110101*0011010*1111101*0001010*1100000
Re-read 424
+Re-read 426
+Re-read 432
+Re-read 433
+Re-read 443
+Re-read 446
+Re-read 450
+Re-read 457
+Re-read 463
+Re-read 469
+Re-read 470
+Re-read 471
+Re-read 474
+Re-read 480
+Re-read 482
+Re-read 482
+Re-read 483
+Re-read 484
+Re-read 485
+Re-read 489

 489 *1011111*0010010*1000000*0101110*0111000*1101000*1010010*0000000*1111111*1000000*1101110*1110001*0011011*1100100*1110110*0100110*0000100*1101011*0001001*0001010*1010001*0111000*0011101*0010111*1010101*0111001*0001010*1111110*0000100*0100100*0011100*1111000*1010001*0111011*0100110*1101000*1111110*1101101*1110010*0101000
Re-read 493
+Re-read 493
+Re-read 493
+Re-read 495
+Re-read 497
+Re-read 497
+Re-read 500
+Re-read 500
+Re-read 500
+Re-read 500
+Re-read 501
+Re-read 502
+Re-read 503

 503 *0011001*0011101*1101001*1111100*0100010*0100111*0100000*1010000*0101111*1100100*0011101*1001111*1000100*1001011*0010111*1000110*1001101*1001000*1110001*1001001*0101110*1101101*1110011*0100100*1101100*1010000*1100000*0001111*1101000*0111011*1100010*0001011*1111101*0001101*1010111*0100101*1010101*0011111*0110101*1101010
Re-read 506
+Re-read 506
+Re-read 511
+Re-read 511
+Re-read 512
+Re-read 512
+Re-read 515
+Re-read 518
+Re-read 519
+Re-read 522
+Re-read 523
+Re-read 524
+Re-read 524

 524 *1010010*0111100*1011110*0111110*1001111*1101000*0100011*1011011*0110110*0010101*1111001*1100110*1110110*0100111*1100000*1001001*1101101*0011101*0011111*0110111*0111000*1001101*1101101*1101001*1001011*1111100*0011001*0010111*0000010*1101000*1000000*1001010*1011001*1001000*1100110*0011001*0111110*0010100*1011100*1100101
Re-read 527
+Re-read 527
+Re-read 528
+Re-read 529
+Re-read 531
+Re-read 531
+Re-read 535
+Re-read 537
+Re-read 539
+Re-read 539
+Re-read 539
+Re-read 542
+Re-read 542
+Re-read 543
+Re-read 547
+Re-read 548
+Re-read 550
+Re-read 551
+Re-read 553
+Re-read 554
+Re-read 555
+Re-read 555
+Re-read 556
+Re-read 556
+Re-read 558
+Re-read 558
+Re-read 559
+Re-read 562
+Re-read 563
+Re-read 565
+Re-read 565
+Re-read 568
+Re-read 569
+Re-read 572
+Re-read 573
+Re-read 576
+Re-read 577
+Re-read 578
+Re-read 581
+Re-read 584
+Re-read 584
+Re-read 585
+Re-read 585
+Re-read 586
+Re-read 587
+Re-read 588
+Re-read 590
+Re-read 590
+Re-read 590
+Re-read 590
+Re-read 591
+Re-read 591
+Re-read 591
+Re-read 592
+Re-read 592
+Re-read 594
+Re-read 595
+Re-read 598
+Re-read 598
+Re-read 599
+Re-read 599
+Re-read 599
+Re-read 602
+Re-read 603
+Re-read 604
+Re-read 605
+Re-read 606
+Re-read 606
+Re-read 607
+Re-read 607
+Re-read 607
+Re-read 609
+Re-read 612
+Re-read 612
+Re-read 612
+Re-read 613
+Re-read 616
+Re-read 616
+Re-read 617
+Re-read 617
+Re-read 618
+Re-read 618
+Re-read 619
+Re-read 619
+Re-read 621
+Re-read 621
+Re-read 621
+Re-read 621
+Re-read 622
+Re-read 623
+Re-read 623
+Re-read 623
+Re-read 624
+Re-read 626
+Re-read 627
+Re-read 627
+Re-read 627
+Re-read 627
+Re-read 628
+Re-read 629
+Re-read 629
+Re-read 629
+Re-read 631
+Re-read 631
+Re-read 631
+Re-read 631
+Re-read 632
+Re-read 633

 633 *1111101*1010100*1100101*1000000*1011100*1001100*0011101*0001001*1010100*0001100*0001111*1000011*0000111*1000111*1000001*1100101*1010111*1100001*0111110*1010000*1000100*1100101*1010001*0000101*1000101*0001001*0100110*0101000*1011111*1000111*0000101*1001101*0010110*1000001*0001010*1010010*0101101*0000010*0000000*0111111
Re-read 634
+Re-read 634
+Re-read 634
+Re-read 635
+Re-read 636
+Re-read 636
+Re-read 636
+Re-read 637
+Re-read 639

 639 *1111111*0000011*0101000*0011000*1010100*1111001*1011100*0100001*0101110*1001110*1101000*1000101*0001010*0010011*1010111*0100110*0100000*0010110*0011010*0101100*1010100*1001000*0000111*0010100*1100100*1110010*1101011*0100111*0011111*0001010*1001100*1101110*1001111*1100000*0111100*1000010*1100001*1010010*1111010*0110110
Re-read 641
+Re-read 643
+Re-read 643
+Re-read 643
+Re-read 644
+Re-read 645
+Re-read 645
+Re-read 645
+Re-read 645
+Re-read 645
+Re-read 645
+Re-read 645
+Re-read 647
+Re-read 650
+Re-read 650
+Re-read 651
+Re-read 651
+Re-read 652
+Re-read 654
+Re-read 654
+Re-read 655
+Re-read 656
+Re-read 656
+Re-read 656
+Re-read 657
+Re-read 657
+Re-read 657
+Re-read 657
+Re-read 657
+Re-read 657
+Re-read 658
+Re-read 659
+Re-read 660
+Re-read 662
+Re-read 663
+Re-read 663
+Re-read 663
+Re-read 663
+Re-read 663
+Re-read 663
+Re-read 664
+Re-read 664
+Re-read 664
+Re-read 665
+Re-read 666
+Re-read 666
+Re-read 666
+Re-read 666
+Re-read 666

 666 *1010101*0111001*1001100*1111111*0010110*1111110*1111110*0000000*1110111*0111110*0001011*0010101*0010000*0010010*0000001*0010010*1001011*0011000*0111111*1111011*1010001*1011110*1111001*1101110*0001110*0100101*0011100*0011111*1001011*0110001*0001000*0100000*1011110*0100011*0111001*0111001*0110010*1100000*1111100*1101101
Re-read 667
+Re-read 667
+Re-read 667
+Re-read 669
+Re-read 669
+Re-read 670
+Re-read 671
+Re-read 671
+Re-read 673
+Re-read 673
+Re-read 673
+Re-read 673
+Re-read 675
+Re-read 675
+Re-read 675
+Re-read 675
+Re-read 675
+Re-read 675
+Re-read 675
+Re-read 676
+Re-read 676
+Re-read 678
+Re-read 678
+Re-read 679
+Re-read 681
+Re-read 682
+Re-read 683
+Re-read 683
+Re-read 683
+Re-read 684
+Re-read 684
+Re-read 685
+Re-read 686
+Re-read 687
+Re-read 688
+Re-read 688
+Re-read 689
+Re-read 689
+Re-read 690
+Re-read 690
+Re-read 691
+Re-read 692
+Re-read 692
+Re-read 692
+Re-read 692
+Re-read 692
+Re-read 692
+Re-read 693
+Re-read 693
+Re-read 693
+Re-read 693
+Re-read 693
+Re-read 693
+Re-read 693
+Re-read 694
+Re-read 694
+Re-read 694
+Re-read 694
+Re-read 695
+Re-read 695
+Re-read 695
+Re-read 695
+Re-read 696
+Re-read 697
+Re-read 697
+Re-read 697
+Re-read 697
+Re-read 697
+Re-read 698
+Re-read 698
+Re-read 698
+Re-read 698
+Re-read 698
+Re-read 698
+Re-read 699
+Re-read 699
+Re-read 699
+Re-read 699
+Re-read 699
+Re-read 699
+Re-read 699
+Re-read 700
+Re-read 700
+Re-read 700
+Re-read 701
+Re-read 701
+Re-read 701
+Re-read 701
+Re-read 701
+Re-read 701
+Re-read 701
+Re-read 701
+Re-read 701
+Re-read 701
+Re-read 702
+Re-read 703
+Re-read 703
+Re-read 703
+Re-read 703
+Re-read 703
+Re-read 703
+Re-read 703
+Re-read 704
+Re-read 705
+Re-read 705
+Re-read 705
+Re-read 705
+Re-read 705
+Re-read 706
+Re-read 706
+Re-read 706
+Re-read 706
+Re-read 706
+Re-read 706
+Re-read 706
+Re-read 707
+Re-read 708
+Re-read 708
+Re-read 708
+Re-read 708
+Re-read 708
+Re-read 708
+Re-read 708
+Re-read 708
+Re-read 708
+Re-read 708
+Re-read 708
+Re-read 708
+Re-read 709
+Re-read 709
+Re-read 710
+Re-read 710
+Re-read 712
+Re-read 712
