LEN=320 RATE=8 RANKFRAC=0.000100 ALPHA=0.162500
param 2516

min = 52
Re-read 378
+Re-read 378
+Re-read 380
+Re-read 386
+Re-read 390

 390 *1111011*1110010*1100101*1001011*0000101*0000111*0010101*1000000*0010010*0011011*0111111*0101100*0101111*0100111*0110011*0011001*0001100*0010011*1111101*1100011*1110110*1111101*1000000*1101011*0001100*0111011*1011010*0011011*0010000*0110101*0011101*1111111*0011111*1000001*1101011*1001100*0111100*0110000*0000111*1010100
Re-read 391
+Re-read 394

 394 *0110111*1011110*0011010*1110111*1100110*0010000*1111111*1010011*0011101*0101101*0101111*0010000*0000000*1100110*1010101*1011000*1100000*0111010*1000011*0000000*0000111*0010110*1100101*0101010*1101100*0011001*0101010*0010011*1001011*0000010*1100001*1011011*1100001*0001110*0011100*1111001*0110111*0100011*1100100*1000110
Re-read 408
+Re-read 410
+Re-read 413
+Re-read 416
+Re-read 420
+Re-read 421

 421 *1001011*1111100*0110010*1100101*0111101*1100000*1001110*1110011*1001111*0011010*0101111*0110101*1010010*0001011*0001111*0111000*0100010*1010001*1010110*1111010*0000110*1011110*0001011*0011101*0001001*0111101*0001000*0110000*0100001*0000010*0100001*1001101*0001010*0010010*0111010*0100111*1001100*0011100*1010111*0001011
Re-read 426
+Re-read 426
+Re-read 433
+Re-read 441
+Re-read 444
+Re-read 447
+Re-read 450
+Re-read 456
+Re-read 462
+Re-read 468
+Re-read 469
+Re-read 470
+Re-read 471
+Re-read 477
+Re-read 478
+Re-read 480
+Re-read 482

 482 *1010000*1000010*1101110*1011100*1111000*0000010*0101111*1001101*0011010*0110111*1100101*0110110*0001111*1100110*0110110*1111101*0010101*1101111*1000110*0111101*1011010*0111001*1101000*0000010*1001100*1100110*1101111*1111111*1111100*1000110*0110100*1110000*1100101*1000100*1010000*0100100*1101010*0110100*0010000*1111111
Re-read 484
+Re-read 485
+Re-read 487
+Re-read 489
+Re-read 493
+Re-read 495
+Re-read 497
+Re-read 497
+Re-read 499
+Re-read 500
+Re-read 500
+Re-read 501
+Re-read 501

 501 *1010010*1100010*1000111*0111111*1100001*0001010*1110000*1100100*1010000*1010111*1111100*0000010*1111001*1010001*0111100*1010100*0110011*0011111*0001001*1100001*1100011*1010011*0001001*1110010*0000011*0100000*1010111*0010100*0101110*1101100*0010011*1101000*1010010*1101111*1111111*0000111*0101110*1001010*0110110*1111110
Re-read 505
+Re-read 505
+Re-read 508
+Re-read 511
+Re-read 512
+Re-read 512
+Re-read 513
+Re-read 517

 517 *1001101*1001101*1101010*1000011*0010011*0100010*1001010*0011101*0011011*1011110*1000100*1101001*1011110*1011001*1111100*0110111*1111000*1001110*0011001*0011001*0010111*0011101*1000011*1111101*1001010*1001000*1110011*1000111*0001001*0000110*0000100*0011101*1111110*0010010*0100011*1100110*1001001*1101010*0000001*0011111
Re-read 520
+Re-read 521
+Re-read 523
+Re-read 524
+Re-read 524

 524 *0011110*0110100*0000000*0101011*1100001*1001010*1101100*0001100*1010101*1111101*1101010*0101001*1100001*1100010*0110010*1110111*1000110*1101111*1011010*1111100*0110111*1001010*0010000*0010101*0100001*0011110*1001001*0111010*0100010*1100101*0000001*1010110*1110001*0010110*1110100*0011010*1111100*0111110*0101111*1011101
Re-read 528
+Re-read 528
+Re-read 529
+Re-read 531
+Re-read 535
+Re-read 536
+Re-read 538
+Re-read 539
+Re-read 539
+Re-read 542
+Re-read 542
+Re-read 543
+Re-read 547
+Re-read 549
+Re-read 551
+Re-read 552
+Re-read 554
+Re-read 555
+Re-read 555
+Re-read 556
+Re-read 557
+Re-read 558
+Re-read 562
+Re-read 563
+Re-read 565
+Re-read 566
+Re-read 569
+Re-read 572
+Re-read 572

 572 *1100111*1001011*1111011*0010110*0111101*1000110*1111111*0100110*0100101*0011001*0100011*0111010*1110100*1011100*0101000*0101010*0010010*0010010*0010110*0111000*1100101*0011011*1100101*1100110*1111010*1110110*1110100*0000000*0110111*0011111*1111000*0001010*0000100*1001100*0000100*1000101*1100111*0000101*1001011*0000001
Re-read 575
+Re-read 576
+Re-read 576
+Re-read 577
+Re-read 578
+Re-read 582
+Re-read 584
+Re-read 585
+Re-read 585
+Re-read 585
+Re-read 586
+Re-read 586
+Re-read 589
+Re-read 589
+Re-read 590
+Re-read 590
+Re-read 591
+Re-read 591
+Re-read 591
+Re-read 591
+Re-read 592
+Re-read 592
+Re-read 594
+Re-read 595

 595 *0111111*1111110*1010000*0100011*1001001*0101110*0000001*1110000*1111000*0011101*1100110*1101110*0001110*0111101*1110000*1101010*1101101*0110011*1000100*0111110*0001000*1000101*1000001*1000000*1111001*1100110*0110100*1110100*0101100*0010000*1001000*0010011*0101101*1001000*0010000*0101111*1010010*0011111*0010000*0011000
Re-read 598
+Re-read 598
+Re-read 598
+Re-read 599
+Re-read 599
+Re-read 602
+Re-read 602
+Re-read 603
+Re-read 605
+Re-read 606
+Re-read 606
+Re-read 607
+Re-read 607
+Re-read 609
+Re-read 612
+Re-read 612
+Re-read 612
+Re-read 613
+Re-read 614
+Re-read 616
+Re-read 616
+Re-read 617
+Re-read 618
+Re-read 618
+Re-read 619
+Re-read 621
+Re-read 621
+Re-read 622
+Re-read 622
+Re-read 623
+Re-read 623
+Re-read 624
+Re-read 624
+Re-read 626
+Re-read 627
+Re-read 627
+Re-read 627
+Re-read 628
+Re-read 628
+Re-read 629
+Re-read 629
+Re-read 630
+Re-read 631
+Re-read 631
+Re-read 631
+Re-read 631
+Re-read 631
+Re-read 632
+Re-read 633
+Re-read 633
+Re-read 634
+Re-read 635
+Re-read 636
+Re-read 636
+Re-read 637
+Re-read 639
+Re-read 639
+Re-read 640
+Re-read 643
+Re-read 643
+Re-read 643
+Re-read 644
+Re-read 645
+Re-read 645
+Re-read 645
+Re-read 645
+Re-read 645
+Re-read 645
+Re-read 647
+Re-read 648
+Re-read 650
+Re-read 651

 651 *1010100*0100110*0010100*0101000*1001101*1100011*1001000*1010110*0110001*0010001*0101001*0010000*1100000*1100001*1011110*0111100*0100101*0101000*0000100*1101111*1110010*1110011*0100001*0000101*0001101*1001110*1110100*0011100*1010010*0001101*0010111*0000000*1010001*1000000*0001100*0011000*1000000*1110011*1000100*0001111
Re-read 653
+Re-read 653
+Re-read 654
+Re-read 654
+Re-read 655
+Re-read 655
+Re-read 656
+Re-read 656
+Re-read 657
+Re-read 657
+Re-read 657
+Re-read 657
+Re-read 657
+Re-read 658
+Re-read 658
+Re-read 658
+Re-read 659
+Re-read 660
+Re-read 662
+Re-read 663
+Re-read 663
+Re-read 663
+Re-read 663
+Re-read 663
+Re-read 663
+Re-read 664
+Re-read 664
+Re-read 664
+Re-read 665
+Re-read 666
+Re-read 666
+Re-read 666
+Re-read 666
+Re-read 667
+Re-read 668
+Re-read 668
+Re-read 669
+Re-read 669
+Re-read 671
+Re-read 671
+Re-read 673
+Re-read 673
+Re-read 673
+Re-read 673
+Re-read 673
+Re-read 673
+Re-read 675
+Re-read 675
+Re-read 675
+Re-read 675
+Re-read 675
+Re-read 675
+Re-read 675
+Re-read 676
+Re-read 678
+Re-read 678
+Re-read 679

 679 *0010100*1000101*1110111*1110001*0101000*1100000*1011100*1111100*1001001*1111011*0001110*1001011*0000101*0110111*0110100*1101010*0011001*1111101*0011111*1111101*1000000*1100110*0010111*0010010*0011011*1111011*1000010*1100011*0010010*1110110*1111000*0100100*1111111*0101110*0011011*1110101*1000100*1010000*0011010*1101111
Re-read 681
+Re-read 681
+Re-read 682
+Re-read 683
+Re-read 683
+Re-read 683
+Re-read 684
+Re-read 684

 684 *0000001*1101110*0011110*0111110*0101001*0101010*0111010*1110011*0110110*1101010*1110100*1000101*0110010*0001111*0001011*0010011*0111000*0000010*0001100*0000000*0101010*1011010*0101010*0111111*1011011*1000100*1001000*0100100*0101100*0111000*0001000*0111101*1111101*0000001*1010011*0001101*0110011*1101111*0000000*1110111
Re-read 687
+Re-read 687
+Re-read 688
+Re-read 688
+Re-read 689
+Re-read 689
+Re-read 689
+Re-read 690
+Re-read 690
+Re-read 691
+Re-read 691
+Re-read 692
+Re-read 692
+Re-read 692
+Re-read 692
+Re-read 692

 692 *1010010*1000010*0001111*1111001*1110010*1011111*1000000*1111110*1011011*0110111*0110111*1010110*1110101*1100001*1101110*1001110*1001001*0101001*1101110*1110010*1111111*0000001*1100001*1111110*0010010*1011010*0011100*1011001*1101101*1010101*0000001*0100000*0011100*0110010*1001001*1011110*0000101*1101011*0101001*1111010
Re-read 693
+Re-read 693
+Re-read 693
+Re-read 693
+Re-read 693
+Re-read 693
+Re-read 693
+Re-read 694
+Re-read 694
+Re-read 694
+Re-read 695
+Re-read 695
+Re-read 695
+Re-read 695
+Re-read 695
+Re-read 697
+Re-read 697
+Re-read 697
+Re-read 697
+Re-read 697
+Re-read 697
+Re-read 698
+Re-read 698
+Re-read 698
+Re-read 698
+Re-read 698
+Re-read 698
+Re-read 699
+Re-read 699
+Re-read 699
+Re-read 699
+Re-read 699
+Re-read 699
+Re-read 699
+Re-read 699
+Re-read 700
+Re-read 700
+Re-read 700
+Re-read 700
+Re-read 701
+Re-read 701
+Re-read 701
+Re-read 701
+Re-read 701
+Re-read 701
+Re-read 701
+Re-read 701

 701 *1100101*1010011*0001110*0001111*1110000*0000101*0110100*1110101*1100110*1111101*1100100*0001111*0010100*0111111*1110001*0011111*1101011*1010000*0111011*0010000*0000111*1100100*1001011*1101101*1111010*1110100*0100110*0000010*0000011*1001101*0001101*1001000*1110100*0111011*1111111*0111100*1010011*1011101*1100110*1001111
Re-read 702
+Re-read 702
+Re-read 703
+Re-read 703
+Re-read 703
+Re-read 703
+Re-read 703
+Re-read 705
+Re-read 705
+Re-read 705
+Re-read 705

 705 *1100101*0011010*0110110*0001100*0010000*0101011*1111011*1001001*1011100*0010010*0011100*0010111*0011000*0101111*0110000*0000011*1101110*0001100*0000011*1011011*1000101*0011111*1110110*0010101*1111111*0010101*0000100*0111000*0111011*1100101*1111010*0100001*0111001*0000010*1100001*0101011*0000100*0111111*0001000*1000101
Re-read 706
+Re-read 706
+Re-read 706
+Re-read 706
+Re-read 706
+Re-read 706
+Re-read 707
+Re-read 708
+Re-read 708
+Re-read 708
+Re-read 708
+Re-read 708
+Re-read 708
+Re-read 708
+Re-read 708
+Re-read 708
+Re-read 708
+Re-read 708
+Re-read 709
+Re-read 709
+Re-read 709
+Re-read 710
+Re-read 712
+Re-read 712
