LEN=320 RATE=8 RANKFRAC=0.000100 ALPHA=0.162500
param 2520

min = 52
Re-read 378
+Re-read 378
+Re-read 380

 380 *1100010*1001100*1111111*1101111*0010111*1101001*0000011*0110110*0110110*0110110*0001000*1101100*1001011*0111101*0110110*0100011*0001001*1111110*1100111*0000101*1111010*1001010*0110110*1001111*0000010*0101111*0101010*0010001*0101101*1110000*1000110*1001101*1010100*0011000*1111001*0010110*1101110*0100110*1011100*0110111
Re-read 387
+Re-read 387
+Re-read 391
+Re-read 393

 393 *0100011*0010000*1010101*0000000*1111000*1001101*1111111*0101101*1001110*1011011*1010110*0010101*1100111*0001110*1100010*1111000*1111100*0111001*1101111*1111110*0111001*1000100*0111001*0001011*0110010*0111111*0010010*1111011*1101101*1011111*1110101*1000011*0111010*1110101*1010100*0011000*0100111*1011100*0100001*1111100
Re-read 398
+Re-read 403
+Re-read 410
+Re-read 414

 414 *0000010*0010100*1111011*0000110*0100111*1010011*0111010*1111011*0010111*1101000*1001001*1001000*1000011*1011011*1111001*1011001*1111110*0010010*0100101*1000111*0000001*1000110*0111000*1111110*1110111*0010101*1011011*1111101*0000011*1110111*0111000*0010010*1011011*0000010*1101100*1001101*1000000*1101000*0110111*0010000
Re-read 418

 418 *0110000*1000001*1010100*1011010*0001111*1011001*0101010*0100010*0000101*1001110*0111001*1100100*0001001*0000011*0101001*0011100*1000001*0101111*1001010*0000010*1101100*1110000*0010001*1011100*0011111*0111101*1011000*0000111*0001011*0110100*0000100*1011010*0101101*0010111*1000000*1111000*0100010*0111001*0110001*1000000
Re-read 420
+Re-read 420
+Re-read 426
+Re-read 426
+Re-read 432
+Re-read 433
+Re-read 434
+Re-read 443
+Re-read 445
+Re-read 448
+Re-read 454
+Re-read 459
+Re-read 464
+Re-read 469
+Re-read 469
+Re-read 470
+Re-read 471
+Re-read 476
+Re-read 480
+Re-read 482
+Re-read 483
+Re-read 485
+Re-read 486
+Re-read 487

 487 *1011000*0010010*0011010*0111100*1100000*1011111*1101101*0000000*0001010*0011010*0011110*1100011*1000100*0111011*1100101*1111101*0101011*0010010*0011001*1010001*0001011*1111010*1000101*0011110*1100011*0001110*0111100*1001101*0111001*0000100*1001001*1100111*0000011*1010000*1000010*0000100*0111010*1100111*0000011*1000100
Re-read 490
+Re-read 493
+Re-read 494
+Re-read 495
+Re-read 497
+Re-read 497
+Re-read 498
+Re-read 500
+Re-read 500
+Re-read 501
+Re-read 502
+Re-read 505
+Re-read 508
+Re-read 511
+Re-read 512
+Re-read 513
+Re-read 513
+Re-read 516
+Re-read 519
+Re-read 523

 523 *0100000*0011111*1110010*1001001*1011111*1100000*0110001*1011101*0011011*0000110*0011011*0001110*0100010*1001001*0011110*0111000*0011010*1100110*1101101*1000000*0000010*0101100*0010011*0010110*1000100*1010011*1111101*1111111*1110010*1110000*1100000*1101000*1111111*1001111*1100111*1111111*0111110*1001110*0011110*1010010
Re-read 524
+Re-read 524
+Re-read 524
+Re-read 526
+Re-read 528
+Re-read 529
+Re-read 532

 532 *1000110*1000000*1000111*1011111*1001011*0010001*1010000*1000101*1000001*1111101*0000101*1110000*0001000*0101010*0100000*1101111*1001111*1100101*0010010*0010001*1101101*1100011*0111000*1110010*0100111*1011111*1101100*0001101*1101011*1110010*0010101*1010101*1010100*1011111*1001011*0101101*0111110*1101110*1010000*0110110
Re-read 536
+Re-read 536
+Re-read 538
+Re-read 539
+Re-read 542
+Re-read 542
+Re-read 542
+Re-read 542
+Re-read 547
+Re-read 549
+Re-read 551

 551 *0111101*0110100*0011111*0011010*1000001*0010001*0000101*0101001*1101100*0000111*0110111*0011010*1011000*0111110*0100000*0111100*0101111*0110110*0101001*0011110*1100000*0000110*0001111*1000000*1001101*1101011*1000010*1011111*0001001*1010011*0100000*1001010*0111110*0101011*0111100*0010000*1010101*1100101*0111011*0100000
Re-read 554
+Re-read 554
+Re-read 555
+Re-read 555
+Re-read 556
+Re-read 556
+Re-read 557
+Re-read 558
+Re-read 563
+Re-read 564
+Re-read 565
+Re-read 568

 568 *0001000*1000011*0100000*1111001*0010011*1100001*0100110*0111101*1010101*1111001*0000010*1110000*1010101*1110011*0010011*0100111*0001011*0010010*1111011*0000010*0011101*0100000*1100100*0101010*0011011*1010000*0000010*1000100*1000100*1111011*0110010*1110011*1001111*0000000*0001001*0101110*0000111*0000101*1000111*1000011
Re-read 570
+Re-read 572
+Re-read 576
+Re-read 577
+Re-read 577
+Re-read 579
+Re-read 582
+Re-read 584
+Re-read 585
+Re-read 585
+Re-read 586
+Re-read 587
+Re-read 589
+Re-read 589
+Re-read 590
+Re-read 590
+Re-read 590
+Re-read 590
+Re-read 590
+Re-read 591
+Re-read 591
+Re-read 591
+Re-read 591
+Re-read 592
+Re-read 593
+Re-read 594
+Re-read 595
+Re-read 598
+Re-read 598
+Re-read 598
+Re-read 599
+Re-read 599
+Re-read 602
+Re-read 602
+Re-read 603
+Re-read 603
+Re-read 605
+Re-read 606

 606 *0110100*0000001*0011100*0001000*1000010*1111111*0000111*0011111*1110010*0010011*1100000*0110000*0101001*1010001*1101001*1001100*1101001*1001100*0011111*1100000*1111110*0010010*0000110*0110110*0110011*1011111*1011101*1001011*1111001*1101011*1001101*1001011*0001110*1011001*1100001*1011010*1000000*0000001*1111111*0011001
Re-read 607
+Re-read 607
+Re-read 607
+Re-read 607
+Re-read 607
+Re-read 609
+Re-read 612
+Re-read 612
+Re-read 613
+Re-read 614
+Re-read 616
+Re-read 616
+Re-read 617
+Re-read 618
+Re-read 618
+Re-read 618
+Re-read 619
+Re-read 620
+Re-read 621
+Re-read 622
+Re-read 622
+Re-read 623
+Re-read 623
+Re-read 624
+Re-read 624
+Re-read 626
+Re-read 626
+Re-read 627
+Re-read 627
+Re-read 627
+Re-read 628
+Re-read 628
+Re-read 629
+Re-read 629
+Re-read 631
+Re-read 631
+Re-read 631
+Re-read 631
+Re-read 631
+Re-read 632
+Re-read 633
+Re-read 633
+Re-read 635
+Re-read 636

 636 *0101010*1011110*0100001*0001100*0111111*1001110*0010110*0001110*1000001*0000101*0100000*0100111*1000110*1111101*1011111*1001111*0100011*0111111*0110011*0100101*0111110*1101101*0100000*0111111*1101001*1111101*1100010*1111011*1111010*1100011*0111111*1010100*1000000*1110111*1000110*1001100*1110101*1101001*1110101*0001000
Re-read 637
+Re-read 637
+Re-read 639
+Re-read 641
+Re-read 643
+Re-read 643
+Re-read 643
+Re-read 643
+Re-read 644
+Re-read 645
+Re-read 645
+Re-read 645
+Re-read 645
+Re-read 645
+Re-read 647

 647 *0001011*0011001*1000101*1101110*1110010*1101011*1110000*1101110*0010100*0000000*1011000*0101010*0011101*1111110*0100011*0011000*0101110*0000101*1001000*1101011*1000011*0100100*0000111*1010101*1010100*1111110*0100110*0111000*1100011*1010000*0010010*0000110*1110011*1000101*0010110*0111100*1111011*1101001*0001000*1100001
Re-read 649
+Re-read 650
+Re-read 651
+Re-read 651
+Re-read 654
+Re-read 655
+Re-read 655
+Re-read 655
+Re-read 656
+Re-read 656
+Re-read 657
+Re-read 657
+Re-read 657
+Re-read 657
+Re-read 657
+Re-read 657
+Re-read 658
+Re-read 658
+Re-read 659
+Re-read 659
+Re-read 662
+Re-read 663
+Re-read 663
+Re-read 663
+Re-read 663
+Re-read 663
+Re-read 663
+Re-read 664
+Re-read 664
+Re-read 664
+Re-read 665
+Re-read 666
+Re-read 666
+Re-read 666
+Re-read 666
+Re-read 667
+Re-read 669
+Re-read 669
+Re-read 669
+Re-read 669
+Re-read 671
+Re-read 671
+Re-read 673
+Re-read 673
+Re-read 673
+Re-read 673
+Re-read 674
+Re-read 675
+Re-read 675
+Re-read 675
+Re-read 675
+Re-read 675
+Re-read 675
+Re-read 676
+Re-read 676

 676 *1010010*0010011*1010011*0010001*0010010*0000011*0010001*0110110*1100000*1011011*0110001*1001010*1111101*1000010*0010111*0000001*0111011*1111011*0000000*1100001*0010010*0100111*1111111*0001100*0010010*1010010*0110100*0000001*0001011*1110100*0000011*1100100*1101110*0011010*1111011*1000001*1010001*1011111*0100010*0001001
Re-read 677
+Re-read 678

 678 *1011101*1000111*1100010*1010010*1111110*1001010*0110001*1111101*1011001*1110011*1110010*1010101*0010100*0001100*1011101*1101010*0101000*1000111*1100110*1101001*1010001*1111001*0110100*0100011*1111101*1110111*1110000*0000011*1110110*0111111*0100000*1100011*1001010*0010011*0100011*1001010*0000010*1001110*0101100*0101110
Re-read 679
+Re-read 679
+Re-read 680
+Re-read 682
+Re-read 683
+Re-read 683
+Re-read 683
+Re-read 684
+Re-read 684
+Re-read 684
+Re-read 684
+Re-read 686
+Re-read 687
+Re-read 688
+Re-read 689
+Re-read 689
+Re-read 689
+Re-read 690
+Re-read 690
+Re-read 691
+Re-read 692
+Re-read 692
+Re-read 692
+Re-read 692
+Re-read 692
+Re-read 692
+Re-read 692
+Re-read 693
+Re-read 693
+Re-read 693
+Re-read 693
+Re-read 693
+Re-read 694
+Re-read 694
+Re-read 694
+Re-read 695
+Re-read 695
+Re-read 695
+Re-read 695
+Re-read 695
+Re-read 697
+Re-read 697
+Re-read 697
+Re-read 697
+Re-read 697
+Re-read 697
+Re-read 697
+Re-read 697
+Re-read 698
+Re-read 698
+Re-read 698
+Re-read 698
+Re-read 698
+Re-read 698
+Re-read 698
+Re-read 699
+Re-read 699
+Re-read 699
+Re-read 699
+Re-read 699
+Re-read 699
+Re-read 699
+Re-read 700
+Re-read 700
+Re-read 700

 700 *1001011*0100110*1001011*1111100*0100010*0010100*1101010*0111111*0010000*1000010*0010111*1111010*1011110*1100111*1110111*1111101*0000110*0000100*0000110*0111111*0110001*1111101*0000000*0011011*1001001*0100010*1100101*1101000*0001101*1011111*0010001*1011110*1111111*1000010*0000000*0001111*1010001*1101000*0100001*0100010
Re-read 701
+Re-read 701
+Re-read 701
+Re-read 701
+Re-read 701
+Re-read 701
+Re-read 701
+Re-read 701
+Re-read 702
+Re-read 703
+Re-read 703
+Re-read 703
+Re-read 703
+Re-read 703
+Re-read 703
+Re-read 705
+Re-read 705
+Re-read 705
+Re-read 705
+Re-read 706
+Re-read 706
+Re-read 706
+Re-read 706
+Re-read 706
+Re-read 706

 706 *1010100*1011010*1010011*0101011*1101110*0010010*0011010*1001111*0101011*0110100*1110110*0010010*1111110*1010001*0100000*1011100*0000101*0100100*1001100*1111110*1111010*0111001*1100100*1110011*1001011*1111111*1011000*1001111*0010011*0110110*1100000*1100001*1001100*0111110*1010110*0100111*0101000*1111111*1100001*1001111
Re-read 707
+Re-read 707
+Re-read 708
+Re-read 708
+Re-read 708
+Re-read 708
+Re-read 708
+Re-read 708
+Re-read 708
+Re-read 708
+Re-read 708
+Re-read 708
+Re-read 708
+Re-read 708
+Re-read 708
+Re-read 708
+Re-read 708
+Re-read 709
+Re-read 709

 709 *1100111*0111001*1001111*1011010*1100011*1000100*0101010*1100000*1111110*0101011*1010011*1010110*1000000*1111000*1011101*1101100*1111101*1010111*0011010*1010001*1111000*0100010*0010011*1010111*0111100*0000111*1100100*1100000*0010011*0011100*1100000*1000101*0001100*0101000*0001000*0110011*0000000*0101000*1101010*1000111
Re-read 711
+Re-read 712
+Re-read 712
