LEN=320 RATE=8 RANKFRAC=0.000100 ALPHA=0.162500
param 258

min = 52
Re-read 378
+Re-read 378

 378 *1011110*1111100*1011110*1010011*1101100*0010100*0010000*1111001*1010101*0100001*1001111*1110000*0011001*0101101*0101000*0001011*1000010*1110000*0100001*1110101*1110000*1010111*1111010*0000111*0110001*0011000*0110011*0101100*1101111*0001110*1110101*0000001*1010101*0011010*1101100*1011000*0011110*0011100*0110111*0000011
Re-read 383
+Re-read 383
+Re-read 386
+Re-read 386
+Re-read 391

 391 *0100001*0101000*0100011*0011001*0011011*1110001*1000111*1001001*1110010*1101010*0010110*1010000*1111001*1111011*0111110*1100011*1100001*0110110*0011000*0100101*1000111*1001000*1001001*1101110*0000100*0011000*0101110*0000000*1001111*1000101*1011100*1100010*1111000*1110110*0011110*0000010*1100011*0001001*1101000*1001000
Re-read 402
+Re-read 403
+Re-read 410

 410 *1010111*1101000*1000110*0011010*0000101*1000010*1000101*0011111*1001010*1101010*0100001*0010100*1001100*1100100*0101001*1010010*0011100*0010000*0100000*0111010*1100100*1011000*0000011*0000000*0011100*0010111*1010110*1111000*0101101*1001011*1110011*1011010*1000111*1000111*1110010*0110001*1100111*0010100*0010010*1110100
Re-read 414
+Re-read 414
+Re-read 419

 419 *1111011*1110010*0101110*0100101*1000011*1001101*1101000*0000101*1111110*1100000*1100100*0100101*1101010*0011110*1101000*1110101*0010101*0010100*0000000*0010101*1011011*1011011*0010100*0110101*1111111*1001000*0000100*0111100*1011101*0111010*0111010*0101100*1111011*1110001*0100001*1101111*0111000*1000001*0101100*1110100
Re-read 421
+Re-read 426
+Re-read 432
+Re-read 433
+Re-read 444
+Re-read 446
+Re-read 448

 448 *0000101*0001111*1001100*0000110*0010100*1100011*0000101*0001001*0011010*1100011*1101011*0111111*0000001*0000110*1011101*0001010*0011111*1010111*1010010*0111100*0011001*1001100*0110101*1110011*1100000*1101011*1101011*0101111*1001111*0011010*0101010*1101011*0010000*0111010*0110111*0111011*1101110*1001100*0000011*0000000
Re-read 455
+Re-read 458
+Re-read 460
+Re-read 466
+Re-read 469
+Re-read 471
+Re-read 476
+Re-read 481
+Re-read 482
+Re-read 483
+Re-read 485
+Re-read 487
+Re-read 489
+Re-read 493
+Re-read 494
+Re-read 496
+Re-read 497
+Re-read 500
+Re-read 500
+Re-read 500
+Re-read 501
+Re-read 505
+Re-read 508
+Re-read 511
+Re-read 512
+Re-read 513
+Re-read 515
+Re-read 518
+Re-read 523
+Re-read 524
+Re-read 524
+Re-read 525
+Re-read 528
+Re-read 529
+Re-read 531
+Re-read 534
+Re-read 535
+Re-read 535
+Re-read 537
+Re-read 538
+Re-read 539
+Re-read 541
+Re-read 542
+Re-read 542
+Re-read 545
+Re-read 547
+Re-read 548
+Re-read 550
+Re-read 551
+Re-read 553
+Re-read 555
+Re-read 556
+Re-read 558
+Re-read 559
+Re-read 564
+Re-read 565
+Re-read 567
+Re-read 569
+Re-read 572
+Re-read 572
+Re-read 575
+Re-read 576
+Re-read 577
+Re-read 577

 577 *0111011*0000101*1110100*1001010*1110110*0001011*1010001*0110111*0010000*1001011*0100010*0010000*1110001*0001111*0000001*1011111*1001000*0001001*1001101*1011111*0011011*1011101*0001000*1010101*1001101*0010001*1100000*1110111*1101011*0010101*0001000*1011110*0111100*1111101*1111011*0100011*0001111*1100100*1011110*1100000
Re-read 579
+Re-read 581
+Re-read 584
+Re-read 584
+Re-read 585
+Re-read 585
+Re-read 585
+Re-read 585
+Re-read 587
+Re-read 588
+Re-read 589
+Re-read 589
+Re-read 590
+Re-read 590
+Re-read 590
+Re-read 590
+Re-read 591
+Re-read 591
+Re-read 591
+Re-read 591
+Re-read 592
+Re-read 592
+Re-read 592
+Re-read 594
+Re-read 595
+Re-read 598
+Re-read 598
+Re-read 599
+Re-read 599
+Re-read 601
+Re-read 601
+Re-read 602
+Re-read 603
+Re-read 605
+Re-read 606
+Re-read 606
+Re-read 606
+Re-read 607
+Re-read 607
+Re-read 609
+Re-read 612
+Re-read 612
+Re-read 613
+Re-read 614
+Re-read 616
+Re-read 616
+Re-read 616
+Re-read 617
+Re-read 618
+Re-read 618
+Re-read 619

 619 *1001011*0111100*1110010*1101100*0100101*0000101*1010000*1011011*0010001*0010000*1000110*1000101*0011011*0111001*1111101*0111110*1100100*1110010*0101001*0110110*0101100*0001111*1000100*0100010*0000011*0000000*1110111*0101010*0000111*0011100*0011010*1011010*0100011*1101110*0100101*1011101*0100011*1001111*1000111*0100001
Re-read 620
+Re-read 621
+Re-read 621
+Re-read 621

 621 *1011111*1111101*1000000*0011011*1010111*1110000*1010000*1111000*1111101*0100011*0010111*0100010*0001110*0010100*0100111*1110111*0100111*0000110*0110111*0011101*0011011*0100110*1011110*0100100*1000110*1110101*0100101*0101011*1011010*0000111*0010100*1000000*1001000*1010111*1101000*1100011*0000001*0000001*1011110*0011000
Re-read 622
+Re-read 622
+Re-read 623
+Re-read 623
+Re-read 623
+Re-read 624

 624 *0001001*0010011*1010110*0100111*1010111*1010100*0011100*1001010*0001110*1000110*1010000*1010001*0010101*0100110*0010001*1111100*0100000*0100001*0011100*0111011*0110101*1010010*1011011*0111001*0000000*0010011*0001001*1111011*1010001*1111110*1000111*0000011*1000100*0110000*1110110*1000100*1111101*1000000*0000111*0101100
Re-read 626
+Re-read 626
+Re-read 626
+Re-read 627
+Re-read 627
+Re-read 627
+Re-read 628
+Re-read 629
+Re-read 629
+Re-read 630
+Re-read 631
+Re-read 631
+Re-read 631
+Re-read 631
+Re-read 631
+Re-read 632
+Re-read 633
+Re-read 634
+Re-read 634
+Re-read 635
+Re-read 636
+Re-read 636
+Re-read 637
+Re-read 639
+Re-read 639
+Re-read 640
+Re-read 643
+Re-read 643
+Re-read 644
+Re-read 645
+Re-read 645
+Re-read 645
+Re-read 645
+Re-read 645
+Re-read 645
+Re-read 645
+Re-read 647
+Re-read 648
+Re-read 651
+Re-read 651
+Re-read 652
+Re-read 654
+Re-read 655
+Re-read 655
+Re-read 656
+Re-read 656
+Re-read 657
+Re-read 657
+Re-read 657
+Re-read 657
+Re-read 657
+Re-read 657
+Re-read 658
+Re-read 658
+Re-read 658
+Re-read 659
+Re-read 659
+Re-read 660
+Re-read 662
+Re-read 663
+Re-read 663
+Re-read 663
+Re-read 663
+Re-read 663
+Re-read 663
+Re-read 664
+Re-read 664
+Re-read 664
+Re-read 666
+Re-read 666
+Re-read 666
+Re-read 666
+Re-read 666
+Re-read 667
+Re-read 667
+Re-read 668
+Re-read 669
+Re-read 669
+Re-read 669
+Re-read 670
+Re-read 671
+Re-read 671
+Re-read 673
+Re-read 673
+Re-read 673
+Re-read 673
+Re-read 673
+Re-read 675
+Re-read 675
+Re-read 675
+Re-read 675
+Re-read 675
+Re-read 675
+Re-read 675
+Re-read 675
+Re-read 676
+Re-read 676
+Re-read 678
+Re-read 678
+Re-read 679
+Re-read 681
+Re-read 682
+Re-read 683
+Re-read 683
+Re-read 684
+Re-read 684
+Re-read 684
+Re-read 684
+Re-read 684
+Re-read 685
+Re-read 687
+Re-read 687
+Re-read 688
+Re-read 688
+Re-read 689
+Re-read 689
+Re-read 689
+Re-read 690
+Re-read 691
+Re-read 691
+Re-read 692
+Re-read 692
+Re-read 692
+Re-read 692
+Re-read 692
+Re-read 692
+Re-read 693
+Re-read 693
+Re-read 693
+Re-read 693
+Re-read 693
+Re-read 694
+Re-read 694
+Re-read 694
+Re-read 695
+Re-read 695
+Re-read 695
+Re-read 695
+Re-read 695
+Re-read 696
+Re-read 697
+Re-read 697
+Re-read 697
+Re-read 697
+Re-read 697
+Re-read 698
+Re-read 698
+Re-read 698
+Re-read 698
+Re-read 698
+Re-read 698
+Re-read 698
+Re-read 699
+Re-read 699
+Re-read 699
+Re-read 699
+Re-read 699
+Re-read 699
+Re-read 699
+Re-read 700
+Re-read 700
+Re-read 700
+Re-read 700
+Re-read 701
+Re-read 701
+Re-read 701
+Re-read 701
+Re-read 701
+Re-read 701
+Re-read 701
+Re-read 701

 701 *1100000*0000100*1111001*0001000*1101110*1101110*0001101*0011100*0011101*0000001*0000100*0111100*0111101*1101001*0110110*0001011*0110001*0000111*0111001*0011100*0000000*0101111*0000111*0111000*0100001*1101110*0110101*1101110*1010110*0001100*1101110*0001111*0001001*1101000*1101001*0000000*1100000*1110111*1111100*0000000
Re-read 703
+Re-read 703
+Re-read 703
+Re-read 703
+Re-read 703
+Re-read 703
+Re-read 705
+Re-read 705
+Re-read 705
+Re-read 705
+Re-read 706
+Re-read 706
+Re-read 706
+Re-read 706
+Re-read 706
+Re-read 706
+Re-read 706
+Re-read 707
+Re-read 708
+Re-read 708
+Re-read 708
+Re-read 708
+Re-read 708
+Re-read 708
+Re-read 708
+Re-read 708
+Re-read 708
+Re-read 708
+Re-read 708
+Re-read 708
+Re-read 709
+Re-read 709
+Re-read 709
+Re-read 710
+Re-read 712
