LEN=320 RATE=8 RANKFRAC=0.000100 ALPHA=0.162500
param 2526

min = 52
Re-read 378
+Re-read 378
+Re-read 383
+Re-read 384
+Re-read 386

 386 *0111110*1001101*0111001*0111010*1110101*0000101*0111100*0010011*0100011*1001110*1101111*1100001*1111011*1100111*0111111*0111110*1100110*0010110*0100011*0011100*1011110*1001001*0001110*1100110*1011101*1110000*0000100*0100011*0111011*1111000*0010000*0100001*0100101*1110000*0010100*0111111*1000001*0111100*1011001*0001010
Re-read 390
+Re-read 391
+Re-read 394
+Re-read 405
+Re-read 413
+Re-read 414
+Re-read 418
+Re-read 420
+Re-read 426
+Re-read 426
+Re-read 433

 433 *0001010*1101011*1010100*0001110*1010101*1100110*0011101*1100011*1110111*0111001*0111010*1010011*0110110*0100100*0011001*0111000*1010110*1000000*1101100*0111010*1011000*0110101*1011101*0101110*1011011*1111100*1110000*1101000*1101111*0000010*1000001*0111010*0100000*0101011*1111000*1011000*0011100*1100011*1010110*1110100
Re-read 441
+Re-read 441
+Re-read 444
+Re-read 448
+Re-read 450
+Re-read 456

 456 *1111000*1011111*0110011*1110100*1110100*0100000*0100100*0010010*1101111*0010101*0101011*0000001*0100111*1011101*1011110*1011000*1000001*1011011*0111111*1100000*1101001*0011011*1111100*1110010*0011001*0001010*1001010*0001101*0111010*0100000*0111100*0000100*0110001*1011111*1101100*0111011*0100110*1000111*0111101*0001011
Re-read 462
+Re-read 462
+Re-read 468
+Re-read 470
+Re-read 471
+Re-read 476
+Re-read 478
+Re-read 479
+Re-read 482
+Re-read 482
+Re-read 483
+Re-read 485
+Re-read 490
+Re-read 493
+Re-read 494
+Re-read 497
+Re-read 497
+Re-read 499
+Re-read 500
+Re-read 500
+Re-read 501
+Re-read 503
+Re-read 506
+Re-read 508
+Re-read 511
+Re-read 512
+Re-read 513
+Re-read 515
+Re-read 518

 518 *0010001*1110001*0111010*1010001*1111000*1001010*0100000*1010110*0110001*1100110*0100100*0001000*0001010*0101111*1101101*0101001*1010001*0001001*1011101*0010010*1000101*0010011*1011110*1110000*0111000*1110011*0111110*0110111*1100001*1111001*0111110*1000100*0000111*0001101*0000000*1010011*1101111*0101111*1101011*1001010
Re-read 521
+Re-read 521
+Re-read 523
+Re-read 524
+Re-read 524
+Re-read 526
+Re-read 528
+Re-read 529
+Re-read 531
+Re-read 534
+Re-read 535
+Re-read 537
+Re-read 538
+Re-read 539
+Re-read 542
+Re-read 542

 542 *0111101*1001000*0011000*0100110*0011110*0001101*1100001*0101110*0001110*1000100*0110010*1110111*1001110*0100010*0100110*1001011*1110101*0001110*0000011*1001001*1101011*1001110*1100010*0111111*1010010*0001101*1101000*1011111*1101111*0100011*0001001*0000000*0111101*0011101*1111011*1000011*0011111*0111011*1101111*0010111
Re-read 543
+Re-read 543
+Re-read 545
+Re-read 547
+Re-read 548
+Re-read 550
+Re-read 551
+Re-read 554
+Re-read 555
+Re-read 556
+Re-read 556
+Re-read 557
+Re-read 559
+Re-read 562
+Re-read 563

 563 *1011101*1010000*1110000*0011111*0110101*0000111*1010111*1110111*0101101*0111000*0111010*1000100*0011010*0111010*1011000*1111101*0111111*0011011*1111100*0001100*0001010*0000111*1000010*1111011*0010011*0011000*0100101*0101011*1011000*1001011*0001101*0111110*0000010*0010000*0000011*0110111*0010100*0011111*1111011*0001101
Re-read 566
+Re-read 566
+Re-read 568
+Re-read 570

 570 *1101010*0000100*1000011*1101111*0011110*1110101*1001100*0010110*1011100*0000110*0111100*1010000*0011011*1001101*1011100*1000001*1101101*0010011*1110111*0001010*0010011*0010100*0111111*1110110*0111101*0101111*0011110*0111100*0100111*1101100*1010100*0000011*1000010*0001101*0000000*1000000*0100100*1100101*0101010*0011010
Re-read 573
+Re-read 573
+Re-read 576
+Re-read 577
+Re-read 577
+Re-read 580
+Re-read 584
+Re-read 585
+Re-read 585
+Re-read 585
+Re-read 586
+Re-read 587
+Re-read 588
+Re-read 589
+Re-read 590
+Re-read 590
+Re-read 590
+Re-read 591
+Re-read 591
+Re-read 591
+Re-read 591
+Re-read 592
+Re-read 592
+Re-read 595
+Re-read 598
+Re-read 598
+Re-read 598
+Re-read 599
+Re-read 599
+Re-read 601
+Re-read 602
+Re-read 603
+Re-read 603
+Re-read 604
+Re-read 606
+Re-read 606
+Re-read 607
+Re-read 607
+Re-read 607

 607 *1010100*1101101*1001001*1100011*1111100*1000100*0011001*0110111*1001101*0101010*0100000*1110010*0010110*0001000*1101000*1011100*1100100*0111111*1010000*0001101*0001000*0111101*1001110*0110010*1000101*0101101*1001100*1010000*1100000*0111011*0101001*1111001*1110111*0000010*0000001*1101000*0000001*1000101*0000110*0101100
Re-read 609
+Re-read 611
+Re-read 612
+Re-read 612
+Re-read 612
+Re-read 613
+Re-read 616
+Re-read 616
+Re-read 616
+Re-read 616
+Re-read 617
+Re-read 617
+Re-read 618
+Re-read 618
+Re-read 619
+Re-read 620
+Re-read 621
+Re-read 621
+Re-read 621
+Re-read 622
+Re-read 623
+Re-read 623
+Re-read 623
+Re-read 623
+Re-read 624
+Re-read 624
+Re-read 625
+Re-read 626
+Re-read 627
+Re-read 627
+Re-read 627
+Re-read 627
+Re-read 628
+Re-read 628
+Re-read 629
+Re-read 629
+Re-read 631
+Re-read 631
+Re-read 631
+Re-read 632
+Re-read 633
+Re-read 633
+Re-read 634
+Re-read 634
+Re-read 635
+Re-read 636
+Re-read 637
+Re-read 637
+Re-read 639
+Re-read 640
+Re-read 643
+Re-read 643
+Re-read 643
+Re-read 644
+Re-read 645
+Re-read 645
+Re-read 645
+Re-read 645
+Re-read 645
+Re-read 645
+Re-read 645
+Re-read 645
+Re-read 648
+Re-read 650
+Re-read 651
+Re-read 651
+Re-read 653
+Re-read 654
+Re-read 655
+Re-read 655
+Re-read 656
+Re-read 656

 656 *0111100*0100011*0111111*1111110*0010011*0101001*0011001*0110010*0111010*0010001*0110001*1001100*0101111*1101101*1000000*0011000*1100000*0011011*0011100*0000001*0100001*1111000*1010101*0011000*0010000*1001111*0001110*0001011*0000111*1011101*1110111*0001001*1010101*1010001*1010011*0001110*0111111*1101111*1111110*0010110
Re-read 657
+Re-read 657
+Re-read 657
+Re-read 657
+Re-read 657
+Re-read 657
+Re-read 657
+Re-read 658
+Re-read 658
+Re-read 659
+Re-read 660
+Re-read 662
+Re-read 663
+Re-read 663
+Re-read 663
+Re-read 663
+Re-read 663
+Re-read 663
+Re-read 664
+Re-read 664
+Re-read 665
+Re-read 666
+Re-read 666
+Re-read 666
+Re-read 666
+Re-read 666
+Re-read 666
+Re-read 667
+Re-read 668
+Re-read 669
+Re-read 669
+Re-read 669
+Re-read 671
+Re-read 671
+Re-read 673
+Re-read 673
+Re-read 673
+Re-read 673
+Re-read 673
+Re-read 675
+Re-read 675
+Re-read 675
+Re-read 675
+Re-read 676
+Re-read 676
+Re-read 676
+Re-read 678
+Re-read 678
+Re-read 679
+Re-read 680
+Re-read 681
+Re-read 683
+Re-read 683
+Re-read 683
+Re-read 683
+Re-read 684
+Re-read 684
+Re-read 686
+Re-read 687
+Re-read 687
+Re-read 688
+Re-read 689
+Re-read 689
+Re-read 690
+Re-read 690

 690 *1101110*1011000*0001010*0111001*1111010*1100010*1011111*0101111*1010011*1100101*1011101*0110011*0101011*0111101*1101111*0000001*1011000*0011011*0010111*0110100*1101001*1100001*1110111*1000100*0001001*0100100*1000100*1100010*0111011*1000111*1111101*1010101*1000100*0001010*0001010*0110000*0010010*1111110*0000000*1101101
Re-read 691
+Re-read 691
+Re-read 691
+Re-read 692
+Re-read 692
+Re-read 692
+Re-read 692
+Re-read 692
+Re-read 692
+Re-read 693
+Re-read 693
+Re-read 693
+Re-read 693
+Re-read 693
+Re-read 693
+Re-read 693
+Re-read 694
+Re-read 694
+Re-read 694
+Re-read 694
+Re-read 695
+Re-read 695
+Re-read 695
+Re-read 696
+Re-read 697
+Re-read 697
+Re-read 697
+Re-read 697
+Re-read 697
+Re-read 698
+Re-read 698
+Re-read 698
+Re-read 698
+Re-read 698
+Re-read 699
+Re-read 699
+Re-read 699
+Re-read 699
+Re-read 699
+Re-read 699
+Re-read 699
+Re-read 699
+Re-read 700
+Re-read 700
+Re-read 700
+Re-read 701
+Re-read 701
+Re-read 701
+Re-read 701
+Re-read 701
+Re-read 701
+Re-read 701
+Re-read 702
+Re-read 703
+Re-read 703
+Re-read 703
+Re-read 703
+Re-read 703
+Re-read 703
+Re-read 705
+Re-read 705
+Re-read 705
+Re-read 705
+Re-read 706
+Re-read 706
+Re-read 706
+Re-read 706
+Re-read 706
+Re-read 706
+Re-read 707
+Re-read 708
+Re-read 708
+Re-read 708
+Re-read 708
+Re-read 708
+Re-read 708
+Re-read 708
+Re-read 708
+Re-read 708
+Re-read 708
+Re-read 708
+Re-read 708
+Re-read 709
+Re-read 709

 709 *0111100*1001100*1001101*1011101*1111111*1110111*0000110*1100101*1110011*1000111*0000011*0111100*1000101*1100100*1101010*0000010*0011011*0100110*0111110*1011010*1101011*0010010*1010011*1110100*0101000*1011110*0100000*0000100*0101101*0011111*0100000*0000001*0010101*1000011*0111101*0100001*1110110*1000011*0110010*1011110
Re-read 710
+Re-read 710
+Re-read 711
+Re-read 712
+Re-read 712
