LEN=320 RATE=8 RANKFRAC=0.000100 ALPHA=0.162500
param 251

min = 52
Re-read 378
+Re-read 378
+Re-read 380
+Re-read 385
+Re-read 390
+Re-read 391
+Re-read 395

 395 *0101000*0111111*1010010*0000000*0100100*1110101*0011000*1000100*0101100*1001001*0001100*0101010*0000110*0000101*1001011*1011111*0011001*1011001*1011101*1110010*0100111*0010000*0001011*0010111*0101111*0000010*1010000*0111101*0000100*1101010*1001100*1000001*0100110*1101010*0101000*1110101*0111111*0100100*1001110*0011101
Re-read 403
+Re-read 410
+Re-read 414
+Re-read 417
+Re-read 419
+Re-read 421

 421 *0101110*1010111*0001100*1101110*0111010*0101100*0010100*0101001*1001001*0001010*0010001*1011100*0110111*0000111*1001111*0111010*1101000*1100000*1100000*1011010*1110110*1101100*1001000*1000000*1110011*1100110*0111000*1110101*1100000*1101110*0111010*0110110*1101011*1011111*0001001*1001111*0011100*0110110*1111111*1000010
Re-read 425

 425 *0100100*1001111*0100000*0001000*1110100*0000000*1111111*1000001*1001110*1100101*1000011*1111011*1100011*1001011*1110001*1011011*0000011*0010011*1001000*1010011*0001110*0000001*1010100*1001101*1000000*1110000*0100001*1101010*0111101*0001110*0000000*1010101*0111111*1110111*0000100*1100001*0110010*1011000*0111001*0001000
Re-read 431
+Re-read 433
+Re-read 440
+Re-read 444
+Re-read 448
+Re-read 450

 450 *1101111*1100011*0010010*0000111*0100010*1011110*1110011*1101110*0000111*0110110*1111010*0000100*1000110*1011000*0001011*1011101*0101101*0101101*0100101*1100010*0101101*1000100*0100100*0001111*0101100*1010011*0111011*1010100*0001001*1101110*1101100*1100010*0010111*0010000*0010100*1011110*1000110*0111111*0100001*1110100
Re-read 461
+Re-read 464
+Re-read 469
+Re-read 471

 471 *1111110*0110001*0110000*0000000*0100010*1001110*0101001*0111001*0111001*1010111*1010101*1001001*0011110*0011010*0000010*0110001*1111011*1101001*1011100*0001010*1101010*1111110*1111011*1011000*1010111*0001011*1000011*1100000*1010110*1101111*1111011*0101111*1000111*1001111*0001010*1000110*1000001*1000000*0010110*1001100
Re-read 476
+Re-read 478
+Re-read 479
+Re-read 482
+Re-read 482
+Re-read 483
+Re-read 485
+Re-read 487
+Re-read 489
+Re-read 493

 493 *0000011*0100011*0000100*0100000*0111110*1001001*0001010*0101110*0010001*1110010*1101110*0001101*1011100*0000000*1100110*0010000*0100111*1010110*0000101*1111001*1101100*1010000*0011000*0011011*1011011*0111100*0001111*0001110*1010001*0110101*1011000*1001100*0111111*0111010*1100110*1110010*1001001*1000010*1001001*1111011
Re-read 494
+Re-read 494
+Re-read 496
+Re-read 497
+Re-read 497
+Re-read 498
+Re-read 500
+Re-read 500

 500 *1100001*0111101*0111000*0011001*1101110*1100101*1000110*0000001*0110111*1101111*1000101*1000000*1110000*1111110*1101010*1111100*1110001*0110100*0100110*0001111*1011011*1100100*0010001*0110110*0011011*0111000*1110011*1110000*0000100*0010110*1001001*1100011*1011010*1101110*1011110*0010000*0000011*0000100*1000110*0111101
Re-read 502
+Re-read 503
+Re-read 505
+Re-read 511
+Re-read 511
+Re-read 512

 512 *1001011*0110011*1011010*0010110*0011000*0010100*1100000*0011001*1000101*1100101*0101110*0011110*0001001*1010110*0101100*0010101*1110011*0011100*1111000*0011010*0001111*0010011*1100111*1111100*0011010*1100101*0111001*0100101*0010000*1011110*1101101*1111110*1111100*1001101*0110000*1110001*1010100*0101111*0010011*1111010
Re-read 517
+Re-read 518
+Re-read 518
+Re-read 519
+Re-read 523
+Re-read 524
+Re-read 524
+Re-read 528
+Re-read 529

 529 *0101101*1101001*0100000*0101001*0100011*0000010*0001111*1100000*0100010*1000011*0000111*1110111*1011101*0110100*0111100*1110011*0101100*1011000*1011111*0010011*1100111*0010001*0011010*0101110*0110110*0101110*0101111*0000000*0101010*1110111*0111101*1000101*1000011*1011010*1011110*0000101*0010100*0110101*1001000*0100001
Re-read 534
+Re-read 535
+Re-read 537
+Re-read 538
+Re-read 539
+Re-read 542
+Re-read 542
+Re-read 542
+Re-read 542
+Re-read 547
+Re-read 549
+Re-read 551
+Re-read 553
+Re-read 554
+Re-read 555
+Re-read 555
+Re-read 556
+Re-read 557
+Re-read 559
+Re-read 563
+Re-read 565
+Re-read 567
+Re-read 572
+Re-read 572
+Re-read 577
+Re-read 577
+Re-read 580

 580 *1011010*0101000*0101001*0011101*0100110*0111110*0100100*1000000*0000010*1010100*0110101*0110100*1101100*1001100*0110100*0101000*1110111*0011110*1101000*0100011*0001001*0100011*0000010*1000001*0000111*0010110*1011011*1100001*1000000*0010000*1000000*1100011*1110000*0000111*0101111*0010100*1000101*0000011*0010011*0110010
Re-read 584
+Re-read 584
+Re-read 585
+Re-read 585
+Re-read 586
+Re-read 587
+Re-read 588
+Re-read 589
+Re-read 590
+Re-read 590
+Re-read 590
+Re-read 590
+Re-read 591
+Re-read 591
+Re-read 591
+Re-read 591
+Re-read 592
+Re-read 594
+Re-read 595
+Re-read 598
+Re-read 598
+Re-read 598
+Re-read 599
+Re-read 599

 599 *0011101*1111110*0001000*1101011*0101100*1110101*0000100*0111000*0101010*0100111*0011101*0000110*0111001*1001001*0110110*1001110*1011100*0100010*0000001*1100100*0011000*0001010*1111111*0100000*0111110*1110101*0010000*0001000*0001110*1011100*1110000*0100110*1010101*0100000*1001110*0000111*1110000*1111011*1111000*0001100
Re-read 601
+Re-read 601
+Re-read 602
+Re-read 602
+Re-read 603

 603 *1110010*1110001*0101100*0001001*1100111*0011110*1110001*1111101*1000011*1100000*0100111*1010011*0011000*1011000*0100011*1011100*0111110*1011111*0011001*1111011*1110001*0111011*0111001*1010001*1111101*0011001*0000111*1101100*0111100*0000110*1001001*1101010*0110010*0001010*1100011*0000000*1100010*0100111*1110110*0101101
Re-read 605
+Re-read 605
+Re-read 606
+Re-read 606
+Re-read 607
+Re-read 607
+Re-read 607
+Re-read 608
+Re-read 611
+Re-read 612
+Re-read 612
+Re-read 613
+Re-read 616
+Re-read 616
+Re-read 616
+Re-read 617
+Re-read 617
+Re-read 618
+Re-read 618
+Re-read 619
+Re-read 621
+Re-read 621
+Re-read 622
+Re-read 623
+Re-read 623
+Re-read 623
+Re-read 623
+Re-read 624

 624 *0011001*1010111*0111110*1001100*0010000*1001010*0001100*0001001*1010110*1110000*0011101*0010110*1100000*0100010*0100010*0110110*0001010*0011101*0111110*0111100*0011001*1111000*1000101*1100110*1111000*0110000*1000000*1100100*0100000*1110000*0111001*0100010*0011000*1011000*1100000*1111111*1101011*0001101*1110011*1100011
Re-read 625
+Re-read 626
+Re-read 627
+Re-read 627
+Re-read 627
+Re-read 627
+Re-read 627
+Re-read 628
+Re-read 629
+Re-read 629
+Re-read 630
+Re-read 631
+Re-read 631
+Re-read 631
+Re-read 632
+Re-read 633
+Re-read 633
+Re-read 634
+Re-read 635
+Re-read 636
+Re-read 636
+Re-read 637
+Re-read 638
+Re-read 640
+Re-read 642
+Re-read 643
+Re-read 643
+Re-read 645
+Re-read 645
+Re-read 645
+Re-read 645
+Re-read 645
+Re-read 645
+Re-read 647
+Re-read 648
+Re-read 650
+Re-read 651
+Re-read 651
+Re-read 652
+Re-read 654

 654 *1001001*1110101*0010101*0011100*0010000*1101000*0000110*1000101*1101000*0001011*0001110*0111101*0011100*1011111*0100111*0011101*0000000*0000101*1101011*0001001*1000100*1101111*1110101*0010100*1111111*0001110*0100100*1101000*0111010*0010111*0101011*0001011*1011111*1111100*1111000*0100111*0100011*1100011*1000001*0000010
Re-read 655
+Re-read 655
+Re-read 655
+Re-read 656
+Re-read 656
+Re-read 657
+Re-read 657
+Re-read 657
+Re-read 657
+Re-read 657
+Re-read 657
+Re-read 657
+Re-read 658
+Re-read 658
+Re-read 658
+Re-read 658
+Re-read 659
+Re-read 660
+Re-read 662
+Re-read 663
+Re-read 663
+Re-read 663
+Re-read 663
+Re-read 663
+Re-read 663

 663 *1101001*1001001*0011101*1111100*1011000*1111100*0110101*1011001*0001001*0010101*0010001*1000111*1101111*0100001*1000011*1001000*1010001*0000111*0100111*1111001*1110001*0101001*0000011*1000000*0001101*1001101*1111010*0110010*1011010*0110000*1110011*0111000*0011100*1011110*0100000*0111100*1011011*0011000*0001101*1111011
Re-read 664
+Re-read 664
+Re-read 664
+Re-read 664

 664 *1001011*1100001*1110110*1111010*0010000*1101001*1111000*1101000*0111010*0011001*0011110*1111100*0010100*1001100*0001101*1101111*1001001*0101101*0011111*0001011*0011101*0100101*1000010*1001010*0111111*1000011*1111111*0010111*0010000*1110101*0001011*0111010*0011111*1011000*1000010*0111110*1011001*1101001*1001011*1001001
Re-read 665
+Re-read 666
+Re-read 666
+Re-read 666
+Re-read 666
+Re-read 667
+Re-read 667
+Re-read 668
+Re-read 669
+Re-read 669
+Re-read 671
+Re-read 671
+Re-read 671
+Re-read 672
+Re-read 673
+Re-read 673
+Re-read 673
+Re-read 673
+Re-read 674
+Re-read 675
+Re-read 675
+Re-read 675
+Re-read 675
+Re-read 675
+Re-read 675
+Re-read 675
+Re-read 676
+Re-read 676
+Re-read 678
+Re-read 678
+Re-read 679
+Re-read 680
+Re-read 682
+Re-read 683
+Re-read 683
+Re-read 684
+Re-read 684
+Re-read 684
+Re-read 686
+Re-read 687
+Re-read 687
+Re-read 688
+Re-read 688
+Re-read 689
+Re-read 690
+Re-read 690
+Re-read 690
+Re-read 691
+Re-read 691
+Re-read 692
+Re-read 692
+Re-read 692
+Re-read 692
+Re-read 692
+Re-read 692
+Re-read 692
+Re-read 693
+Re-read 693
+Re-read 693
+Re-read 693

 693 *1010101*1110110*0100110*1101011*1010110*0110001*0101111*1110001*1101011*1110111*1100101*0100011*0110000*1100011*0011101*1000101*1110000*1000011*1111111*1110011*0000111*1110001*0100011*1110111*0000111*0101111*0110101*0010001*1011011*1100011*1100001*1101001*1010101*0000000*0001000*1010111*1000110*1001101*0110000*1011101
Re-read 694
+Re-read 694
+Re-read 694
+Re-read 694
+Re-read 695
+Re-read 695
+Re-read 695
+Re-read 695
+Re-read 697
+Re-read 697
+Re-read 697
+Re-read 697
+Re-read 697
+Re-read 697
+Re-read 697
+Re-read 698
+Re-read 698
+Re-read 698
+Re-read 698
+Re-read 698
+Re-read 699
+Re-read 699
+Re-read 699
+Re-read 699
+Re-read 699
+Re-read 699
+Re-read 699
+Re-read 699
+Re-read 700
+Re-read 700
+Re-read 700
+Re-read 700
+Re-read 701
+Re-read 701
+Re-read 701
+Re-read 701
+Re-read 701
+Re-read 701
+Re-read 701
+Re-read 701
+Re-read 701
+Re-read 701
+Re-read 702
+Re-read 703
+Re-read 703
+Re-read 703
+Re-read 703
+Re-read 703
+Re-read 704
+Re-read 705
+Re-read 705
+Re-read 705
+Re-read 705
+Re-read 706
+Re-read 706
+Re-read 706
+Re-read 706
+Re-read 706
+Re-read 706
+Re-read 706
+Re-read 708
+Re-read 708
+Re-read 708
+Re-read 708
+Re-read 708
+Re-read 708
+Re-read 708
+Re-read 708
+Re-read 708
+Re-read 708
+Re-read 708
+Re-read 708
+Re-read 709
+Re-read 709
+Re-read 709
+Re-read 710
+Re-read 712
+Re-read 712
