LEN=320 RATE=8 RANKFRAC=0.000100 ALPHA=0.162500
param 2523

min = 52
Re-read 378
+Re-read 378
+Re-read 383
+Re-read 384
+Re-read 386
+Re-read 391
+Re-read 394
+Re-read 402
+Re-read 413
+Re-read 417
+Re-read 420
+Re-read 426

 426 *0001111*0001101*1101101*0101110*1000000*0001001*1111101*0111100*0101101*1100001*0111011*0011010*1001111*1101101*0101011*1110001*1110011*1110010*1110101*0100111*1101000*0001101*0101101*0111111*1110111*0000100*1011110*0000100*1100101*0001110*0011110*0101101*0111001*1101010*1001011*1000101*1001000*1000010*1010010*0000010
Re-read 427
+Re-read 432
+Re-read 433
+Re-read 441
+Re-read 444
+Re-read 446
+Re-read 448

 448 *1111011*0011101*0000000*0110010*0110010*0001101*1111001*0110000*1010101*1111111*1101111*0011011*1010001*0100000*1011011*0101000*0010111*1011001*0000100*0101101*0000000*0001010*0011010*0111001*0001011*1100101*1110001*1001001*1000010*0011110*1101101*0010100*1111100*0011000*0100001*0011100*1101001*1011010*0000011*0110011
Re-read 453
+Re-read 456
+Re-read 462
+Re-read 468
+Re-read 469
+Re-read 470
+Re-read 471
+Re-read 475
+Re-read 479
+Re-read 482
+Re-read 482
+Re-read 485
+Re-read 485
+Re-read 487
+Re-read 488
+Re-read 493
+Re-read 495
+Re-read 497
+Re-read 497
+Re-read 497
+Re-read 500
+Re-read 500
+Re-read 501
+Re-read 501
+Re-read 505
+Re-read 505
+Re-read 511
+Re-read 511
+Re-read 513
+Re-read 513
+Re-read 516
+Re-read 518
+Re-read 523
+Re-read 523
+Re-read 524

 524 *1101011*1110100*0011111*0110001*0000111*1001000*0011110*0101011*0111101*0011101*0000111*1010010*0011100*1010100*1000110*1011110*0101011*0101111*1001101*0010100*1110000*0011101*0000111*0111100*0010011*0110000*1011011*0100110*1110100*1001011*0111001*0111001*0000011*1111111*0111010*1011111*0010111*0000110*0100110*1010101
Re-read 526
+Re-read 527
+Re-read 529
+Re-read 530
+Re-read 531
+Re-read 535
+Re-read 535
+Re-read 537
+Re-read 538
+Re-read 539
+Re-read 542
+Re-read 542
+Re-read 542

 542 *0110011*1001110*1000101*1010111*1100011*0011110*0010111*0110010*1100101*0000101*1000101*1100000*0001000*1110011*1110100*1001000*0111111*0010000*0001001*0011000*1111010*0011011*0000000*0111101*0000000*0011110*0110011*1111001*1000110*1111001*0111011*0111111*1001100*0001100*0001011*1101110*1000101*0111101*1001101*0001011
Re-read 544
+Re-read 547
+Re-read 548
+Re-read 550
+Re-read 552
+Re-read 553
+Re-read 555
+Re-read 556
+Re-read 556
+Re-read 557
+Re-read 558
+Re-read 561

 561 *1011110*1011000*1010000*1101100*0100011*1111101*0100111*1000010*1011010*1001011*0101100*1000011*1010001*1011101*0111101*1111101*1011010*1010000*0000100*1011101*0100110*1001010*1110001*0111000*1101111*1100001*1001011*0111100*1100110*0011111*1001000*0111000*1111110*1010000*0010010*0001010*0001111*0001110*0010000*0110011
Re-read 564
+Re-read 564
+Re-read 565
+Re-read 567
+Re-read 569
+Re-read 572
+Re-read 573
+Re-read 576
+Re-read 577
+Re-read 581
+Re-read 584
+Re-read 584
+Re-read 585
+Re-read 585
+Re-read 586
+Re-read 588

 588 *0111110*1011110*1100100*0111111*0111011*0101110*0010001*0101011*0101111*1101101*0000001*0111110*1010011*1011000*0100001*1100111*0011011*1010001*1100010*1000000*1010101*1011000*1100010*1000010*0001001*0111000*0010010*0100110*0000110*0100100*1000000*1111110*1000000*1111111*1101101*1001100*1110101*1010011*1010001*1001001
Re-read 589
+Re-read 589
+Re-read 589
+Re-read 590
+Re-read 590
+Re-read 590
+Re-read 590
+Re-read 590
+Re-read 591
+Re-read 591
+Re-read 591
+Re-read 591
+Re-read 592
+Re-read 592
+Re-read 594

 594 *1001010*0101110*1010011*0010001*1001000*1000101*1110010*0111010*1001001*1000011*1111100*0000100*1001001*0100011*1110001*1111001*1000100*1111010*1110000*1000111*0000110*1110100*0011101*1011011*1010110*1110011*0110011*1111101*0010000*0100000*1101000*1011111*0011000*0101001*1110010*1100010*0001101*1111000*0100100*0010000
Re-read 597
+Re-read 598
+Re-read 598
+Re-read 599
+Re-read 599
+Re-read 599
+Re-read 601
+Re-read 602
+Re-read 603
+Re-read 604

 604 *0101011*0111101*1110011*0010010*0000110*0000101*1001110*0000011*0100010*1110000*0010100*1110011*0010100*0111111*1110100*0101000*0101110*1000011*1001000*0110011*0100001*1111011*1110101*1011110*1000110*1001001*0110011*0000000*1101101*0010101*1001111*1111011*0111100*1111010*0111010*1111110*1010100*0000001*1000110*1100111
Re-read 606
+Re-read 606
+Re-read 606
+Re-read 606
+Re-read 607
+Re-read 607
+Re-read 609
+Re-read 612
+Re-read 612
+Re-read 612
+Re-read 613

 613 *0111010*1010011*0101110*1010101*0001100*0011001*1000100*0010010*1011100*1111001*1100011*0000110*1010011*1000100*1110110*0111010*0000101*0001001*1011010*0010011*0010111*0001011*1100110*0010101*1111111*1000000*0111000*1101111*0110101*0000110*1100000*0110101*1111000*1000100*0010000*1000100*0110100*1101000*1101111*0000110
Re-read 616
+Re-read 616
+Re-read 616
+Re-read 616
+Re-read 616
+Re-read 617
+Re-read 617
+Re-read 618
+Re-read 618
+Re-read 619
+Re-read 621
+Re-read 621
+Re-read 621
+Re-read 622
+Re-read 623
+Re-read 623
+Re-read 623
+Re-read 624
+Re-read 624
+Re-read 624
+Re-read 626
+Re-read 626
+Re-read 627
+Re-read 627
+Re-read 627
+Re-read 627
+Re-read 627
+Re-read 628
+Re-read 628
+Re-read 629
+Re-read 629
+Re-read 630
+Re-read 631
+Re-read 631
+Re-read 631
+Re-read 631
+Re-read 631
+Re-read 632
+Re-read 633
+Re-read 634
+Re-read 634
+Re-read 634
+Re-read 636
+Re-read 636
+Re-read 637
+Re-read 639
+Re-read 640
+Re-read 643
+Re-read 643
+Re-read 643
+Re-read 645
+Re-read 645
+Re-read 645
+Re-read 645
+Re-read 645
+Re-read 645
+Re-read 645
+Re-read 647
+Re-read 648
+Re-read 651
+Re-read 651
+Re-read 653
+Re-read 654
+Re-read 655
+Re-read 655
+Re-read 656
+Re-read 657
+Re-read 657
+Re-read 657
+Re-read 657
+Re-read 657
+Re-read 657
+Re-read 658
+Re-read 658
+Re-read 658
+Re-read 659
+Re-read 660
+Re-read 663
+Re-read 663
+Re-read 663
+Re-read 663
+Re-read 663
+Re-read 663
+Re-read 664
+Re-read 664
+Re-read 664
+Re-read 664
+Re-read 665
+Re-read 666
+Re-read 666
+Re-read 666
+Re-read 666
+Re-read 666
+Re-read 667
+Re-read 667
+Re-read 669
+Re-read 669
+Re-read 669
+Re-read 669
+Re-read 671
+Re-read 671
+Re-read 673
+Re-read 673
+Re-read 673
+Re-read 673
+Re-read 674
+Re-read 675
+Re-read 675
+Re-read 675
+Re-read 675
+Re-read 675
+Re-read 675
+Re-read 675
+Re-read 676
+Re-read 676
+Re-read 676
+Re-read 678
+Re-read 678
+Re-read 678
+Re-read 680
+Re-read 681
+Re-read 682
+Re-read 683
+Re-read 683
+Re-read 683
+Re-read 684
+Re-read 684
+Re-read 684
+Re-read 686
+Re-read 687
+Re-read 687
+Re-read 687
+Re-read 688
+Re-read 689
+Re-read 689
+Re-read 690
+Re-read 691
+Re-read 691
+Re-read 692
+Re-read 692
+Re-read 692
+Re-read 692
+Re-read 693
+Re-read 693
+Re-read 693
+Re-read 693
+Re-read 693
+Re-read 693
+Re-read 694
+Re-read 694
+Re-read 694
+Re-read 694
+Re-read 695
+Re-read 695
+Re-read 695
+Re-read 695
+Re-read 695
+Re-read 697
+Re-read 697
+Re-read 697
+Re-read 697
+Re-read 697
+Re-read 697
+Re-read 697
+Re-read 698
+Re-read 698
+Re-read 698
+Re-read 698
+Re-read 698
+Re-read 698
+Re-read 699
+Re-read 699
+Re-read 699
+Re-read 699
+Re-read 699
+Re-read 699
+Re-read 699
+Re-read 700
+Re-read 700
+Re-read 701
+Re-read 701
+Re-read 701
+Re-read 701
+Re-read 701
+Re-read 701
+Re-read 701
+Re-read 701
+Re-read 701
+Re-read 701
+Re-read 701
+Re-read 702
+Re-read 703
+Re-read 703
+Re-read 703
+Re-read 703
+Re-read 703
+Re-read 705
+Re-read 705
+Re-read 705
+Re-read 705
+Re-read 706
+Re-read 706
+Re-read 706
+Re-read 706
+Re-read 706
+Re-read 706
+Re-read 707
+Re-read 708
+Re-read 708
+Re-read 708
+Re-read 708
+Re-read 708
+Re-read 708
+Re-read 708
+Re-read 708
+Re-read 708
+Re-read 708
+Re-read 708
+Re-read 708
+Re-read 708
+Re-read 708
+Re-read 709
+Re-read 710
+Re-read 710
+Re-read 712
+Re-read 713
