LEN=320 RATE=8 RANKFRAC=0.000100 ALPHA=0.162500
param 256

min = 52
Re-read 378
+Re-read 378

 378 *0110110*0000011*0100001*0101101*0110100*0000100*1100100*1100000*0101010*0011101*1010001*0011101*0011000*0001001*1110001*1001101*1010000*1001011*0100110*0010111*0011010*1110010*0011001*1111100*1010110*1010111*0010000*0010011*1010001*1001001*1101111*1111001*0110100*0001101*0111010*1001100*1010101*1111101*0111101*0001111
Re-read 380
+Re-read 383
+Re-read 386
+Re-read 388
+Re-read 390

 390 *0100101*0100100*1000000*0100011*0110111*0110100*1101100*0010111*1100110*0001101*1010000*0101101*0111011*0000001*0001011*0000100*0111011*0000101*0101111*0101011*0000000*1101100*0110100*0100000*0010000*1010000*0010101*1100011*0000001*0000100*1000001*1100010*0100110*1010011*1000101*0001010*1110010*1001111*0010100*0000111
Re-read 401
+Re-read 401

 401 *1101101*0110100*1101111*0110110*1011001*0110101*1110110*1010010*1000111*1001011*0110110*1001100*0101011*1110000*1010100*1111000*1000001*0100110*0100101*1100111*0000111*1111111*1110011*0101110*0011001*0010101*1101001*1101010*1111000*0000000*1000001*1010001*0011010*1111010*0111110*0010101*1010010*0011110*0100010*0101011
Re-read 405
+Re-read 413
+Re-read 414
+Re-read 418
+Re-read 420
+Re-read 426
+Re-read 426

 426 *0111010*1110000*1110100*1011011*1111010*0001111*0010011*0101110*0111100*1011101*1100001*0001010*1000011*0101110*0011001*0110101*0100110*1111001*0111111*1000010*1110011*0000011*0010100*0000110*1011000*1111111*0101101*0001110*1101100*0111000*0110000*1111110*1111000*0001011*0110011*0111110*1011111*0000010*1110000*0110101
Re-read 432
+Re-read 433
+Re-read 441

 441 *0111010*0001000*0011100*0101111*1100010*0001100*1100110*1010000*0111011*1101111*0011111*1100100*0011011*1110010*0100110*1011101*0110111*1101010*1111011*1110110*0111011*1110011*0000110*1111011*1111000*1010111*0010110*0100100*0011001*1000011*1110000*1010000*0010001*1001111*1001010*1110100*1110111*1011101*1011000*1110001
Re-read 447
+Re-read 448
+Re-read 450
+Re-read 457
+Re-read 460

 460 *0011011*1101100*1011001*1001111*1110011*0110001*1010011*0101110*1101011*0011101*1010000*0001111*0011001*0000111*0010001*1000000*1000110*0010010*0110100*1010001*1011011*1000111*0100010*1100100*0000110*1011111*1011110*1011111*1100011*1000111*0100000*0110110*1101110*1000001*1001100*0010000*0011100*0001101*0000001*1011010
Re-read 468
+Re-read 468
+Re-read 469
+Re-read 471
+Re-read 474
+Re-read 479

 479 *0101001*0011100*1000111*0011111*0100101*0010010*1111000*1010000*0001001*1010000*1001000*1001111*0000101*0011010*1000011*1001101*1000101*0101111*1011011*0100001*1100110*0101000*0010011*0001011*0000011*1011111*1100100*1110001*0111110*0010011*1101101*0110011*0011110*0001100*0000011*0110110*1001101*0111101*1110100*0010001
Re-read 482
+Re-read 482
+Re-read 482
+Re-read 482
+Re-read 483
+Re-read 485
+Re-read 487
+Re-read 492
+Re-read 493
+Re-read 494
+Re-read 497
+Re-read 497
+Re-read 497
+Re-read 500
+Re-read 500
+Re-read 500
+Re-read 501
+Re-read 502
+Re-read 505
+Re-read 506
+Re-read 508
+Re-read 511
+Re-read 512
+Re-read 513
+Re-read 514
+Re-read 517
+Re-read 518
+Re-read 521
+Re-read 523
+Re-read 523
+Re-read 524
+Re-read 526
+Re-read 528
+Re-read 530
+Re-read 532
+Re-read 535
+Re-read 537
+Re-read 538
+Re-read 539
+Re-read 539
+Re-read 542
+Re-read 542
+Re-read 543
+Re-read 548
+Re-read 550
+Re-read 551
+Re-read 553
+Re-read 554
+Re-read 555
+Re-read 556
+Re-read 557
+Re-read 558
+Re-read 558
+Re-read 561
+Re-read 563
+Re-read 567
+Re-read 567
+Re-read 569
+Re-read 572
+Re-read 572
+Re-read 577
+Re-read 577
+Re-read 578
+Re-read 581
+Re-read 584
+Re-read 584
+Re-read 585
+Re-read 585
+Re-read 586
+Re-read 587
+Re-read 588
+Re-read 589
+Re-read 590
+Re-read 590
+Re-read 590
+Re-read 590
+Re-read 591
+Re-read 591
+Re-read 591

 591 *1011101*1110100*1000100*1001111*0110011*1001001*1101001*1010000*0011101*1110101*0010001*0001011*0011001*0010100*1111000*1110011*1100010*0101101*0011101*1101000*1101111*1101100*0111101*0000000*0100101*0000100*1111011*0010000*0110111*0000100*1011001*1100001*0101111*1010111*1000011*0001110*1011000*1110111*1111011*1011010
Re-read 592
+Re-read 592
+Re-read 592
+Re-read 592
+Re-read 595
+Re-read 598
+Re-read 598
+Re-read 599
+Re-read 599
+Re-read 599
+Re-read 601
+Re-read 602
+Re-read 602
+Re-read 603
+Re-read 605
+Re-read 605
+Re-read 606
+Re-read 606
+Re-read 607
+Re-read 607
+Re-read 608
+Re-read 612
+Re-read 612
+Re-read 613
+Re-read 614
+Re-read 616
+Re-read 616
+Re-read 617
+Re-read 617
+Re-read 618
+Re-read 618
+Re-read 618
+Re-read 619
+Re-read 619
+Re-read 621
+Re-read 621
+Re-read 622
+Re-read 622
+Re-read 623
+Re-read 623
+Re-read 624
+Re-read 625
+Re-read 626
+Re-read 627
+Re-read 627
+Re-read 627
+Re-read 627
+Re-read 628
+Re-read 628
+Re-read 629
+Re-read 629
+Re-read 631
+Re-read 631
+Re-read 631
+Re-read 631
+Re-read 631
+Re-read 632
+Re-read 633
+Re-read 633
+Re-read 634
+Re-read 635
+Re-read 636
+Re-read 636
+Re-read 637
+Re-read 639
+Re-read 640
+Re-read 643
+Re-read 643
+Re-read 643
+Re-read 644
+Re-read 645
+Re-read 645
+Re-read 645
+Re-read 645
+Re-read 645
+Re-read 645
+Re-read 647
+Re-read 650
+Re-read 651
+Re-read 651
+Re-read 654
+Re-read 654
+Re-read 655
+Re-read 655
+Re-read 656
+Re-read 656
+Re-read 657
+Re-read 657
+Re-read 657
+Re-read 657
+Re-read 657
+Re-read 657
+Re-read 658
+Re-read 658
+Re-read 658
+Re-read 659
+Re-read 660
+Re-read 662
+Re-read 663
+Re-read 663
+Re-read 663
+Re-read 663
+Re-read 663
+Re-read 663
+Re-read 664
+Re-read 664
+Re-read 664
+Re-read 665
+Re-read 666
+Re-read 666
+Re-read 666
+Re-read 666
+Re-read 666
+Re-read 667
+Re-read 668
+Re-read 669
+Re-read 669
+Re-read 669
+Re-read 669
+Re-read 671
+Re-read 671
+Re-read 671
+Re-read 673
+Re-read 673
+Re-read 673
+Re-read 673
+Re-read 673
+Re-read 673
+Re-read 675
+Re-read 675
+Re-read 675
+Re-read 675
+Re-read 675
+Re-read 675
+Re-read 676
+Re-read 676
+Re-read 678
+Re-read 678
+Re-read 679
+Re-read 680
+Re-read 681
+Re-read 682
+Re-read 683
+Re-read 683
+Re-read 684
+Re-read 684
+Re-read 684
+Re-read 685
+Re-read 687
+Re-read 687
+Re-read 688
+Re-read 688
+Re-read 689
+Re-read 689
+Re-read 690
+Re-read 690
+Re-read 691
+Re-read 692
+Re-read 692
+Re-read 692
+Re-read 692
+Re-read 692
+Re-read 693
+Re-read 693
+Re-read 693
+Re-read 693
+Re-read 693
+Re-read 693
+Re-read 694
+Re-read 694
+Re-read 694
+Re-read 694
+Re-read 695
+Re-read 695
+Re-read 695
+Re-read 695
+Re-read 695
+Re-read 697
+Re-read 697
+Re-read 697
+Re-read 697
+Re-read 697
+Re-read 697
+Re-read 697
+Re-read 698
+Re-read 698
+Re-read 698
+Re-read 698
+Re-read 698
+Re-read 699
+Re-read 699
+Re-read 699
+Re-read 699
+Re-read 699
+Re-read 699
+Re-read 699
+Re-read 699
+Re-read 700
+Re-read 700
+Re-read 700
+Re-read 701
+Re-read 701
+Re-read 701
+Re-read 701
+Re-read 701
+Re-read 701
+Re-read 701
+Re-read 701
+Re-read 701
+Re-read 702
+Re-read 703
+Re-read 703
+Re-read 703
+Re-read 703

 703 *1110010*0010111*1010001*1101111*1101000*1100001*0111111*0111110*0101001*0010111*0101110*0001100*1101100*1000100*1100111*1000010*1000111*1101011*1011010*1001000*1011001*0111111*1000110*1101010*0001011*1001101*1100111*0111111*0110110*0110011*0111001*0000101*1101110*1110001*1100000*0001111*1000000*1000001*1100001*0010011
Re-read 705
+Re-read 705
+Re-read 705
+Re-read 705
+Re-read 705
+Re-read 706
+Re-read 706
+Re-read 706
+Re-read 706
+Re-read 707
+Re-read 708
+Re-read 708
+Re-read 708
+Re-read 708
+Re-read 708
+Re-read 708
+Re-read 708
+Re-read 708
+Re-read 708
+Re-read 708
+Re-read 708
+Re-read 708
+Re-read 708
+Re-read 708
+Re-read 709
+Re-read 709
+Re-read 710
+Re-read 711
+Re-read 712
