LEN=320 RATE=8 RANKFRAC=0.000100 ALPHA=0.162500
param 259

min = 52
Re-read 378
+Re-read 378
+Re-read 386
+Re-read 390
+Re-read 391
+Re-read 394
+Re-read 401
+Re-read 410
+Re-read 414
+Re-read 418
+Re-read 420
+Re-read 426
+Re-read 432
+Re-read 433
+Re-read 441

 441 *0010100*1111111*1100011*0110111*1011011*1100000*0110001*0110001*0111000*0110100*0111110*0001001*1101011*1110101*1101100*1101100*0111101*1111111*1110100*0101110*1111100*1001011*0111100*1101001*0100011*0011001*1011111*1111100*1110000*1101110*0000111*0001010*1100010*1010000*0010010*0011000*1111111*1111101*0000100*1011111
Re-read 445
+Re-read 446

 446 *0011011*0110000*0100001*0000110*1001010*0011011*0100111*1011001*0011100*0111111*0101000*0011111*0100011*1011111*0111010*0100100*0000101*0001101*1110000*0110110*1001111*0011111*1110101*0100100*0101100*1000010*1001011*1000010*1100100*0001001*1010011*1111011*0001000*0101011*0111111*1011100*0100100*1010000*0011111*0000100
Re-read 449
+Re-read 450
+Re-read 455

 455 *0000110*0001100*1111000*1011111*1011101*1110011*0110000*1100010*1011101*1010111*0000000*0011111*1111110*0100000*1010001*0000100*0111010*0100111*0110001*0110011*1110011*1001110*1100111*0001111*0011001*1011000*0010101*1000001*1101100*1110000*1100010*1000110*0010011*0100000*1110110*1010111*1001011*0011101*0100110*0100000
Re-read 458

 458 *1011101*0111010*1010101*1010110*1110000*1000101*0001110*1000010*0010011*1100100*0011110*1000111*1110000*1000011*0000000*0000011*1101001*0000011*1110011*1010100*1010011*0011111*1011000*0010111*1010010*0000010*1101000*0000000*0000110*0010111*1100010*1000110*1101110*1010100*1101001*1100100*1110110*0001000*0010110*0111110
Re-read 464
+Re-read 465
+Re-read 468
+Re-read 469
+Re-read 471
+Re-read 474
+Re-read 478
+Re-read 478
+Re-read 482
+Re-read 482
+Re-read 483
+Re-read 483
+Re-read 485
+Re-read 487
+Re-read 491
+Re-read 493
+Re-read 496
+Re-read 497
+Re-read 498
+Re-read 500
+Re-read 500
+Re-read 501
+Re-read 502
+Re-read 506
+Re-read 511
+Re-read 511
+Re-read 512
+Re-read 512
+Re-read 513
+Re-read 516
+Re-read 518
+Re-read 521
+Re-read 524
+Re-read 524
+Re-read 524
+Re-read 527
+Re-read 528
+Re-read 529
+Re-read 531
+Re-read 531
+Re-read 535
+Re-read 536
+Re-read 538
+Re-read 539
+Re-read 542
+Re-read 542
+Re-read 542
+Re-read 542
+Re-read 547
+Re-read 548
+Re-read 550
+Re-read 551

 551 *1101001*1111001*0010100*0010010*0111001*1101011*0101110*0010100*1111000*1011110*1000001*0111001*0001101*0010000*0110101*0110010*1100111*0100000*0001101*0001110*0001111*0110010*1110111*1111000*0100111*1111011*0010111*0110100*0111110*1101001*0010010*0110110*0100000*0011001*0010001*1100000*1111111*0101100*0111000*0001011
Re-read 553
+Re-read 554
+Re-read 555
+Re-read 555
+Re-read 556
+Re-read 558
+Re-read 559
+Re-read 561
+Re-read 563
+Re-read 565
+Re-read 566
+Re-read 567
+Re-read 568
+Re-read 570
+Re-read 572
+Re-read 576
+Re-read 577
+Re-read 577
+Re-read 578
+Re-read 581
+Re-read 584
+Re-read 585
+Re-read 585
+Re-read 585
+Re-read 586
+Re-read 588
+Re-read 589
+Re-read 589
+Re-read 590
+Re-read 590
+Re-read 590
+Re-read 590
+Re-read 590
+Re-read 591
+Re-read 591
+Re-read 591
+Re-read 592
+Re-read 592
+Re-read 594
+Re-read 595
+Re-read 595
+Re-read 598
+Re-read 598

 598 *0001111*0000101*0000000*1111001*1110111*1100101*0111011*0010110*0010111*0100000*1011000*0100001*1001001*1101010*0000011*0100010*0010101*1111011*0111011*1001100*0100011*1010101*0011101*0110010*1010000*1101001*0111010*0010111*1011110*0000000*1111001*1011111*0011011*1111101*0010011*1101011*1010011*0100100*1000111*1010011
Re-read 599
+Re-read 599
+Re-read 599
+Re-read 601
+Re-read 602
+Re-read 602
+Re-read 603
+Re-read 605
+Re-read 606
+Re-read 606
+Re-read 607
+Re-read 607
+Re-read 607
+Re-read 609
+Re-read 611
+Re-read 612
+Re-read 612
+Re-read 612
+Re-read 613
+Re-read 615
+Re-read 616
+Re-read 616
+Re-read 617
+Re-read 617
+Re-read 618
+Re-read 618
+Re-read 619
+Re-read 619
+Re-read 621
+Re-read 621
+Re-read 621
+Re-read 622
+Re-read 623
+Re-read 623
+Re-read 623
+Re-read 624
+Re-read 626
+Re-read 626
+Re-read 627
+Re-read 627
+Re-read 627
+Re-read 628
+Re-read 628
+Re-read 629
+Re-read 629
+Re-read 629
+Re-read 630
+Re-read 631
+Re-read 631
+Re-read 631
+Re-read 631
+Re-read 631
+Re-read 632
+Re-read 633
+Re-read 633
+Re-read 633
+Re-read 634
+Re-read 635
+Re-read 635
+Re-read 636
+Re-read 636
+Re-read 637
+Re-read 639
+Re-read 640
+Re-read 643
+Re-read 643
+Re-read 643
+Re-read 644
+Re-read 645
+Re-read 645
+Re-read 645
+Re-read 645
+Re-read 645
+Re-read 646
+Re-read 648
+Re-read 650
+Re-read 651
+Re-read 651

 651 *1111101*1110000*0100110*0000111*0000001*1101001*1111100*1000111*0001111*1111110*1110001*1101100*0101011*1111010*0010010*0111100*1011010*0110010*0110011*1010110*1101101*1001011*0101000*1011000*0000010*0100110*0000001*0011100*0011111*1111100*1001000*1110010*0111100*0100100*1110111*1000000*0011000*1001100*1011000*0000110
Re-read 654
+Re-read 654
+Re-read 655
+Re-read 655
+Re-read 656
+Re-read 656
+Re-read 657
+Re-read 657
+Re-read 657
+Re-read 657
+Re-read 657
+Re-read 657
+Re-read 658
+Re-read 658
+Re-read 658
+Re-read 659
+Re-read 660
+Re-read 663
+Re-read 663
+Re-read 663
+Re-read 663
+Re-read 663
+Re-read 663
+Re-read 664
+Re-read 664
+Re-read 664
+Re-read 665
+Re-read 666
+Re-read 666
+Re-read 666
+Re-read 666
+Re-read 666
+Re-read 666
+Re-read 667
+Re-read 667
+Re-read 669
+Re-read 669
+Re-read 669
+Re-read 669
+Re-read 671
+Re-read 671
+Re-read 671
+Re-read 673
+Re-read 673
+Re-read 673
+Re-read 673
+Re-read 673
+Re-read 675
+Re-read 675
+Re-read 675
+Re-read 675
+Re-read 675
+Re-read 675
+Re-read 676
+Re-read 676

 676 *1000100*1100000*0110101*0001011*1110111*1110110*0101011*1111101*0111111*1111111*0110100*1100110*1111110*0111100*0001100*1001111*0100010*1110110*1001110*1000001*0101000*0011100*0010011*1111111*0100111*0000110*1110001*0011111*0000100*1100010*1000111*0100010*1110000*1011011*1100011*1101011*0000010*0001111*1100001*0011011
Re-read 678
+Re-read 678
+Re-read 678
+Re-read 679
+Re-read 680
+Re-read 681
+Re-read 682
+Re-read 683
+Re-read 683
+Re-read 684
+Re-read 684
+Re-read 685
+Re-read 687
+Re-read 687
+Re-read 688
+Re-read 688
+Re-read 689
+Re-read 689
+Re-read 690
+Re-read 690
+Re-read 691
+Re-read 692
+Re-read 692
+Re-read 692
+Re-read 692
+Re-read 692
+Re-read 693
+Re-read 693
+Re-read 693
+Re-read 693
+Re-read 693
+Re-read 694
+Re-read 694
+Re-read 694
+Re-read 695
+Re-read 695
+Re-read 695
+Re-read 695
+Re-read 695
+Re-read 697
+Re-read 697
+Re-read 697
+Re-read 697
+Re-read 697
+Re-read 698
+Re-read 698
+Re-read 698
+Re-read 698
+Re-read 698
+Re-read 699
+Re-read 699
+Re-read 699
+Re-read 699
+Re-read 699
+Re-read 699
+Re-read 700
+Re-read 700
+Re-read 700
+Re-read 700
+Re-read 701
+Re-read 701
+Re-read 701
+Re-read 701
+Re-read 701
+Re-read 701
+Re-read 701
+Re-read 701
+Re-read 701
+Re-read 703
+Re-read 703
+Re-read 703
+Re-read 703
+Re-read 703
+Re-read 703
+Re-read 705
+Re-read 705
+Re-read 705
+Re-read 705
+Re-read 706
+Re-read 706
+Re-read 706
+Re-read 706
+Re-read 706
+Re-read 706
+Re-read 707
+Re-read 707
+Re-read 708
+Re-read 708
+Re-read 708
+Re-read 708
+Re-read 708
+Re-read 708
+Re-read 708
+Re-read 708
+Re-read 708
+Re-read 708
+Re-read 708
+Re-read 708
+Re-read 708
+Re-read 709
+Re-read 709
+Re-read 709
+Re-read 710
+Re-read 711
+Re-read 712
