LEN=320 RATE=8 RANKFRAC=0.000100 ALPHA=0.162500
param 2514

min = 52
Re-read 378
+Re-read 378
+Re-read 381

 381 *0011101*0010100*0111100*1001110*0001110*1000100*0011110*1100110*1001110*1100101*0011101*0111110*1000101*0000010*1001100*0010001*1010001*1101110*0011010*0101011*1010100*0101000*1000011*0001010*1000010*1111101*1110110*0100111*0100110*0100010*0010001*1010101*0101111*0111010*1111110*0001011*1000101*0100111*0011011*1001000
Re-read 386
+Re-read 386
+Re-read 390
+Re-read 392

 392 *0000100*1101011*1000101*1101100*1110110*1100000*1011010*1011000*1110110*0011110*1110101*1101011*1010111*1011100*0111101*1101111*1111000*1101010*0101001*0110011*1111101*1011011*0101110*0010001*1110000*0111001*1111010*1111000*1101111*0001100*1010110*0011001*0011001*1001011*1000110*0100000*0110000*0111110*1001111*1110111
Re-read 396
+Re-read 403
+Re-read 413
+Re-read 414
+Re-read 418
+Re-read 424
+Re-read 426
+Re-read 432
+Re-read 441
+Re-read 444
+Re-read 449
+Re-read 450
+Re-read 456

 456 *0011000*1101010*0010011*1101100*1010011*1001110*1101101*1011110*1100010*0011011*1000011*0010011*1010101*1000110*0010100*1010101*0011100*0011100*1011100*0110001*1110001*1111001*1001110*0101001*1110001*0000101*1010000*0010000*0000000*0101010*0000101*1100101*1101011*1110000*1011011*0011111*0111100*1101110*0001001*1010110
Re-read 459
+Re-read 468
+Re-read 469
+Re-read 470
+Re-read 471
+Re-read 474
+Re-read 479

 479 *0010000*1011001*1001011*0000011*0011111*1100010*1100011*1001010*1010010*0000011*1001101*1111101*0011000*1100100*1110010*0111101*0100001*1000001*1110000*0110001*0010110*0100010*0110111*1100001*1001011*0101101*0000110*0101001*0101111*0100000*0100101*0011110*0111011*0000111*0001010*1001000*1101011*1110100*1001110*0001111
Re-read 481
+Re-read 482
+Re-read 483
+Re-read 484
+Re-read 485
+Re-read 486

 486 *0101001*1010001*0101101*0110001*1010000*0001100*1101100*1100001*0010110*1011101*1000011*0000011*1111001*0000001*1010101*0010001*1000010*0001110*1000111*0101011*1101101*1110111*0000000*1001010*0111101*1110100*1110110*0101000*0001111*1111111*0001100*1100000*1010001*0011100*0101110*0010000*1011000*1001010*1110001*0101011
Re-read 488
+Re-read 490
+Re-read 493
+Re-read 494
+Re-read 495
+Re-read 497
+Re-read 498
+Re-read 500
+Re-read 500
+Re-read 500
+Re-read 502
+Re-read 503
+Re-read 505
+Re-read 511
+Re-read 511
+Re-read 512
+Re-read 513
+Re-read 513
+Re-read 516
+Re-read 520
+Re-read 523
+Re-read 523
+Re-read 524
+Re-read 524
+Re-read 524
+Re-read 527
+Re-read 528
+Re-read 529

 529 *1011010*1010011*0011011*1100010*1100110*1101101*0101010*1010111*0111110*0110001*0000111*0100001*0010101*1011101*1000000*1010111*0111001*1001000*1000000*0111110*1000010*1100011*1111111*1111101*1110110*0100111*0001000*1010100*0110011*0011001*1011111*0001111*0111000*1000000*1110000*0111110*1001010*1011100*1000101*0011111
Re-read 532
+Re-read 534
+Re-read 535
+Re-read 536
+Re-read 538
+Re-read 539
+Re-read 542
+Re-read 542
+Re-read 542
+Re-read 547
+Re-read 548
+Re-read 549
+Re-read 551
+Re-read 553
+Re-read 555
+Re-read 555
+Re-read 556
+Re-read 557
+Re-read 558
+Re-read 562
+Re-read 563
+Re-read 564
+Re-read 567
+Re-read 568
+Re-read 570
+Re-read 572
+Re-read 576
+Re-read 577
+Re-read 577
+Re-read 578
+Re-read 582
+Re-read 584
+Re-read 585
+Re-read 585
+Re-read 586
+Re-read 587
+Re-read 588
+Re-read 589
+Re-read 590
+Re-read 590
+Re-read 590
+Re-read 590
+Re-read 591
+Re-read 591
+Re-read 591
+Re-read 591
+Re-read 592
+Re-read 592
+Re-read 594
+Re-read 595
+Re-read 598
+Re-read 598
+Re-read 598
+Re-read 599
+Re-read 599
+Re-read 599
+Re-read 600
+Re-read 602
+Re-read 602
+Re-read 603
+Re-read 604
+Re-read 606
+Re-read 606
+Re-read 607
+Re-read 607
+Re-read 607
+Re-read 609
+Re-read 612
+Re-read 612
+Re-read 612

 612 *1011001*1000101*1011010*1001001*1001000*0010000*1111010*1101011*0001001*0000100*1011101*1010111*1100011*0101001*1100100*1011100*1111000*1101100*1010101*0110010*0100101*0001110*0001011*0111111*0001011*0111110*0101011*0011101*0010001*0010101*0100010*0000010*1100000*1101011*1110000*0101000*1001110*1101110*0111110*1000100
Re-read 614
+Re-read 614
+Re-read 616
+Re-read 616
+Re-read 616
+Re-read 617
+Re-read 617
+Re-read 618
+Re-read 618
+Re-read 619
+Re-read 621
+Re-read 621
+Re-read 622
+Re-read 623
+Re-read 623
+Re-read 624
+Re-read 624
+Re-read 626
+Re-read 626
+Re-read 627
+Re-read 627
+Re-read 627
+Re-read 627
+Re-read 627
+Re-read 628
+Re-read 628
+Re-read 629
+Re-read 629
+Re-read 631
+Re-read 631
+Re-read 631
+Re-read 632

 632 *0101011*0011000*1011010*0001110*0100100*1011111*0101110*1000111*1001111*0100011*1100111*0111101*0011101*1000010*1001100*1001010*1100001*1111001*1010011*1010001*0111000*0010110*1000001*1000011*1111100*1001010*1111100*1011110*1011011*0111001*1100011*1001000*0010001*1100110*0101010*0100000*0001111*0000011*1100101*1110000
Re-read 633
+Re-read 633
+Re-read 634
+Re-read 634
+Re-read 635
+Re-read 636
+Re-read 636
+Re-read 637
+Re-read 639
+Re-read 640
+Re-read 643
+Re-read 643
+Re-read 643
+Re-read 643
+Re-read 645
+Re-read 645
+Re-read 645
+Re-read 645
+Re-read 645
+Re-read 645
+Re-read 647
+Re-read 650
+Re-read 651
+Re-read 651
+Re-read 652
+Re-read 653
+Re-read 654
+Re-read 655
+Re-read 655

 655 *0101001*0000000*1010111*1110111*1001010*0100111*0111100*1100110*0111110*1011000*1011101*0011001*0101100*1001100*0001110*0010100*0100111*1010111*0011100*0001011*1010011*0010111*0010100*0000000*0111011*1001010*0001111*1010010*1011111*1110000*1100110*1000111*0110000*0111010*0001101*0010001*0011011*1010111*0000001*1000100
Re-read 656
+Re-read 656
+Re-read 656
+Re-read 656
+Re-read 657
+Re-read 657
+Re-read 657
+Re-read 657
+Re-read 657
+Re-read 657
+Re-read 658
+Re-read 658
+Re-read 659
+Re-read 659
+Re-read 660
+Re-read 662
+Re-read 663
+Re-read 663
+Re-read 663
+Re-read 663
+Re-read 663
+Re-read 663
+Re-read 664
+Re-read 664
+Re-read 665
+Re-read 666
+Re-read 666
+Re-read 666
+Re-read 666
+Re-read 666
+Re-read 667
+Re-read 667

 667 *0001001*0111001*1011000*0000001*1000101*1010011*0110011*1011110*1110100*0110101*1010110*1000001*0100100*0100010*0010110*1111000*1000011*1111110*0000010*0011100*1110000*1001001*0101001*1000001*0100000*0100001*0100110*0000100*1010010*1111011*1000011*0000100*1000010*1011100*0110101*1100100*0000011*0001010*0001110*0100000
Re-read 669
+Re-read 669
+Re-read 669

 669 *1111000*1100000*0011101*1110111*1110000*0100110*1001100*1010101*0101111*0000101*0010011*1000000*0010010*0010111*1101011*0001110*1001111*1110011*0001001*0111001*1001000*1111001*0111111*1111001*1000101*1001001*0010110*1110111*0000000*0000001*1110011*0010100*1010001*1000011*0001001*1000100*0001101*1100000*0010010*0111001
Re-read 670
+Re-read 670
+Re-read 671
+Re-read 671
+Re-read 673
+Re-read 673
+Re-read 673
+Re-read 673
+Re-read 673
+Re-read 675
+Re-read 675
+Re-read 675
+Re-read 675
+Re-read 675
+Re-read 676
+Re-read 676
+Re-read 676
+Re-read 678
+Re-read 678
+Re-read 678
+Re-read 679
+Re-read 681
+Re-read 681
+Re-read 683
+Re-read 683
+Re-read 683
+Re-read 683
+Re-read 684
+Re-read 684
+Re-read 684
+Re-read 686
+Re-read 687
+Re-read 688
+Re-read 688
+Re-read 689
+Re-read 689
+Re-read 690
+Re-read 691
+Re-read 691
+Re-read 692
+Re-read 692
+Re-read 692
+Re-read 692
+Re-read 692
+Re-read 693
+Re-read 693
+Re-read 693
+Re-read 693
+Re-read 693
+Re-read 693
+Re-read 694
+Re-read 694
+Re-read 694
+Re-read 694
+Re-read 695
+Re-read 695
+Re-read 695
+Re-read 696
+Re-read 697
+Re-read 697
+Re-read 697
+Re-read 697
+Re-read 697
+Re-read 698
+Re-read 698
+Re-read 698
+Re-read 698
+Re-read 699
+Re-read 699
+Re-read 699
+Re-read 699
+Re-read 699
+Re-read 699
+Re-read 700
+Re-read 700
+Re-read 700
+Re-read 701
+Re-read 701
+Re-read 701
+Re-read 701
+Re-read 701
+Re-read 701
+Re-read 701
+Re-read 701
+Re-read 701
+Re-read 702
+Re-read 702
+Re-read 703
+Re-read 703
+Re-read 703
+Re-read 703
+Re-read 703
+Re-read 705
+Re-read 705
+Re-read 705
+Re-read 705
+Re-read 705
+Re-read 706
+Re-read 706
+Re-read 706
+Re-read 706
+Re-read 707
+Re-read 708
+Re-read 708
+Re-read 708
+Re-read 708
+Re-read 708
+Re-read 708
+Re-read 708
+Re-read 708
+Re-read 708
+Re-read 708
+Re-read 708
+Re-read 708
+Re-read 709
+Re-read 709
+Re-read 710
+Re-read 710
+Re-read 712

 712 *0000100*0011110*1101000*1111100*0000110*0000000*0000100*0010000*0111110*0111101*0110000*0100001*0100111*0100011*0111111*1011101*0000000*0011100*0110100*1110111*1011011*0000100*1000101*0010001*1010010*0000100*0100101*1010111*0100000*0100010*0001111*1100001*0101110*1011111*1100110*1010001*1001001*0111100*0011000*0101101
Re-read 713
