LEN=320 RATE=8 RANKFRAC=0.000100 ALPHA=0.162500
param 2517

min = 52
Re-read 378
+Re-read 378
+Re-read 380
+Re-read 384
+Re-read 386
+Re-read 390
+Re-read 391

 391 *0010010*1001100*1001000*1010100*1000011*1000100*1100110*0000001*0010011*1101111*0101100*1010010*1010001*0010111*0011111*0000100*1010111*0100010*1000110*0110011*0001111*0110010*1000000*1000001*0100001*1010011*0001010*1111010*0000110*1000001*0111100*0010001*0010000*0011100*0111011*1111000*0101011*0010111*0110000*1001100
Re-read 395
+Re-read 395

 395 *1110010*0001110*0101000*0110011*0000000*1001011*0100000*0111110*0100011*0100110*0000011*0000010*0100000*0101100*0100110*1111111*0011111*0000111*1011110*0010111*0001101*1100101*1110100*0011100*0000111*0000001*0110001*1110001*0101010*1111001*0001010*1000011*0110011*1110111*0001011*1110111*0100100*1100001*1001011*1000001
Re-read 409

 409 *1111010*1001000*0111111*1011010*0101010*0001000*1110101*1000111*1011101*0100100*0111010*1010010*0100000*0010001*1011010*0000111*1011110*1001001*0100111*0111101*1000000*1001100*0011110*1111001*0101010*0011010*0100001*1011000*0100011*0011000*1011111*0001111*0111111*0101110*1110111*0010000*1001011*0100011*0001011*0011000
Re-read 411
+Re-read 411
+Re-read 413
+Re-read 414
+Re-read 418
+Re-read 424
+Re-read 426
+Re-read 433
+Re-read 440
+Re-read 444
+Re-read 447
+Re-read 450
+Re-read 460
+Re-read 466
+Re-read 469
+Re-read 470
+Re-read 471
+Re-read 472
+Re-read 478
+Re-read 481
+Re-read 482
+Re-read 485
+Re-read 485
+Re-read 491
+Re-read 493

 493 *1111011*1011110*1110011*0100101*0101101*1100010*1101110*0110011*0101001*0001100*0101001*1111011*0000101*1110110*0101100*0110000*0111000*1100011*0000011*0011101*1010111*1111000*0011010*0001111*1101000*0101001*0001111*1000101*0000011*1011011*1001100*1110101*1011000*1010101*1100001*0110011*1110001*0010001*1000100*1010001
Re-read 495
+Re-read 495
+Re-read 497
+Re-read 497
+Re-read 499
+Re-read 500
+Re-read 500
+Re-read 501
+Re-read 501
+Re-read 503
+Re-read 505
+Re-read 507
+Re-read 511
+Re-read 511
+Re-read 512
+Re-read 512
+Re-read 513
+Re-read 516
+Re-read 518
+Re-read 519
+Re-read 522
+Re-read 523
+Re-read 524
+Re-read 524
+Re-read 525
+Re-read 527
+Re-read 528
+Re-read 530
+Re-read 531
+Re-read 535
+Re-read 536
+Re-read 537
+Re-read 538
+Re-read 539
+Re-read 539
+Re-read 542
+Re-read 542
+Re-read 542
+Re-read 542
+Re-read 545
+Re-read 548
+Re-read 550
+Re-read 551
+Re-read 553
+Re-read 553
+Re-read 555
+Re-read 556
+Re-read 557
+Re-read 558
+Re-read 562
+Re-read 563
+Re-read 565
+Re-read 567

 567 *1101101*1100001*1100000*0010010*1100101*0010001*0101101*1011001*0100010*0010011*1000010*0110101*0101110*0100001*1000000*0001010*1011011*1011010*1000001*0011000*1101110*0001000*1110000*1111101*0111111*0000011*1101110*1111100*1001111*1100010*1000000*1000001*1011100*0111101*1110001*1111101*1110001*1001100*1011101*0110101
Re-read 568
+Re-read 569
+Re-read 572
+Re-read 575
+Re-read 577
+Re-read 577
+Re-read 578
+Re-read 583
+Re-read 584
+Re-read 584
+Re-read 585
+Re-read 585
+Re-read 586
+Re-read 588
+Re-read 589
+Re-read 590
+Re-read 590
+Re-read 590
+Re-read 590
+Re-read 590
+Re-read 591
+Re-read 591
+Re-read 591
+Re-read 591
+Re-read 592
+Re-read 593
+Re-read 595
+Re-read 598
+Re-read 598
+Re-read 598
+Re-read 599

 599 *0001001*0101111*1110000*0010010*1000010*0001101*0000110*1001101*1101101*1110000*1001011*1100111*1001010*0111011*0111000*0101010*1100010*1111000*1110101*1111011*0111101*0000010*0001010*0100011*0001001*0111000*0110110*1011110*0010110*0010111*1011011*0101011*1100001*0001011*0011010*1010011*0001111*0011001*0000011*1010011
Re-read 600
+Re-read 600
+Re-read 602
+Re-read 603
+Re-read 603
+Re-read 605
+Re-read 606
+Re-read 606
+Re-read 606
+Re-read 607
+Re-read 607
+Re-read 607
+Re-read 607
+Re-read 609
+Re-read 612
+Re-read 612
+Re-read 612
+Re-read 613
+Re-read 614
+Re-read 616
+Re-read 616
+Re-read 616
+Re-read 618
+Re-read 618
+Re-read 619
+Re-read 621
+Re-read 621
+Re-read 621
+Re-read 622
+Re-read 623
+Re-read 623
+Re-read 624
+Re-read 626
+Re-read 626
+Re-read 627
+Re-read 627
+Re-read 627
+Re-read 628
+Re-read 629
+Re-read 629
+Re-read 630
+Re-read 631
+Re-read 631
+Re-read 631
+Re-read 631
+Re-read 632
+Re-read 632
+Re-read 633
+Re-read 634
+Re-read 634
+Re-read 635
+Re-read 636
+Re-read 636
+Re-read 639
+Re-read 640
+Re-read 642
+Re-read 643
+Re-read 643
+Re-read 643
+Re-read 645
+Re-read 645
+Re-read 645
+Re-read 645
+Re-read 645
+Re-read 645

 645 *0111011*0101111*0000100*1111000*1001101*0100110*0101101*0010111*1010100*1100110*1000101*1000000*0100001*0011011*0000110*0100010*0010011*0010010*0111100*0011010*1010100*1100111*0111001*0111110*0011001*0000000*0110000*0000001*0010110*1100010*1100100*1110110*1110101*0101101*0111111*0110100*1001111*1011010*0001000*0111100
Re-read 647
+Re-read 648
+Re-read 651
+Re-read 651
+Re-read 652
+Re-read 654
+Re-read 655
+Re-read 655
+Re-read 655
+Re-read 656
+Re-read 656
+Re-read 657
+Re-read 657
+Re-read 657
+Re-read 657
+Re-read 657
+Re-read 657
+Re-read 657
+Re-read 658
+Re-read 658
+Re-read 659
+Re-read 659

 659 *1100001*1101011*0011110*0100101*1000111*0000100*1001100*1110101*1011010*1000101*0011101*0110101*0000011*1000001*0010011*0101111*1100001*1011000*0100100*1111001*1111011*0101010*0001101*1101010*0011001*1111100*1101101*1000010*1101100*0111101*1100111*1010011*0001000*1100111*0101111*0110101*1000001*0011011*1100000*0000010
Re-read 662
+Re-read 662
+Re-read 663
+Re-read 663
+Re-read 663
+Re-read 663
+Re-read 663
+Re-read 664
+Re-read 664
+Re-read 664
+Re-read 665
+Re-read 666
+Re-read 666
+Re-read 666
+Re-read 666
+Re-read 666
+Re-read 667
+Re-read 667
+Re-read 669
+Re-read 669
+Re-read 669
+Re-read 669
+Re-read 671
+Re-read 671
+Re-read 673
+Re-read 673
+Re-read 673
+Re-read 673
+Re-read 673
+Re-read 675
+Re-read 675
+Re-read 675
+Re-read 675
+Re-read 675
+Re-read 675
+Re-read 675
+Re-read 675
+Re-read 675
+Re-read 676
+Re-read 676
+Re-read 678
+Re-read 678
+Re-read 679
+Re-read 680
+Re-read 681
+Re-read 683
+Re-read 683
+Re-read 683
+Re-read 683
+Re-read 684
+Re-read 684
+Re-read 684
+Re-read 685
+Re-read 687
+Re-read 687
+Re-read 687
+Re-read 688
+Re-read 688
+Re-read 689
+Re-read 689
+Re-read 690
+Re-read 690
+Re-read 691
+Re-read 691
+Re-read 692
+Re-read 692
+Re-read 692
+Re-read 692
+Re-read 692
+Re-read 693
+Re-read 693
+Re-read 693
+Re-read 693
+Re-read 693
+Re-read 694
+Re-read 694
+Re-read 695
+Re-read 695
+Re-read 695
+Re-read 695
+Re-read 695
+Re-read 697
+Re-read 697
+Re-read 697
+Re-read 697
+Re-read 697
+Re-read 697
+Re-read 698
+Re-read 698
+Re-read 698
+Re-read 698
+Re-read 698
+Re-read 699
+Re-read 699
+Re-read 699
+Re-read 699
+Re-read 699
+Re-read 699
+Re-read 699
+Re-read 700
+Re-read 700
+Re-read 700
+Re-read 701
+Re-read 701
+Re-read 701
+Re-read 701
+Re-read 701
+Re-read 701
+Re-read 701
+Re-read 701
+Re-read 702
+Re-read 703
+Re-read 703
+Re-read 703
+Re-read 703
+Re-read 703
+Re-read 703
+Re-read 705
+Re-read 705
+Re-read 705
+Re-read 705
+Re-read 706
+Re-read 706
+Re-read 706
+Re-read 706
+Re-read 706
+Re-read 706
+Re-read 708
+Re-read 708
+Re-read 708
+Re-read 708
+Re-read 708
+Re-read 708
+Re-read 708
+Re-read 708
+Re-read 708
+Re-read 708
+Re-read 708
+Re-read 708
+Re-read 708
+Re-read 708
+Re-read 709
+Re-read 709
+Re-read 710
+Re-read 711
+Re-read 712
