LEN=320 RATE=8 RANKFRAC=0.000100 ALPHA=0.162500
param 2512

min = 52
Re-read 378
+Re-read 378
+Re-read 384
+Re-read 387
+Re-read 391

 391 *0111001*1110010*1101000*0001100*0010110*1111100*1110001*1110000*1101000*1001101*0000101*0000000*1010100*1101100*1111111*0100000*0111110*1011001*1101110*1111001*0111010*1110110*1111100*1011000*0111111*0010001*0011001*1100111*0101011*1011000*1101101*0101111*1101000*1011010*0101000*1001111*1011010*1110011*1101111*0000010
Re-read 394
+Re-read 401
+Re-read 413
+Re-read 414
+Re-read 414
+Re-read 420
+Re-read 424
+Re-read 426
+Re-read 431

 431 *0001101*1110010*1111000*1000010*1111010*0000111*0101100*1100000*1111000*1001111*1100010*0111000*1000011*0110011*0000101*1010001*0010001*0001111*1010110*1001001*1100001*0000011*0000100*0110000*0010110*0100100*0110100*0010110*0011010*1000101*1110101*1000011*1001010*1000011*0101101*1100000*1111100*1111101*0000101*1011000
Re-read 439
+Re-read 439
+Re-read 446
+Re-read 448
+Re-read 454
+Re-read 460
+Re-read 467
+Re-read 469
+Re-read 470
+Re-read 471
+Re-read 476
+Re-read 479
+Re-read 482
+Re-read 483
+Re-read 485
+Re-read 487
+Re-read 493

 493 *0011011*1110100*0011101*1101000*0111100*1011001*1100001*1000111*1000011*1000000*0011110*1110111*1000001*0101011*0011011*1111111*1110101*1111001*1110011*1001101*1000101*0010100*0101001*1110011*0100101*1000101*1110001*1000001*0001000*1100010*1110011*0100110*0101011*1101010*0000000*0011001*0011101*1011111*1001001*1101101
Re-read 496
+Re-read 497
+Re-read 497

 497 *0011110*1011110*0000100*0011011*0111010*0001100*0000100*1101111*0100100*0010001*0111010*0000010*0100001*0010101*1101011*0100010*0010111*0111000*1101011*0100001*0010111*1000010*0110001*1001011*1011100*0101100*0011000*0111001*0110111*0010111*0111101*0101010*1001011*1101111*0000011*1011000*0000000*1010110*1001111*1111101
Re-read 499
+Re-read 500
+Re-read 500
+Re-read 500
+Re-read 500
+Re-read 501
+Re-read 503
+Re-read 508
+Re-read 511

 511 *0001001*0101010*1010010*0010110*1111111*1011010*1111100*1001110*0101010*1011111*1000100*0011100*1111010*0110110*1011000*1011110*0100010*0101111*1111010*0010001*1011100*0010100*0001001*0100001*1001010*1001100*0010000*1100001*1110001*0000010*0011101*1000101*1001111*0110110*0001011*0010001*0010001*1101001*1111011*1101000
Re-read 513
+Re-read 513
+Re-read 513
+Re-read 518
+Re-read 522
+Re-read 523
+Re-read 524
+Re-read 526
+Re-read 527
+Re-read 530
+Re-read 531
+Re-read 535
+Re-read 535
+Re-read 536
+Re-read 538
+Re-read 539
+Re-read 539
+Re-read 542
+Re-read 542
+Re-read 542

 542 *1000011*0111011*1110001*1001111*1100010*0111111*1100110*1011100*1111001*1100100*1100001*0011010*0001111*1001100*0000011*1101111*0110010*1000000*0110111*0001010*0101001*1000000*1100101*0000011*1110001*1010010*0101100*1111001*0100101*0011110*0001001*1000011*0100110*1111101*1110011*1000110*1111000*1010000*0001000*1000010
Re-read 546
+Re-read 547
+Re-read 548
+Re-read 550
+Re-read 551
+Re-read 552
+Re-read 553
+Re-read 554
+Re-read 555
+Re-read 556
+Re-read 556
+Re-read 556
+Re-read 557
+Re-read 559

 559 *1000101*1110010*1100001*0100101*0010110*1011100*1110100*0011100*1110001*1101010*1110011*1001111*1010000*1101100*1001000*0110110*1100110*1110110*0110001*1111111*1000010*1011001*0101101*0101101*1011111*1000100*1110000*0001100*0010101*1100000*0001100*1010001*0001110*1111100*1110110*1101000*1001100*0011001*0101101*1010100
Re-read 561
+Re-read 563
+Re-read 564
+Re-read 567
+Re-read 568
+Re-read 569
+Re-read 572
+Re-read 574
+Re-read 576

 576 *0001100*0001111*0011111*0011000*0111001*1111010*0100001*1100001*0011010*0001100*1000111*1000001*1101100*1100011*1100010*1011010*1111010*0111010*0111010*0111011*1001001*1000001*1111111*0001001*0110001*1000111*1011000*0011010*0000100*1001101*1010001*1001110*1100011*1011111*1111011*1100101*0011111*1000010*1000111*0000110
Re-read 577
+Re-read 577
+Re-read 578
+Re-read 581
+Re-read 583
+Re-read 585
+Re-read 585
+Re-read 585
+Re-read 586
+Re-read 588
+Re-read 589
+Re-read 589
+Re-read 590
+Re-read 590
+Re-read 590
+Re-read 591
+Re-read 591
+Re-read 591
+Re-read 591
+Re-read 592
+Re-read 592

 592 *1011110*0110001*0011010*0110001*0011101*0011011*1100100*0010110*1110111*1110101*0001100*0110110*1111010*1000000*0011010*1001100*1101001*0110110*1101110*0000110*0000000*0100011*0100111*0011000*0010100*0001110*0000001*0001010*1110001*0001011*0101010*1001001*0100011*0110110*0011111*0111001*1000111*0001001*0010010*1100101
Re-read 595
+Re-read 595
+Re-read 598
+Re-read 598
+Re-read 599
+Re-read 599
+Re-read 599
+Re-read 601
+Re-read 602
+Re-read 603
+Re-read 604
+Re-read 606
+Re-read 606
+Re-read 606
+Re-read 607
+Re-read 607
+Re-read 607
+Re-read 609
+Re-read 611
+Re-read 612
+Re-read 612
+Re-read 613
+Re-read 616
+Re-read 616
+Re-read 616
+Re-read 617
+Re-read 617
+Re-read 617
+Re-read 618
+Re-read 618
+Re-read 618
+Re-read 619
+Re-read 620
+Re-read 621
+Re-read 621
+Re-read 622
+Re-read 622
+Re-read 623
+Re-read 623
+Re-read 623
+Re-read 624
+Re-read 626
+Re-read 626
+Re-read 627
+Re-read 627
+Re-read 627
+Re-read 627
+Re-read 628
+Re-read 629
+Re-read 629
+Re-read 630
+Re-read 630
+Re-read 631
+Re-read 631
+Re-read 631

 631 *0101111*0101011*0010111*0000011*1101001*1010111*0101101*0010001*0000010*1010001*1101000*1010010*0001111*1111011*1000001*1010001*0111100*0001101*1111110*1100100*1000001*0101101*1110111*1101111*1101111*1101101*0000011*0011001*0010001*1010110*1100100*1111001*0101101*1011101*1111101*1110100*1001010*0011110*1101011*1100010
Re-read 632
+Re-read 632
+Re-read 633
+Re-read 633
+Re-read 634
+Re-read 635
+Re-read 636
+Re-read 636
+Re-read 637
+Re-read 639
+Re-read 639
+Re-read 640
+Re-read 643
+Re-read 643

 643 *1011000*1101100*1111010*0100110*1110011*1111001*1011110*0000000*0110101*1000110*0111111*1100010*1100111*0010011*0111011*0101010*0011010*0010111*0101000*0100001*1100001*0101110*0000000*0111011*0000001*0101100*0010100*0001101*1110000*0101010*1110011*1000000*0100010*0101000*0010001*0101111*0011011*0000100*0011100*0000111
Re-read 644
+Re-read 644
+Re-read 645
+Re-read 645
+Re-read 645
+Re-read 645
+Re-read 645
+Re-read 646
+Re-read 648
+Re-read 650
+Re-read 651
+Re-read 651
+Re-read 654
+Re-read 654
+Re-read 655
+Re-read 655
+Re-read 656
+Re-read 656
+Re-read 657
+Re-read 657
+Re-read 657
+Re-read 657
+Re-read 657
+Re-read 657
+Re-read 657
+Re-read 658
+Re-read 658
+Re-read 659
+Re-read 659
+Re-read 660
+Re-read 660
+Re-read 662
+Re-read 663
+Re-read 663
+Re-read 663
+Re-read 663
+Re-read 663
+Re-read 664
+Re-read 664
+Re-read 665
+Re-read 666
+Re-read 666
+Re-read 666
+Re-read 666
+Re-read 666
+Re-read 667
+Re-read 668
+Re-read 669
+Re-read 669
+Re-read 669
+Re-read 669
+Re-read 671
+Re-read 671
+Re-read 671
+Re-read 673
+Re-read 673
+Re-read 673
+Re-read 673
+Re-read 673
+Re-read 675
+Re-read 675
+Re-read 675
+Re-read 675
+Re-read 675
+Re-read 675
+Re-read 675
+Re-read 676
+Re-read 676
+Re-read 678
+Re-read 678
+Re-read 679
+Re-read 681
+Re-read 683
+Re-read 683
+Re-read 683

 683 *1010000*1111011*0010011*1000110*0111111*1011100*1001111*0110001*1111110*1111100*1001101*1110001*1001010*1000010*1010001*0111101*1000010*1100101*0001010*1111111*0110110*0010110*1000110*0011101*1110110*0001000*1001101*0110011*0010101*1000011*0110000*1011110*1011111*0110001*0001000*0111110*0000010*1000001*0010010*1101101
Re-read 684
+Re-read 684
+Re-read 684
+Re-read 684
+Re-read 685
+Re-read 687
+Re-read 688
+Re-read 689
+Re-read 689
+Re-read 690
+Re-read 690
+Re-read 690
+Re-read 691
+Re-read 691
+Re-read 692
+Re-read 692
+Re-read 692
+Re-read 692
+Re-read 692
+Re-read 692
+Re-read 692
+Re-read 693
+Re-read 693
+Re-read 693
+Re-read 693
+Re-read 693
+Re-read 693
+Re-read 694
+Re-read 694
+Re-read 694
+Re-read 695
+Re-read 695
+Re-read 695
+Re-read 695

 695 *1111010*0100111*1111011*0101111*0000100*0110111*0101100*0010110*0101111*1010010*1000100*0010111*0110100*1010100*1110011*1110110*1000000*1111001*1001011*0100111*1101100*1100000*1111101*0110110*0011111*0000010*0010011*1000110*0010011*1101000*0101000*0100011*0010110*0010000*0000110*0111111*1100001*1011110*1001000*1110101
Re-read 697
+Re-read 697
+Re-read 697
+Re-read 697
+Re-read 697
+Re-read 697
+Re-read 697
+Re-read 698
+Re-read 698
+Re-read 698
+Re-read 698
+Re-read 698
+Re-read 698
+Re-read 699
+Re-read 699
+Re-read 699
+Re-read 699
+Re-read 699
+Re-read 699
+Re-read 700
+Re-read 700
+Re-read 701
+Re-read 701
+Re-read 701
+Re-read 701
+Re-read 701
+Re-read 701
+Re-read 701
+Re-read 701
+Re-read 701
+Re-read 702
+Re-read 703
+Re-read 703
+Re-read 703
+Re-read 703
+Re-read 703
+Re-read 705
+Re-read 705
+Re-read 705
+Re-read 705
+Re-read 706
+Re-read 706
+Re-read 706
+Re-read 706
+Re-read 706
+Re-read 706
+Re-read 707
+Re-read 708
+Re-read 708
+Re-read 708
+Re-read 708
+Re-read 708
+Re-read 708
+Re-read 708
+Re-read 708
+Re-read 708
+Re-read 708
+Re-read 708
+Re-read 708
+Re-read 709
+Re-read 709
+Re-read 710
+Re-read 711
+Re-read 712
+Re-read 712
